[0.435s] Invoking command in '/home/zeus/ros2_ws/build/yolov8_msgs': CMAKE_PREFIX_PATH=${CMAKE_PREFIX_PATH}:/home/zeus/ros2_ws/install/my_robot_yolo:/opt/ros/iron /usr/bin/cmake --build /home/zeus/ros2_ws/build/yolov8_msgs -- -j12 -l12
[0.509s] [  2%] Built target yolov8_msgs__rosidl_generator_type_description
[0.523s] [  2%] Built target ament_cmake_python_copy_yolov8_msgs
[0.539s] [  4%] Built target yolov8_msgs__cpp
[0.543s] [ 22%] Built target yolov8_msgs__rosidl_generator_c
[0.580s] [ 36%] Built target yolov8_msgs__rosidl_typesupport_cpp
[0.580s] [ 40%] Built target yolov8_msgs__rosidl_typesupport_fastrtps_cpp
[0.581s] [ 50%] Built target yolov8_msgs__rosidl_typesupport_c
[0.585s] [ 59%] Built target yolov8_msgs__rosidl_typesupport_introspection_c
[0.590s] [ 68%] Built target yolov8_msgs__rosidl_typesupport_introspection_cpp
[0.593s] [ 77%] Built target yolov8_msgs__rosidl_typesupport_fastrtps_c
[0.624s] [ 77%] Built target yolov8_msgs
[0.655s] [ 79%] Built target yolov8_msgs__py
[0.689s] [ 86%] Built target yolov8_msgs__rosidl_generator_py
[0.723s] [100%] Built target yolov8_msgs__rosidl_typesupport_fastrtps_c__pyext
[0.723s] [100%] Built target yolov8_msgs__rosidl_typesupport_introspection_c__pyext
[0.724s] [100%] Built target yolov8_msgs__rosidl_typesupport_c__pyext
[0.950s] running egg_info
[0.951s] writing yolov8_msgs.egg-info/PKG-INFO
[0.952s] writing dependency_links to yolov8_msgs.egg-info/dependency_links.txt
[0.952s] writing top-level names to yolov8_msgs.egg-info/top_level.txt
[0.957s] reading manifest file 'yolov8_msgs.egg-info/SOURCES.txt'
[0.957s] writing manifest file 'yolov8_msgs.egg-info/SOURCES.txt'
[0.993s] [100%] Built target ament_cmake_python_build_yolov8_msgs_egg
[1.010s] Invoked command in '/home/zeus/ros2_ws/build/yolov8_msgs' returned '0': CMAKE_PREFIX_PATH=${CMAKE_PREFIX_PATH}:/home/zeus/ros2_ws/install/my_robot_yolo:/opt/ros/iron /usr/bin/cmake --build /home/zeus/ros2_ws/build/yolov8_msgs -- -j12 -l12
[1.165s] Invoking command in '/home/zeus/ros2_ws/build/yolov8_msgs': CMAKE_PREFIX_PATH=${CMAKE_PREFIX_PATH}:/home/zeus/ros2_ws/install/my_robot_yolo:/opt/ros/iron /usr/bin/cmake --install /home/zeus/ros2_ws/build/yolov8_msgs
[1.176s] -- Install configuration: ""
[1.177s] -- Up-to-date: /home/zeus/ros2_ws/install/yolov8_msgs/share/ament_index/resource_index/rosidl_interfaces/yolov8_msgs
[1.177s] -- Up-to-date: /home/zeus/ros2_ws/install/yolov8_msgs/share/yolov8_msgs/msg/InferenceResult.json
[1.177s] -- Up-to-date: /home/zeus/ros2_ws/install/yolov8_msgs/share/yolov8_msgs/msg/Yolov8Inference.json
[1.177s] -- Up-to-date: /home/zeus/ros2_ws/install/yolov8_msgs/include/yolov8_msgs/yolov8_msgs
[1.177s] -- Up-to-date: /home/zeus/ros2_ws/install/yolov8_msgs/include/yolov8_msgs/yolov8_msgs/msg
[1.177s] -- Up-to-date: /home/zeus/ros2_ws/install/yolov8_msgs/include/yolov8_msgs/yolov8_msgs/msg/detail
[1.177s] -- Up-to-date: /home/zeus/ros2_ws/install/yolov8_msgs/include/yolov8_msgs/yolov8_msgs/msg/detail/inference_result__functions.h
[1.178s] -- Up-to-date: /home/zeus/ros2_ws/install/yolov8_msgs/include/yolov8_msgs/yolov8_msgs/msg/detail/yolov8_inference__struct.h
[1.178s] -- Up-to-date: /home/zeus/ros2_ws/install/yolov8_msgs/include/yolov8_msgs/yolov8_msgs/msg/detail/inference_result__struct.h
[1.178s] -- Up-to-date: /home/zeus/ros2_ws/install/yolov8_msgs/include/yolov8_msgs/yolov8_msgs/msg/detail/inference_result__type_support.h
[1.178s] -- Up-to-date: /home/zeus/ros2_ws/install/yolov8_msgs/include/yolov8_msgs/yolov8_msgs/msg/detail/yolov8_inference__type_support.h
[1.178s] -- Up-to-date: /home/zeus/ros2_ws/install/yolov8_msgs/include/yolov8_msgs/yolov8_msgs/msg/detail/yolov8_inference__type_support.c
[1.178s] -- Up-to-date: /home/zeus/ros2_ws/install/yolov8_msgs/include/yolov8_msgs/yolov8_msgs/msg/detail/yolov8_inference__functions.h
[1.178s] -- Up-to-date: /home/zeus/ros2_ws/install/yolov8_msgs/include/yolov8_msgs/yolov8_msgs/msg/detail/yolov8_inference__description.c
[1.178s] -- Up-to-date: /home/zeus/ros2_ws/install/yolov8_msgs/include/yolov8_msgs/yolov8_msgs/msg/detail/inference_result__functions.c
[1.178s] -- Up-to-date: /home/zeus/ros2_ws/install/yolov8_msgs/include/yolov8_msgs/yolov8_msgs/msg/detail/inference_result__description.c
[1.178s] -- Up-to-date: /home/zeus/ros2_ws/install/yolov8_msgs/include/yolov8_msgs/yolov8_msgs/msg/detail/inference_result__type_support.c
[1.179s] -- Up-to-date: /home/zeus/ros2_ws/install/yolov8_msgs/include/yolov8_msgs/yolov8_msgs/msg/detail/yolov8_inference__functions.c
[1.179s] -- Up-to-date: /home/zeus/ros2_ws/install/yolov8_msgs/include/yolov8_msgs/yolov8_msgs/msg/yolov8_inference.h
[1.179s] -- Up-to-date: /home/zeus/ros2_ws/install/yolov8_msgs/include/yolov8_msgs/yolov8_msgs/msg/rosidl_generator_c__visibility_control.h
[1.179s] -- Up-to-date: /home/zeus/ros2_ws/install/yolov8_msgs/include/yolov8_msgs/yolov8_msgs/msg/inference_result.h
[1.179s] -- Up-to-date: /home/zeus/ros2_ws/install/yolov8_msgs/share/yolov8_msgs/environment/library_path.sh
[1.179s] -- Up-to-date: /home/zeus/ros2_ws/install/yolov8_msgs/share/yolov8_msgs/environment/library_path.dsv
[1.179s] -- Up-to-date: /home/zeus/ros2_ws/install/yolov8_msgs/lib/libyolov8_msgs__rosidl_generator_c.so
[1.179s] -- Up-to-date: /home/zeus/ros2_ws/install/yolov8_msgs/include/yolov8_msgs/yolov8_msgs
[1.179s] -- Up-to-date: /home/zeus/ros2_ws/install/yolov8_msgs/include/yolov8_msgs/yolov8_msgs/msg
[1.180s] -- Up-to-date: /home/zeus/ros2_ws/install/yolov8_msgs/include/yolov8_msgs/yolov8_msgs/msg/detail
[1.180s] -- Up-to-date: /home/zeus/ros2_ws/install/yolov8_msgs/include/yolov8_msgs/yolov8_msgs/msg/detail/yolov8_inference__rosidl_typesupport_fastrtps_c.h
[1.180s] -- Up-to-date: /home/zeus/ros2_ws/install/yolov8_msgs/include/yolov8_msgs/yolov8_msgs/msg/detail/inference_result__rosidl_typesupport_fastrtps_c.h
[1.180s] -- Up-to-date: /home/zeus/ros2_ws/install/yolov8_msgs/include/yolov8_msgs/yolov8_msgs/msg/rosidl_typesupport_fastrtps_c__visibility_control.h
[1.180s] -- Up-to-date: /home/zeus/ros2_ws/install/yolov8_msgs/lib/libyolov8_msgs__rosidl_typesupport_fastrtps_c.so
[1.180s] -- Up-to-date: /home/zeus/ros2_ws/install/yolov8_msgs/include/yolov8_msgs/yolov8_msgs
[1.180s] -- Up-to-date: /home/zeus/ros2_ws/install/yolov8_msgs/include/yolov8_msgs/yolov8_msgs/msg
[1.180s] -- Up-to-date: /home/zeus/ros2_ws/install/yolov8_msgs/include/yolov8_msgs/yolov8_msgs/msg/detail
[1.180s] -- Up-to-date: /home/zeus/ros2_ws/install/yolov8_msgs/include/yolov8_msgs/yolov8_msgs/msg/detail/yolov8_inference__traits.hpp
[1.180s] -- Up-to-date: /home/zeus/ros2_ws/install/yolov8_msgs/include/yolov8_msgs/yolov8_msgs/msg/detail/inference_result__struct.hpp
[1.180s] -- Up-to-date: /home/zeus/ros2_ws/install/yolov8_msgs/include/yolov8_msgs/yolov8_msgs/msg/detail/yolov8_inference__builder.hpp
[1.181s] -- Up-to-date: /home/zeus/ros2_ws/install/yolov8_msgs/include/yolov8_msgs/yolov8_msgs/msg/detail/inference_result__traits.hpp
[1.181s] -- Up-to-date: /home/zeus/ros2_ws/install/yolov8_msgs/include/yolov8_msgs/yolov8_msgs/msg/detail/inference_result__builder.hpp
[1.181s] -- Up-to-date: /home/zeus/ros2_ws/install/yolov8_msgs/include/yolov8_msgs/yolov8_msgs/msg/detail/yolov8_inference__struct.hpp
[1.181s] -- Up-to-date: /home/zeus/ros2_ws/install/yolov8_msgs/include/yolov8_msgs/yolov8_msgs/msg/yolov8_inference.hpp
[1.181s] -- Up-to-date: /home/zeus/ros2_ws/install/yolov8_msgs/include/yolov8_msgs/yolov8_msgs/msg/inference_result.hpp
[1.181s] -- Up-to-date: /home/zeus/ros2_ws/install/yolov8_msgs/include/yolov8_msgs/yolov8_msgs
[1.181s] -- Up-to-date: /home/zeus/ros2_ws/install/yolov8_msgs/include/yolov8_msgs/yolov8_msgs/msg
[1.181s] -- Up-to-date: /home/zeus/ros2_ws/install/yolov8_msgs/include/yolov8_msgs/yolov8_msgs/msg/detail
[1.181s] -- Up-to-date: /home/zeus/ros2_ws/install/yolov8_msgs/include/yolov8_msgs/yolov8_msgs/msg/detail/yolov8_inference__rosidl_typesupport_fastrtps_cpp.hpp
[1.182s] -- Up-to-date: /home/zeus/ros2_ws/install/yolov8_msgs/include/yolov8_msgs/yolov8_msgs/msg/detail/inference_result__rosidl_typesupport_fastrtps_cpp.hpp
[1.182s] -- Up-to-date: /home/zeus/ros2_ws/install/yolov8_msgs/include/yolov8_msgs/yolov8_msgs/msg/detail/dds_fastrtps
[1.182s] -- Up-to-date: /home/zeus/ros2_ws/install/yolov8_msgs/include/yolov8_msgs/yolov8_msgs/msg/rosidl_typesupport_fastrtps_cpp__visibility_control.h
[1.182s] -- Up-to-date: /home/zeus/ros2_ws/install/yolov8_msgs/lib/libyolov8_msgs__rosidl_typesupport_fastrtps_cpp.so
[1.182s] -- Up-to-date: /home/zeus/ros2_ws/install/yolov8_msgs/include/yolov8_msgs/yolov8_msgs
[1.182s] -- Up-to-date: /home/zeus/ros2_ws/install/yolov8_msgs/include/yolov8_msgs/yolov8_msgs/msg
[1.182s] -- Up-to-date: /home/zeus/ros2_ws/install/yolov8_msgs/include/yolov8_msgs/yolov8_msgs/msg/rosidl_typesupport_introspection_c__visibility_control.h
[1.182s] -- Up-to-date: /home/zeus/ros2_ws/install/yolov8_msgs/include/yolov8_msgs/yolov8_msgs/msg/detail
[1.182s] -- Up-to-date: /home/zeus/ros2_ws/install/yolov8_msgs/include/yolov8_msgs/yolov8_msgs/msg/detail/inference_result__rosidl_typesupport_introspection_c.h
[1.182s] -- Up-to-date: /home/zeus/ros2_ws/install/yolov8_msgs/include/yolov8_msgs/yolov8_msgs/msg/detail/yolov8_inference__type_support.c
[1.183s] -- Up-to-date: /home/zeus/ros2_ws/install/yolov8_msgs/include/yolov8_msgs/yolov8_msgs/msg/detail/yolov8_inference__rosidl_typesupport_introspection_c.h
[1.183s] -- Up-to-date: /home/zeus/ros2_ws/install/yolov8_msgs/include/yolov8_msgs/yolov8_msgs/msg/detail/inference_result__type_support.c
[1.183s] -- Up-to-date: /home/zeus/ros2_ws/install/yolov8_msgs/lib/libyolov8_msgs__rosidl_typesupport_introspection_c.so
[1.183s] -- Up-to-date: /home/zeus/ros2_ws/install/yolov8_msgs/lib/libyolov8_msgs__rosidl_typesupport_c.so
[1.183s] -- Up-to-date: /home/zeus/ros2_ws/install/yolov8_msgs/include/yolov8_msgs/yolov8_msgs
[1.184s] -- Up-to-date: /home/zeus/ros2_ws/install/yolov8_msgs/include/yolov8_msgs/yolov8_msgs/msg
[1.184s] -- Up-to-date: /home/zeus/ros2_ws/install/yolov8_msgs/include/yolov8_msgs/yolov8_msgs/msg/detail
[1.184s] -- Up-to-date: /home/zeus/ros2_ws/install/yolov8_msgs/include/yolov8_msgs/yolov8_msgs/msg/detail/yolov8_inference__type_support.cpp
[1.184s] -- Up-to-date: /home/zeus/ros2_ws/install/yolov8_msgs/include/yolov8_msgs/yolov8_msgs/msg/detail/inference_result__type_support.cpp
[1.184s] -- Up-to-date: /home/zeus/ros2_ws/install/yolov8_msgs/include/yolov8_msgs/yolov8_msgs/msg/detail/yolov8_inference__rosidl_typesupport_introspection_cpp.hpp
[1.185s] -- Up-to-date: /home/zeus/ros2_ws/install/yolov8_msgs/include/yolov8_msgs/yolov8_msgs/msg/detail/inference_result__rosidl_typesupport_introspection_cpp.hpp
[1.185s] -- Up-to-date: /home/zeus/ros2_ws/install/yolov8_msgs/lib/libyolov8_msgs__rosidl_typesupport_introspection_cpp.so
[1.185s] -- Up-to-date: /home/zeus/ros2_ws/install/yolov8_msgs/lib/libyolov8_msgs__rosidl_typesupport_cpp.so
[1.185s] -- Up-to-date: /home/zeus/ros2_ws/install/yolov8_msgs/share/yolov8_msgs/environment/pythonpath.sh
[1.185s] -- Up-to-date: /home/zeus/ros2_ws/install/yolov8_msgs/share/yolov8_msgs/environment/pythonpath.dsv
[1.186s] -- Up-to-date: /home/zeus/ros2_ws/install/yolov8_msgs/lib/python3.10/site-packages/yolov8_msgs-1.0.0-py3.10.egg-info
[1.186s] -- Installing: /home/zeus/ros2_ws/install/yolov8_msgs/lib/python3.10/site-packages/yolov8_msgs-1.0.0-py3.10.egg-info/PKG-INFO
[1.186s] -- Installing: /home/zeus/ros2_ws/install/yolov8_msgs/lib/python3.10/site-packages/yolov8_msgs-1.0.0-py3.10.egg-info/dependency_links.txt
[1.186s] -- Installing: /home/zeus/ros2_ws/install/yolov8_msgs/lib/python3.10/site-packages/yolov8_msgs-1.0.0-py3.10.egg-info/top_level.txt
[1.186s] -- Installing: /home/zeus/ros2_ws/install/yolov8_msgs/lib/python3.10/site-packages/yolov8_msgs-1.0.0-py3.10.egg-info/SOURCES.txt
[1.187s] -- Up-to-date: /home/zeus/ros2_ws/install/yolov8_msgs/lib/python3.10/site-packages/yolov8_msgs
[1.187s] -- Up-to-date: /home/zeus/ros2_ws/install/yolov8_msgs/lib/python3.10/site-packages/yolov8_msgs/__init__.py
[1.187s] -- Up-to-date: /home/zeus/ros2_ws/install/yolov8_msgs/lib/python3.10/site-packages/yolov8_msgs/yolov8_msgs_s__rosidl_typesupport_introspection_c.cpython-310-x86_64-linux-gnu.so
[1.187s] -- Up-to-date: /home/zeus/ros2_ws/install/yolov8_msgs/lib/python3.10/site-packages/yolov8_msgs/yolov8_msgs_s__rosidl_typesupport_fastrtps_c.cpython-310-x86_64-linux-gnu.so
[1.187s] -- Up-to-date: /home/zeus/ros2_ws/install/yolov8_msgs/lib/python3.10/site-packages/yolov8_msgs/libyolov8_msgs__rosidl_generator_py.so
[1.187s] -- Up-to-date: /home/zeus/ros2_ws/install/yolov8_msgs/lib/python3.10/site-packages/yolov8_msgs/_yolov8_msgs_s.ep.rosidl_typesupport_fastrtps_c.c
[1.188s] -- Up-to-date: /home/zeus/ros2_ws/install/yolov8_msgs/lib/python3.10/site-packages/yolov8_msgs/_yolov8_msgs_s.ep.rosidl_typesupport_c.c
[1.188s] -- Up-to-date: /home/zeus/ros2_ws/install/yolov8_msgs/lib/python3.10/site-packages/yolov8_msgs/_yolov8_msgs_s.ep.rosidl_typesupport_introspection_c.c
[1.188s] -- Up-to-date: /home/zeus/ros2_ws/install/yolov8_msgs/lib/python3.10/site-packages/yolov8_msgs/yolov8_msgs_s__rosidl_typesupport_c.cpython-310-x86_64-linux-gnu.so
[1.188s] -- Up-to-date: /home/zeus/ros2_ws/install/yolov8_msgs/lib/python3.10/site-packages/yolov8_msgs/msg
[1.188s] -- Up-to-date: /home/zeus/ros2_ws/install/yolov8_msgs/lib/python3.10/site-packages/yolov8_msgs/msg/_yolov8_inference.py
[1.188s] -- Up-to-date: /home/zeus/ros2_ws/install/yolov8_msgs/lib/python3.10/site-packages/yolov8_msgs/msg/__init__.py
[1.188s] -- Up-to-date: /home/zeus/ros2_ws/install/yolov8_msgs/lib/python3.10/site-packages/yolov8_msgs/msg/_yolov8_inference_s.c
[1.189s] -- Up-to-date: /home/zeus/ros2_ws/install/yolov8_msgs/lib/python3.10/site-packages/yolov8_msgs/msg/_inference_result.py
[1.189s] -- Up-to-date: /home/zeus/ros2_ws/install/yolov8_msgs/lib/python3.10/site-packages/yolov8_msgs/msg/_inference_result_s.c
[1.233s] Listing '/home/zeus/ros2_ws/install/yolov8_msgs/lib/python3.10/site-packages/yolov8_msgs'...
[1.233s] Listing '/home/zeus/ros2_ws/install/yolov8_msgs/lib/python3.10/site-packages/yolov8_msgs/msg'...
[1.239s] -- Up-to-date: /home/zeus/ros2_ws/install/yolov8_msgs/lib/python3.10/site-packages/yolov8_msgs/yolov8_msgs_s__rosidl_typesupport_fastrtps_c.cpython-310-x86_64-linux-gnu.so
[1.240s] -- Up-to-date: /home/zeus/ros2_ws/install/yolov8_msgs/lib/python3.10/site-packages/yolov8_msgs/yolov8_msgs_s__rosidl_typesupport_introspection_c.cpython-310-x86_64-linux-gnu.so
[1.240s] -- Up-to-date: /home/zeus/ros2_ws/install/yolov8_msgs/lib/python3.10/site-packages/yolov8_msgs/yolov8_msgs_s__rosidl_typesupport_c.cpython-310-x86_64-linux-gnu.so
[1.241s] -- Up-to-date: /home/zeus/ros2_ws/install/yolov8_msgs/lib/libyolov8_msgs__rosidl_generator_py.so
[1.241s] -- Up-to-date: /home/zeus/ros2_ws/install/yolov8_msgs/share/yolov8_msgs/msg/InferenceResult.idl
[1.241s] -- Up-to-date: /home/zeus/ros2_ws/install/yolov8_msgs/share/yolov8_msgs/msg/Yolov8Inference.idl
[1.242s] -- Up-to-date: /home/zeus/ros2_ws/install/yolov8_msgs/share/yolov8_msgs/msg/InferenceResult.msg
[1.242s] -- Up-to-date: /home/zeus/ros2_ws/install/yolov8_msgs/share/yolov8_msgs/msg/Yolov8Inference.msg
[1.242s] -- Up-to-date: /home/zeus/ros2_ws/install/yolov8_msgs/share/ament_index/resource_index/package_run_dependencies/yolov8_msgs
[1.242s] -- Up-to-date: /home/zeus/ros2_ws/install/yolov8_msgs/share/ament_index/resource_index/parent_prefix_path/yolov8_msgs
[1.242s] -- Up-to-date: /home/zeus/ros2_ws/install/yolov8_msgs/share/yolov8_msgs/environment/ament_prefix_path.sh
[1.243s] -- Up-to-date: /home/zeus/ros2_ws/install/yolov8_msgs/share/yolov8_msgs/environment/ament_prefix_path.dsv
[1.243s] -- Up-to-date: /home/zeus/ros2_ws/install/yolov8_msgs/share/yolov8_msgs/environment/path.sh
[1.243s] -- Up-to-date: /home/zeus/ros2_ws/install/yolov8_msgs/share/yolov8_msgs/environment/path.dsv
[1.243s] -- Up-to-date: /home/zeus/ros2_ws/install/yolov8_msgs/share/yolov8_msgs/local_setup.bash
[1.243s] -- Up-to-date: /home/zeus/ros2_ws/install/yolov8_msgs/share/yolov8_msgs/local_setup.sh
[1.243s] -- Up-to-date: /home/zeus/ros2_ws/install/yolov8_msgs/share/yolov8_msgs/local_setup.zsh
[1.243s] -- Up-to-date: /home/zeus/ros2_ws/install/yolov8_msgs/share/yolov8_msgs/local_setup.dsv
[1.244s] -- Installing: /home/zeus/ros2_ws/install/yolov8_msgs/share/yolov8_msgs/package.dsv
[1.244s] -- Up-to-date: /home/zeus/ros2_ws/install/yolov8_msgs/share/ament_index/resource_index/packages/yolov8_msgs
[1.244s] -- Up-to-date: /home/zeus/ros2_ws/install/yolov8_msgs/share/yolov8_msgs/cmake/export_yolov8_msgs__rosidl_generator_cExport.cmake
[1.244s] -- Up-to-date: /home/zeus/ros2_ws/install/yolov8_msgs/share/yolov8_msgs/cmake/export_yolov8_msgs__rosidl_generator_cExport-noconfig.cmake
[1.244s] -- Up-to-date: /home/zeus/ros2_ws/install/yolov8_msgs/share/yolov8_msgs/cmake/export_yolov8_msgs__rosidl_typesupport_fastrtps_cExport.cmake
[1.245s] -- Up-to-date: /home/zeus/ros2_ws/install/yolov8_msgs/share/yolov8_msgs/cmake/export_yolov8_msgs__rosidl_typesupport_fastrtps_cExport-noconfig.cmake
[1.245s] -- Up-to-date: /home/zeus/ros2_ws/install/yolov8_msgs/share/yolov8_msgs/cmake/export_yolov8_msgs__rosidl_generator_cppExport.cmake
[1.245s] -- Up-to-date: /home/zeus/ros2_ws/install/yolov8_msgs/share/yolov8_msgs/cmake/export_yolov8_msgs__rosidl_typesupport_fastrtps_cppExport.cmake
[1.245s] -- Up-to-date: /home/zeus/ros2_ws/install/yolov8_msgs/share/yolov8_msgs/cmake/export_yolov8_msgs__rosidl_typesupport_fastrtps_cppExport-noconfig.cmake
[1.245s] -- Up-to-date: /home/zeus/ros2_ws/install/yolov8_msgs/share/yolov8_msgs/cmake/yolov8_msgs__rosidl_typesupport_introspection_cExport.cmake
[1.245s] -- Up-to-date: /home/zeus/ros2_ws/install/yolov8_msgs/share/yolov8_msgs/cmake/yolov8_msgs__rosidl_typesupport_introspection_cExport-noconfig.cmake
[1.246s] -- Up-to-date: /home/zeus/ros2_ws/install/yolov8_msgs/share/yolov8_msgs/cmake/yolov8_msgs__rosidl_typesupport_cExport.cmake
[1.246s] -- Up-to-date: /home/zeus/ros2_ws/install/yolov8_msgs/share/yolov8_msgs/cmake/yolov8_msgs__rosidl_typesupport_cExport-noconfig.cmake
[1.246s] -- Up-to-date: /home/zeus/ros2_ws/install/yolov8_msgs/share/yolov8_msgs/cmake/yolov8_msgs__rosidl_typesupport_introspection_cppExport.cmake
[1.246s] -- Up-to-date: /home/zeus/ros2_ws/install/yolov8_msgs/share/yolov8_msgs/cmake/yolov8_msgs__rosidl_typesupport_introspection_cppExport-noconfig.cmake
[1.246s] -- Up-to-date: /home/zeus/ros2_ws/install/yolov8_msgs/share/yolov8_msgs/cmake/yolov8_msgs__rosidl_typesupport_cppExport.cmake
[1.246s] -- Up-to-date: /home/zeus/ros2_ws/install/yolov8_msgs/share/yolov8_msgs/cmake/yolov8_msgs__rosidl_typesupport_cppExport-noconfig.cmake
[1.246s] -- Up-to-date: /home/zeus/ros2_ws/install/yolov8_msgs/share/yolov8_msgs/cmake/export_yolov8_msgs__rosidl_generator_pyExport.cmake
[1.246s] -- Up-to-date: /home/zeus/ros2_ws/install/yolov8_msgs/share/yolov8_msgs/cmake/export_yolov8_msgs__rosidl_generator_pyExport-noconfig.cmake
[1.247s] -- Up-to-date: /home/zeus/ros2_ws/install/yolov8_msgs/share/yolov8_msgs/cmake/rosidl_cmake-extras.cmake
[1.247s] -- Up-to-date: /home/zeus/ros2_ws/install/yolov8_msgs/share/yolov8_msgs/cmake/ament_cmake_export_dependencies-extras.cmake
[1.247s] -- Up-to-date: /home/zeus/ros2_ws/install/yolov8_msgs/share/yolov8_msgs/cmake/ament_cmake_export_include_directories-extras.cmake
[1.247s] -- Up-to-date: /home/zeus/ros2_ws/install/yolov8_msgs/share/yolov8_msgs/cmake/ament_cmake_export_libraries-extras.cmake
[1.247s] -- Up-to-date: /home/zeus/ros2_ws/install/yolov8_msgs/share/yolov8_msgs/cmake/ament_cmake_export_targets-extras.cmake
[1.247s] -- Up-to-date: /home/zeus/ros2_ws/install/yolov8_msgs/share/yolov8_msgs/cmake/rosidl_cmake_export_typesupport_targets-extras.cmake
[1.247s] -- Up-to-date: /home/zeus/ros2_ws/install/yolov8_msgs/share/yolov8_msgs/cmake/rosidl_cmake_export_typesupport_libraries-extras.cmake
[1.247s] -- Up-to-date: /home/zeus/ros2_ws/install/yolov8_msgs/share/yolov8_msgs/cmake/yolov8_msgsConfig.cmake
[1.247s] -- Up-to-date: /home/zeus/ros2_ws/install/yolov8_msgs/share/yolov8_msgs/cmake/yolov8_msgsConfig-version.cmake
[1.248s] -- Up-to-date: /home/zeus/ros2_ws/install/yolov8_msgs/share/yolov8_msgs/package.xml
[1.249s] Invoked command in '/home/zeus/ros2_ws/build/yolov8_msgs' returned '0': CMAKE_PREFIX_PATH=${CMAKE_PREFIX_PATH}:/home/zeus/ros2_ws/install/my_robot_yolo:/opt/ros/iron /usr/bin/cmake --install /home/zeus/ros2_ws/build/yolov8_msgs
