[0.442s] Invoking command in '/home/zeus/ros2_ws/build/yolov8_msgs': CMAKE_PREFIX_PATH=${CMAKE_PREFIX_PATH}:/home/zeus/ros2_ws/install/my_robot_yolo:/opt/ros/iron /usr/bin/cmake --build /home/zeus/ros2_ws/build/yolov8_msgs -- -j12 -l12
[0.520s] [  2%] Built target yolov8_msgs__rosidl_generator_type_description
[0.540s] [  2%] Built target ament_cmake_python_copy_yolov8_msgs
[0.556s] [  4%] Built target yolov8_msgs__cpp
[0.565s] [ 22%] Built target yolov8_msgs__rosidl_generator_c
[0.607s] [ 31%] Built target yolov8_msgs__rosidl_typesupport_c
[0.609s] [ 40%] Built target yolov8_msgs__rosidl_typesupport_fastrtps_c
[0.610s] [ 50%] Built target yolov8_msgs__rosidl_typesupport_cpp
[0.613s] [ 59%] Built target yolov8_msgs__rosidl_typesupport_introspection_c
[0.614s] [ 68%] Built target yolov8_msgs__rosidl_typesupport_fastrtps_cpp
[0.617s] [ 77%] Built target yolov8_msgs__rosidl_typesupport_introspection_cpp
[0.649s] [ 77%] Built target yolov8_msgs
[0.680s] [ 79%] Built target yolov8_msgs__py
[0.718s] [ 86%] Built target yolov8_msgs__rosidl_generator_py
[0.753s] [ 90%] Built target yolov8_msgs__rosidl_typesupport_introspection_c__pyext
[0.754s] [ 95%] Built target yolov8_msgs__rosidl_typesupport_c__pyext
[0.755s] [100%] Built target yolov8_msgs__rosidl_typesupport_fastrtps_c__pyext
[1.015s] running egg_info
[1.016s] writing yolov8_msgs.egg-info/PKG-INFO
[1.016s] writing dependency_links to yolov8_msgs.egg-info/dependency_links.txt
[1.016s] writing top-level names to yolov8_msgs.egg-info/top_level.txt
[1.021s] reading manifest file 'yolov8_msgs.egg-info/SOURCES.txt'
[1.022s] writing manifest file 'yolov8_msgs.egg-info/SOURCES.txt'
[1.063s] [100%] Built target ament_cmake_python_build_yolov8_msgs_egg
[1.082s] Invoked command in '/home/zeus/ros2_ws/build/yolov8_msgs' returned '0': CMAKE_PREFIX_PATH=${CMAKE_PREFIX_PATH}:/home/zeus/ros2_ws/install/my_robot_yolo:/opt/ros/iron /usr/bin/cmake --build /home/zeus/ros2_ws/build/yolov8_msgs -- -j12 -l12
[1.246s] Invoking command in '/home/zeus/ros2_ws/build/yolov8_msgs': CMAKE_PREFIX_PATH=${CMAKE_PREFIX_PATH}:/home/zeus/ros2_ws/install/my_robot_yolo:/opt/ros/iron /usr/bin/cmake --install /home/zeus/ros2_ws/build/yolov8_msgs
[1.258s] -- Install configuration: ""
[1.259s] -- Up-to-date: /home/zeus/ros2_ws/install/yolov8_msgs/share/ament_index/resource_index/rosidl_interfaces/yolov8_msgs
[1.259s] -- Up-to-date: /home/zeus/ros2_ws/install/yolov8_msgs/share/yolov8_msgs/msg/InferenceResult.json
[1.260s] -- Up-to-date: /home/zeus/ros2_ws/install/yolov8_msgs/share/yolov8_msgs/msg/Yolov8Inference.json
[1.260s] -- Up-to-date: /home/zeus/ros2_ws/install/yolov8_msgs/include/yolov8_msgs/yolov8_msgs
[1.260s] -- Up-to-date: /home/zeus/ros2_ws/install/yolov8_msgs/include/yolov8_msgs/yolov8_msgs/msg
[1.260s] -- Up-to-date: /home/zeus/ros2_ws/install/yolov8_msgs/include/yolov8_msgs/yolov8_msgs/msg/detail
[1.260s] -- Up-to-date: /home/zeus/ros2_ws/install/yolov8_msgs/include/yolov8_msgs/yolov8_msgs/msg/detail/inference_result__functions.h
[1.261s] -- Up-to-date: /home/zeus/ros2_ws/install/yolov8_msgs/include/yolov8_msgs/yolov8_msgs/msg/detail/yolov8_inference__struct.h
[1.261s] -- Up-to-date: /home/zeus/ros2_ws/install/yolov8_msgs/include/yolov8_msgs/yolov8_msgs/msg/detail/inference_result__struct.h
[1.261s] -- Up-to-date: /home/zeus/ros2_ws/install/yolov8_msgs/include/yolov8_msgs/yolov8_msgs/msg/detail/inference_result__type_support.h
[1.261s] -- Up-to-date: /home/zeus/ros2_ws/install/yolov8_msgs/include/yolov8_msgs/yolov8_msgs/msg/detail/yolov8_inference__type_support.h
[1.262s] -- Up-to-date: /home/zeus/ros2_ws/install/yolov8_msgs/include/yolov8_msgs/yolov8_msgs/msg/detail/yolov8_inference__type_support.c
[1.262s] -- Up-to-date: /home/zeus/ros2_ws/install/yolov8_msgs/include/yolov8_msgs/yolov8_msgs/msg/detail/yolov8_inference__functions.h
[1.262s] -- Up-to-date: /home/zeus/ros2_ws/install/yolov8_msgs/include/yolov8_msgs/yolov8_msgs/msg/detail/yolov8_inference__description.c
[1.263s] -- Up-to-date: /home/zeus/ros2_ws/install/yolov8_msgs/include/yolov8_msgs/yolov8_msgs/msg/detail/inference_result__functions.c
[1.263s] -- Up-to-date: /home/zeus/ros2_ws/install/yolov8_msgs/include/yolov8_msgs/yolov8_msgs/msg/detail/inference_result__description.c
[1.263s] -- Up-to-date: /home/zeus/ros2_ws/install/yolov8_msgs/include/yolov8_msgs/yolov8_msgs/msg/detail/inference_result__type_support.c
[1.263s] -- Up-to-date: /home/zeus/ros2_ws/install/yolov8_msgs/include/yolov8_msgs/yolov8_msgs/msg/detail/yolov8_inference__functions.c
[1.263s] -- Up-to-date: /home/zeus/ros2_ws/install/yolov8_msgs/include/yolov8_msgs/yolov8_msgs/msg/yolov8_inference.h
[1.264s] -- Up-to-date: /home/zeus/ros2_ws/install/yolov8_msgs/include/yolov8_msgs/yolov8_msgs/msg/rosidl_generator_c__visibility_control.h
[1.264s] -- Up-to-date: /home/zeus/ros2_ws/install/yolov8_msgs/include/yolov8_msgs/yolov8_msgs/msg/inference_result.h
[1.264s] -- Up-to-date: /home/zeus/ros2_ws/install/yolov8_msgs/share/yolov8_msgs/environment/library_path.sh
[1.264s] -- Up-to-date: /home/zeus/ros2_ws/install/yolov8_msgs/share/yolov8_msgs/environment/library_path.dsv
[1.265s] -- Up-to-date: /home/zeus/ros2_ws/install/yolov8_msgs/lib/libyolov8_msgs__rosidl_generator_c.so
[1.265s] -- Up-to-date: /home/zeus/ros2_ws/install/yolov8_msgs/include/yolov8_msgs/yolov8_msgs
[1.265s] -- Up-to-date: /home/zeus/ros2_ws/install/yolov8_msgs/include/yolov8_msgs/yolov8_msgs/msg
[1.266s] -- Up-to-date: /home/zeus/ros2_ws/install/yolov8_msgs/include/yolov8_msgs/yolov8_msgs/msg/detail
[1.266s] -- Up-to-date: /home/zeus/ros2_ws/install/yolov8_msgs/include/yolov8_msgs/yolov8_msgs/msg/detail/yolov8_inference__rosidl_typesupport_fastrtps_c.h
[1.266s] -- Up-to-date: /home/zeus/ros2_ws/install/yolov8_msgs/include/yolov8_msgs/yolov8_msgs/msg/detail/inference_result__rosidl_typesupport_fastrtps_c.h
[1.266s] -- Up-to-date: /home/zeus/ros2_ws/install/yolov8_msgs/include/yolov8_msgs/yolov8_msgs/msg/rosidl_typesupport_fastrtps_c__visibility_control.h
[1.266s] -- Up-to-date: /home/zeus/ros2_ws/install/yolov8_msgs/lib/libyolov8_msgs__rosidl_typesupport_fastrtps_c.so
[1.267s] -- Up-to-date: /home/zeus/ros2_ws/install/yolov8_msgs/include/yolov8_msgs/yolov8_msgs
[1.267s] -- Up-to-date: /home/zeus/ros2_ws/install/yolov8_msgs/include/yolov8_msgs/yolov8_msgs/msg
[1.267s] -- Up-to-date: /home/zeus/ros2_ws/install/yolov8_msgs/include/yolov8_msgs/yolov8_msgs/msg/detail
[1.267s] -- Up-to-date: /home/zeus/ros2_ws/install/yolov8_msgs/include/yolov8_msgs/yolov8_msgs/msg/detail/yolov8_inference__traits.hpp
[1.267s] -- Up-to-date: /home/zeus/ros2_ws/install/yolov8_msgs/include/yolov8_msgs/yolov8_msgs/msg/detail/inference_result__struct.hpp
[1.268s] -- Up-to-date: /home/zeus/ros2_ws/install/yolov8_msgs/include/yolov8_msgs/yolov8_msgs/msg/detail/yolov8_inference__builder.hpp
[1.268s] -- Up-to-date: /home/zeus/ros2_ws/install/yolov8_msgs/include/yolov8_msgs/yolov8_msgs/msg/detail/inference_result__traits.hpp
[1.268s] -- Up-to-date: /home/zeus/ros2_ws/install/yolov8_msgs/include/yolov8_msgs/yolov8_msgs/msg/detail/inference_result__builder.hpp
[1.268s] -- Up-to-date: /home/zeus/ros2_ws/install/yolov8_msgs/include/yolov8_msgs/yolov8_msgs/msg/detail/yolov8_inference__struct.hpp
[1.269s] -- Up-to-date: /home/zeus/ros2_ws/install/yolov8_msgs/include/yolov8_msgs/yolov8_msgs/msg/yolov8_inference.hpp
[1.269s] -- Up-to-date: /home/zeus/ros2_ws/install/yolov8_msgs/include/yolov8_msgs/yolov8_msgs/msg/inference_result.hpp
[1.269s] -- Up-to-date: /home/zeus/ros2_ws/install/yolov8_msgs/include/yolov8_msgs/yolov8_msgs
[1.269s] -- Up-to-date: /home/zeus/ros2_ws/install/yolov8_msgs/include/yolov8_msgs/yolov8_msgs/msg
[1.270s] -- Up-to-date: /home/zeus/ros2_ws/install/yolov8_msgs/include/yolov8_msgs/yolov8_msgs/msg/detail
[1.270s] -- Up-to-date: /home/zeus/ros2_ws/install/yolov8_msgs/include/yolov8_msgs/yolov8_msgs/msg/detail/yolov8_inference__rosidl_typesupport_fastrtps_cpp.hpp
[1.270s] -- Up-to-date: /home/zeus/ros2_ws/install/yolov8_msgs/include/yolov8_msgs/yolov8_msgs/msg/detail/inference_result__rosidl_typesupport_fastrtps_cpp.hpp
[1.270s] -- Up-to-date: /home/zeus/ros2_ws/install/yolov8_msgs/include/yolov8_msgs/yolov8_msgs/msg/detail/dds_fastrtps
[1.270s] -- Up-to-date: /home/zeus/ros2_ws/install/yolov8_msgs/include/yolov8_msgs/yolov8_msgs/msg/rosidl_typesupport_fastrtps_cpp__visibility_control.h
[1.271s] -- Up-to-date: /home/zeus/ros2_ws/install/yolov8_msgs/lib/libyolov8_msgs__rosidl_typesupport_fastrtps_cpp.so
[1.271s] -- Up-to-date: /home/zeus/ros2_ws/install/yolov8_msgs/include/yolov8_msgs/yolov8_msgs
[1.271s] -- Up-to-date: /home/zeus/ros2_ws/install/yolov8_msgs/include/yolov8_msgs/yolov8_msgs/msg
[1.271s] -- Up-to-date: /home/zeus/ros2_ws/install/yolov8_msgs/include/yolov8_msgs/yolov8_msgs/msg/rosidl_typesupport_introspection_c__visibility_control.h
[1.271s] -- Up-to-date: /home/zeus/ros2_ws/install/yolov8_msgs/include/yolov8_msgs/yolov8_msgs/msg/detail
[1.272s] -- Up-to-date: /home/zeus/ros2_ws/install/yolov8_msgs/include/yolov8_msgs/yolov8_msgs/msg/detail/inference_result__rosidl_typesupport_introspection_c.h
[1.272s] -- Up-to-date: /home/zeus/ros2_ws/install/yolov8_msgs/include/yolov8_msgs/yolov8_msgs/msg/detail/yolov8_inference__type_support.c
[1.272s] -- Up-to-date: /home/zeus/ros2_ws/install/yolov8_msgs/include/yolov8_msgs/yolov8_msgs/msg/detail/yolov8_inference__rosidl_typesupport_introspection_c.h
[1.272s] -- Up-to-date: /home/zeus/ros2_ws/install/yolov8_msgs/include/yolov8_msgs/yolov8_msgs/msg/detail/inference_result__type_support.c
[1.272s] -- Up-to-date: /home/zeus/ros2_ws/install/yolov8_msgs/lib/libyolov8_msgs__rosidl_typesupport_introspection_c.so
[1.273s] -- Up-to-date: /home/zeus/ros2_ws/install/yolov8_msgs/lib/libyolov8_msgs__rosidl_typesupport_c.so
[1.273s] -- Up-to-date: /home/zeus/ros2_ws/install/yolov8_msgs/include/yolov8_msgs/yolov8_msgs
[1.273s] -- Up-to-date: /home/zeus/ros2_ws/install/yolov8_msgs/include/yolov8_msgs/yolov8_msgs/msg
[1.273s] -- Up-to-date: /home/zeus/ros2_ws/install/yolov8_msgs/include/yolov8_msgs/yolov8_msgs/msg/detail
[1.273s] -- Up-to-date: /home/zeus/ros2_ws/install/yolov8_msgs/include/yolov8_msgs/yolov8_msgs/msg/detail/yolov8_inference__type_support.cpp
[1.273s] -- Up-to-date: /home/zeus/ros2_ws/install/yolov8_msgs/include/yolov8_msgs/yolov8_msgs/msg/detail/inference_result__type_support.cpp
[1.274s] -- Up-to-date: /home/zeus/ros2_ws/install/yolov8_msgs/include/yolov8_msgs/yolov8_msgs/msg/detail/yolov8_inference__rosidl_typesupport_introspection_cpp.hpp
[1.274s] -- Up-to-date: /home/zeus/ros2_ws/install/yolov8_msgs/include/yolov8_msgs/yolov8_msgs/msg/detail/inference_result__rosidl_typesupport_introspection_cpp.hpp
[1.274s] -- Up-to-date: /home/zeus/ros2_ws/install/yolov8_msgs/lib/libyolov8_msgs__rosidl_typesupport_introspection_cpp.so
[1.274s] -- Up-to-date: /home/zeus/ros2_ws/install/yolov8_msgs/lib/libyolov8_msgs__rosidl_typesupport_cpp.so
[1.274s] -- Up-to-date: /home/zeus/ros2_ws/install/yolov8_msgs/share/yolov8_msgs/environment/pythonpath.sh
[1.275s] -- Up-to-date: /home/zeus/ros2_ws/install/yolov8_msgs/share/yolov8_msgs/environment/pythonpath.dsv
[1.275s] -- Up-to-date: /home/zeus/ros2_ws/install/yolov8_msgs/lib/python3.10/site-packages/yolov8_msgs-1.0.0-py3.10.egg-info
[1.275s] -- Installing: /home/zeus/ros2_ws/install/yolov8_msgs/lib/python3.10/site-packages/yolov8_msgs-1.0.0-py3.10.egg-info/PKG-INFO
[1.275s] -- Installing: /home/zeus/ros2_ws/install/yolov8_msgs/lib/python3.10/site-packages/yolov8_msgs-1.0.0-py3.10.egg-info/dependency_links.txt
[1.275s] -- Installing: /home/zeus/ros2_ws/install/yolov8_msgs/lib/python3.10/site-packages/yolov8_msgs-1.0.0-py3.10.egg-info/top_level.txt
[1.276s] -- Installing: /home/zeus/ros2_ws/install/yolov8_msgs/lib/python3.10/site-packages/yolov8_msgs-1.0.0-py3.10.egg-info/SOURCES.txt
[1.276s] -- Up-to-date: /home/zeus/ros2_ws/install/yolov8_msgs/lib/python3.10/site-packages/yolov8_msgs
[1.276s] -- Up-to-date: /home/zeus/ros2_ws/install/yolov8_msgs/lib/python3.10/site-packages/yolov8_msgs/__init__.py
[1.276s] -- Up-to-date: /home/zeus/ros2_ws/install/yolov8_msgs/lib/python3.10/site-packages/yolov8_msgs/yolov8_msgs_s__rosidl_typesupport_introspection_c.cpython-310-x86_64-linux-gnu.so
[1.276s] -- Up-to-date: /home/zeus/ros2_ws/install/yolov8_msgs/lib/python3.10/site-packages/yolov8_msgs/yolov8_msgs_s__rosidl_typesupport_fastrtps_c.cpython-310-x86_64-linux-gnu.so
[1.277s] -- Up-to-date: /home/zeus/ros2_ws/install/yolov8_msgs/lib/python3.10/site-packages/yolov8_msgs/libyolov8_msgs__rosidl_generator_py.so
[1.277s] -- Up-to-date: /home/zeus/ros2_ws/install/yolov8_msgs/lib/python3.10/site-packages/yolov8_msgs/_yolov8_msgs_s.ep.rosidl_typesupport_fastrtps_c.c
[1.277s] -- Up-to-date: /home/zeus/ros2_ws/install/yolov8_msgs/lib/python3.10/site-packages/yolov8_msgs/_yolov8_msgs_s.ep.rosidl_typesupport_c.c
[1.277s] -- Up-to-date: /home/zeus/ros2_ws/install/yolov8_msgs/lib/python3.10/site-packages/yolov8_msgs/_yolov8_msgs_s.ep.rosidl_typesupport_introspection_c.c
[1.277s] -- Up-to-date: /home/zeus/ros2_ws/install/yolov8_msgs/lib/python3.10/site-packages/yolov8_msgs/yolov8_msgs_s__rosidl_typesupport_c.cpython-310-x86_64-linux-gnu.so
[1.278s] -- Up-to-date: /home/zeus/ros2_ws/install/yolov8_msgs/lib/python3.10/site-packages/yolov8_msgs/msg
[1.278s] -- Up-to-date: /home/zeus/ros2_ws/install/yolov8_msgs/lib/python3.10/site-packages/yolov8_msgs/msg/_yolov8_inference.py
[1.278s] -- Up-to-date: /home/zeus/ros2_ws/install/yolov8_msgs/lib/python3.10/site-packages/yolov8_msgs/msg/__init__.py
[1.278s] -- Up-to-date: /home/zeus/ros2_ws/install/yolov8_msgs/lib/python3.10/site-packages/yolov8_msgs/msg/_yolov8_inference_s.c
[1.278s] -- Up-to-date: /home/zeus/ros2_ws/install/yolov8_msgs/lib/python3.10/site-packages/yolov8_msgs/msg/_inference_result.py
[1.279s] -- Up-to-date: /home/zeus/ros2_ws/install/yolov8_msgs/lib/python3.10/site-packages/yolov8_msgs/msg/_inference_result_s.c
[1.319s] Listing '/home/zeus/ros2_ws/install/yolov8_msgs/lib/python3.10/site-packages/yolov8_msgs'...
[1.320s] Listing '/home/zeus/ros2_ws/install/yolov8_msgs/lib/python3.10/site-packages/yolov8_msgs/msg'...
[1.327s] -- Up-to-date: /home/zeus/ros2_ws/install/yolov8_msgs/lib/python3.10/site-packages/yolov8_msgs/yolov8_msgs_s__rosidl_typesupport_fastrtps_c.cpython-310-x86_64-linux-gnu.so
[1.327s] -- Up-to-date: /home/zeus/ros2_ws/install/yolov8_msgs/lib/python3.10/site-packages/yolov8_msgs/yolov8_msgs_s__rosidl_typesupport_introspection_c.cpython-310-x86_64-linux-gnu.so
[1.328s] -- Up-to-date: /home/zeus/ros2_ws/install/yolov8_msgs/lib/python3.10/site-packages/yolov8_msgs/yolov8_msgs_s__rosidl_typesupport_c.cpython-310-x86_64-linux-gnu.so
[1.329s] -- Up-to-date: /home/zeus/ros2_ws/install/yolov8_msgs/lib/libyolov8_msgs__rosidl_generator_py.so
[1.329s] -- Up-to-date: /home/zeus/ros2_ws/install/yolov8_msgs/share/yolov8_msgs/msg/InferenceResult.idl
[1.330s] -- Up-to-date: /home/zeus/ros2_ws/install/yolov8_msgs/share/yolov8_msgs/msg/Yolov8Inference.idl
[1.330s] -- Up-to-date: /home/zeus/ros2_ws/install/yolov8_msgs/share/yolov8_msgs/msg/InferenceResult.msg
[1.330s] -- Up-to-date: /home/zeus/ros2_ws/install/yolov8_msgs/share/yolov8_msgs/msg/Yolov8Inference.msg
[1.330s] -- Up-to-date: /home/zeus/ros2_ws/install/yolov8_msgs/share/ament_index/resource_index/package_run_dependencies/yolov8_msgs
[1.331s] -- Up-to-date: /home/zeus/ros2_ws/install/yolov8_msgs/share/ament_index/resource_index/parent_prefix_path/yolov8_msgs
[1.331s] -- Up-to-date: /home/zeus/ros2_ws/install/yolov8_msgs/share/yolov8_msgs/environment/ament_prefix_path.sh
[1.331s] -- Up-to-date: /home/zeus/ros2_ws/install/yolov8_msgs/share/yolov8_msgs/environment/ament_prefix_path.dsv
[1.332s] -- Up-to-date: /home/zeus/ros2_ws/install/yolov8_msgs/share/yolov8_msgs/environment/path.sh
[1.332s] -- Up-to-date: /home/zeus/ros2_ws/install/yolov8_msgs/share/yolov8_msgs/environment/path.dsv
[1.332s] -- Up-to-date: /home/zeus/ros2_ws/install/yolov8_msgs/share/yolov8_msgs/local_setup.bash
[1.332s] -- Up-to-date: /home/zeus/ros2_ws/install/yolov8_msgs/share/yolov8_msgs/local_setup.sh
[1.333s] -- Up-to-date: /home/zeus/ros2_ws/install/yolov8_msgs/share/yolov8_msgs/local_setup.zsh
[1.333s] -- Up-to-date: /home/zeus/ros2_ws/install/yolov8_msgs/share/yolov8_msgs/local_setup.dsv
[1.333s] -- Installing: /home/zeus/ros2_ws/install/yolov8_msgs/share/yolov8_msgs/package.dsv
[1.333s] -- Up-to-date: /home/zeus/ros2_ws/install/yolov8_msgs/share/ament_index/resource_index/packages/yolov8_msgs
[1.334s] -- Up-to-date: /home/zeus/ros2_ws/install/yolov8_msgs/share/yolov8_msgs/cmake/export_yolov8_msgs__rosidl_generator_cExport.cmake
[1.334s] -- Up-to-date: /home/zeus/ros2_ws/install/yolov8_msgs/share/yolov8_msgs/cmake/export_yolov8_msgs__rosidl_generator_cExport-noconfig.cmake
[1.334s] -- Up-to-date: /home/zeus/ros2_ws/install/yolov8_msgs/share/yolov8_msgs/cmake/export_yolov8_msgs__rosidl_typesupport_fastrtps_cExport.cmake
[1.334s] -- Up-to-date: /home/zeus/ros2_ws/install/yolov8_msgs/share/yolov8_msgs/cmake/export_yolov8_msgs__rosidl_typesupport_fastrtps_cExport-noconfig.cmake
[1.334s] -- Up-to-date: /home/zeus/ros2_ws/install/yolov8_msgs/share/yolov8_msgs/cmake/export_yolov8_msgs__rosidl_generator_cppExport.cmake
[1.335s] -- Up-to-date: /home/zeus/ros2_ws/install/yolov8_msgs/share/yolov8_msgs/cmake/export_yolov8_msgs__rosidl_typesupport_fastrtps_cppExport.cmake
[1.335s] -- Up-to-date: /home/zeus/ros2_ws/install/yolov8_msgs/share/yolov8_msgs/cmake/export_yolov8_msgs__rosidl_typesupport_fastrtps_cppExport-noconfig.cmake
[1.335s] -- Up-to-date: /home/zeus/ros2_ws/install/yolov8_msgs/share/yolov8_msgs/cmake/yolov8_msgs__rosidl_typesupport_introspection_cExport.cmake
[1.335s] -- Up-to-date: /home/zeus/ros2_ws/install/yolov8_msgs/share/yolov8_msgs/cmake/yolov8_msgs__rosidl_typesupport_introspection_cExport-noconfig.cmake
[1.336s] -- Up-to-date: /home/zeus/ros2_ws/install/yolov8_msgs/share/yolov8_msgs/cmake/yolov8_msgs__rosidl_typesupport_cExport.cmake
[1.336s] -- Up-to-date: /home/zeus/ros2_ws/install/yolov8_msgs/share/yolov8_msgs/cmake/yolov8_msgs__rosidl_typesupport_cExport-noconfig.cmake
[1.336s] -- Up-to-date: /home/zeus/ros2_ws/install/yolov8_msgs/share/yolov8_msgs/cmake/yolov8_msgs__rosidl_typesupport_introspection_cppExport.cmake
[1.337s] -- Up-to-date: /home/zeus/ros2_ws/install/yolov8_msgs/share/yolov8_msgs/cmake/yolov8_msgs__rosidl_typesupport_introspection_cppExport-noconfig.cmake
[1.338s] -- Up-to-date: /home/zeus/ros2_ws/install/yolov8_msgs/share/yolov8_msgs/cmake/yolov8_msgs__rosidl_typesupport_cppExport.cmake
[1.338s] -- Up-to-date: /home/zeus/ros2_ws/install/yolov8_msgs/share/yolov8_msgs/cmake/yolov8_msgs__rosidl_typesupport_cppExport-noconfig.cmake
[1.338s] -- Up-to-date: /home/zeus/ros2_ws/install/yolov8_msgs/share/yolov8_msgs/cmake/export_yolov8_msgs__rosidl_generator_pyExport.cmake
[1.339s] -- Up-to-date: /home/zeus/ros2_ws/install/yolov8_msgs/share/yolov8_msgs/cmake/export_yolov8_msgs__rosidl_generator_pyExport-noconfig.cmake
[1.339s] -- Up-to-date: /home/zeus/ros2_ws/install/yolov8_msgs/share/yolov8_msgs/cmake/rosidl_cmake-extras.cmake
[1.340s] -- Up-to-date: /home/zeus/ros2_ws/install/yolov8_msgs/share/yolov8_msgs/cmake/ament_cmake_export_dependencies-extras.cmake
[1.340s] -- Up-to-date: /home/zeus/ros2_ws/install/yolov8_msgs/share/yolov8_msgs/cmake/ament_cmake_export_include_directories-extras.cmake
[1.341s] -- Up-to-date: /home/zeus/ros2_ws/install/yolov8_msgs/share/yolov8_msgs/cmake/ament_cmake_export_libraries-extras.cmake
[1.341s] -- Up-to-date: /home/zeus/ros2_ws/install/yolov8_msgs/share/yolov8_msgs/cmake/ament_cmake_export_targets-extras.cmake
[1.341s] -- Up-to-date: /home/zeus/ros2_ws/install/yolov8_msgs/share/yolov8_msgs/cmake/rosidl_cmake_export_typesupport_targets-extras.cmake
[1.342s] -- Up-to-date: /home/zeus/ros2_ws/install/yolov8_msgs/share/yolov8_msgs/cmake/rosidl_cmake_export_typesupport_libraries-extras.cmake
[1.342s] -- Up-to-date: /home/zeus/ros2_ws/install/yolov8_msgs/share/yolov8_msgs/cmake/yolov8_msgsConfig.cmake
[1.342s] -- Up-to-date: /home/zeus/ros2_ws/install/yolov8_msgs/share/yolov8_msgs/cmake/yolov8_msgsConfig-version.cmake
[1.343s] -- Up-to-date: /home/zeus/ros2_ws/install/yolov8_msgs/share/yolov8_msgs/package.xml
[1.343s] Invoked command in '/home/zeus/ros2_ws/build/yolov8_msgs' returned '0': CMAKE_PREFIX_PATH=${CMAKE_PREFIX_PATH}:/home/zeus/ros2_ws/install/my_robot_yolo:/opt/ros/iron /usr/bin/cmake --install /home/zeus/ros2_ws/build/yolov8_msgs
