[0.425s] Invoking command in '/home/zeus/ros2_ws/build/yolov8_msgs': CMAKE_PREFIX_PATH=${CMAKE_PREFIX_PATH}:/home/zeus/ros2_ws/install/my_robot_yolo:/opt/ros/iron /usr/bin/cmake --build /home/zeus/ros2_ws/build/yolov8_msgs -- -j12 -l12
[0.499s] [  2%] Built target yolov8_msgs__rosidl_generator_type_description
[0.513s] [  2%] Built target ament_cmake_python_copy_yolov8_msgs
[0.529s] [  4%] Built target yolov8_msgs__cpp
[0.533s] [ 22%] Built target yolov8_msgs__rosidl_generator_c
[0.569s] [ 31%] Built target yolov8_msgs__rosidl_typesupport_introspection_c
[0.569s] [ 40%] Built target yolov8_msgs__rosidl_typesupport_fastrtps_c
[0.574s] [ 50%] Built target yolov8_msgs__rosidl_typesupport_fastrtps_cpp
[0.576s] [ 59%] Built target yolov8_msgs__rosidl_typesupport_c
[0.581s] [ 70%] Built target yolov8_msgs__rosidl_typesupport_introspection_cpp
[0.581s] [ 77%] Built target yolov8_msgs__rosidl_typesupport_cpp
[0.611s] [ 77%] Built target yolov8_msgs
[0.643s] [ 79%] Built target yolov8_msgs__py
[0.678s] [ 86%] Built target yolov8_msgs__rosidl_generator_py
[0.711s] [ 95%] Built target yolov8_msgs__rosidl_typesupport_fastrtps_c__pyext
[0.712s] [ 95%] Built target yolov8_msgs__rosidl_typesupport_introspection_c__pyext
[0.712s] [100%] Built target yolov8_msgs__rosidl_typesupport_c__pyext
[0.931s] running egg_info
[0.932s] writing yolov8_msgs.egg-info/PKG-INFO
[0.932s] writing dependency_links to yolov8_msgs.egg-info/dependency_links.txt
[0.932s] writing top-level names to yolov8_msgs.egg-info/top_level.txt
[0.936s] reading manifest file 'yolov8_msgs.egg-info/SOURCES.txt'
[0.937s] writing manifest file 'yolov8_msgs.egg-info/SOURCES.txt'
[0.975s] [100%] Built target ament_cmake_python_build_yolov8_msgs_egg
[0.993s] Invoked command in '/home/zeus/ros2_ws/build/yolov8_msgs' returned '0': CMAKE_PREFIX_PATH=${CMAKE_PREFIX_PATH}:/home/zeus/ros2_ws/install/my_robot_yolo:/opt/ros/iron /usr/bin/cmake --build /home/zeus/ros2_ws/build/yolov8_msgs -- -j12 -l12
[1.149s] Invoking command in '/home/zeus/ros2_ws/build/yolov8_msgs': CMAKE_PREFIX_PATH=${CMAKE_PREFIX_PATH}:/home/zeus/ros2_ws/install/my_robot_yolo:/opt/ros/iron /usr/bin/cmake --install /home/zeus/ros2_ws/build/yolov8_msgs
[1.160s] -- Install configuration: ""
[1.160s] -- Up-to-date: /home/zeus/ros2_ws/install/yolov8_msgs/share/ament_index/resource_index/rosidl_interfaces/yolov8_msgs
[1.161s] -- Up-to-date: /home/zeus/ros2_ws/install/yolov8_msgs/share/yolov8_msgs/msg/InferenceResult.json
[1.161s] -- Up-to-date: /home/zeus/ros2_ws/install/yolov8_msgs/share/yolov8_msgs/msg/Yolov8Inference.json
[1.161s] -- Up-to-date: /home/zeus/ros2_ws/install/yolov8_msgs/include/yolov8_msgs/yolov8_msgs
[1.161s] -- Up-to-date: /home/zeus/ros2_ws/install/yolov8_msgs/include/yolov8_msgs/yolov8_msgs/msg
[1.161s] -- Up-to-date: /home/zeus/ros2_ws/install/yolov8_msgs/include/yolov8_msgs/yolov8_msgs/msg/detail
[1.162s] -- Up-to-date: /home/zeus/ros2_ws/install/yolov8_msgs/include/yolov8_msgs/yolov8_msgs/msg/detail/inference_result__functions.h
[1.162s] -- Up-to-date: /home/zeus/ros2_ws/install/yolov8_msgs/include/yolov8_msgs/yolov8_msgs/msg/detail/yolov8_inference__struct.h
[1.162s] -- Up-to-date: /home/zeus/ros2_ws/install/yolov8_msgs/include/yolov8_msgs/yolov8_msgs/msg/detail/inference_result__struct.h
[1.162s] -- Up-to-date: /home/zeus/ros2_ws/install/yolov8_msgs/include/yolov8_msgs/yolov8_msgs/msg/detail/inference_result__type_support.h
[1.162s] -- Up-to-date: /home/zeus/ros2_ws/install/yolov8_msgs/include/yolov8_msgs/yolov8_msgs/msg/detail/yolov8_inference__type_support.h
[1.162s] -- Up-to-date: /home/zeus/ros2_ws/install/yolov8_msgs/include/yolov8_msgs/yolov8_msgs/msg/detail/yolov8_inference__type_support.c
[1.162s] -- Up-to-date: /home/zeus/ros2_ws/install/yolov8_msgs/include/yolov8_msgs/yolov8_msgs/msg/detail/yolov8_inference__functions.h
[1.163s] -- Up-to-date: /home/zeus/ros2_ws/install/yolov8_msgs/include/yolov8_msgs/yolov8_msgs/msg/detail/yolov8_inference__description.c
[1.163s] -- Up-to-date: /home/zeus/ros2_ws/install/yolov8_msgs/include/yolov8_msgs/yolov8_msgs/msg/detail/inference_result__functions.c
[1.163s] -- Up-to-date: /home/zeus/ros2_ws/install/yolov8_msgs/include/yolov8_msgs/yolov8_msgs/msg/detail/inference_result__description.c
[1.163s] -- Up-to-date: /home/zeus/ros2_ws/install/yolov8_msgs/include/yolov8_msgs/yolov8_msgs/msg/detail/inference_result__type_support.c
[1.163s] -- Up-to-date: /home/zeus/ros2_ws/install/yolov8_msgs/include/yolov8_msgs/yolov8_msgs/msg/detail/yolov8_inference__functions.c
[1.163s] -- Up-to-date: /home/zeus/ros2_ws/install/yolov8_msgs/include/yolov8_msgs/yolov8_msgs/msg/yolov8_inference.h
[1.163s] -- Up-to-date: /home/zeus/ros2_ws/install/yolov8_msgs/include/yolov8_msgs/yolov8_msgs/msg/rosidl_generator_c__visibility_control.h
[1.163s] -- Up-to-date: /home/zeus/ros2_ws/install/yolov8_msgs/include/yolov8_msgs/yolov8_msgs/msg/inference_result.h
[1.163s] -- Up-to-date: /home/zeus/ros2_ws/install/yolov8_msgs/share/yolov8_msgs/environment/library_path.sh
[1.164s] -- Up-to-date: /home/zeus/ros2_ws/install/yolov8_msgs/share/yolov8_msgs/environment/library_path.dsv
[1.164s] -- Up-to-date: /home/zeus/ros2_ws/install/yolov8_msgs/lib/libyolov8_msgs__rosidl_generator_c.so
[1.164s] -- Up-to-date: /home/zeus/ros2_ws/install/yolov8_msgs/include/yolov8_msgs/yolov8_msgs
[1.164s] -- Up-to-date: /home/zeus/ros2_ws/install/yolov8_msgs/include/yolov8_msgs/yolov8_msgs/msg
[1.164s] -- Up-to-date: /home/zeus/ros2_ws/install/yolov8_msgs/include/yolov8_msgs/yolov8_msgs/msg/detail
[1.164s] -- Up-to-date: /home/zeus/ros2_ws/install/yolov8_msgs/include/yolov8_msgs/yolov8_msgs/msg/detail/yolov8_inference__rosidl_typesupport_fastrtps_c.h
[1.164s] -- Up-to-date: /home/zeus/ros2_ws/install/yolov8_msgs/include/yolov8_msgs/yolov8_msgs/msg/detail/inference_result__rosidl_typesupport_fastrtps_c.h
[1.164s] -- Up-to-date: /home/zeus/ros2_ws/install/yolov8_msgs/include/yolov8_msgs/yolov8_msgs/msg/rosidl_typesupport_fastrtps_c__visibility_control.h
[1.165s] -- Up-to-date: /home/zeus/ros2_ws/install/yolov8_msgs/lib/libyolov8_msgs__rosidl_typesupport_fastrtps_c.so
[1.165s] -- Up-to-date: /home/zeus/ros2_ws/install/yolov8_msgs/include/yolov8_msgs/yolov8_msgs
[1.165s] -- Up-to-date: /home/zeus/ros2_ws/install/yolov8_msgs/include/yolov8_msgs/yolov8_msgs/msg
[1.165s] -- Up-to-date: /home/zeus/ros2_ws/install/yolov8_msgs/include/yolov8_msgs/yolov8_msgs/msg/detail
[1.165s] -- Up-to-date: /home/zeus/ros2_ws/install/yolov8_msgs/include/yolov8_msgs/yolov8_msgs/msg/detail/yolov8_inference__traits.hpp
[1.165s] -- Up-to-date: /home/zeus/ros2_ws/install/yolov8_msgs/include/yolov8_msgs/yolov8_msgs/msg/detail/inference_result__struct.hpp
[1.165s] -- Up-to-date: /home/zeus/ros2_ws/install/yolov8_msgs/include/yolov8_msgs/yolov8_msgs/msg/detail/yolov8_inference__builder.hpp
[1.165s] -- Up-to-date: /home/zeus/ros2_ws/install/yolov8_msgs/include/yolov8_msgs/yolov8_msgs/msg/detail/inference_result__traits.hpp
[1.165s] -- Up-to-date: /home/zeus/ros2_ws/install/yolov8_msgs/include/yolov8_msgs/yolov8_msgs/msg/detail/inference_result__builder.hpp
[1.165s] -- Up-to-date: /home/zeus/ros2_ws/install/yolov8_msgs/include/yolov8_msgs/yolov8_msgs/msg/detail/yolov8_inference__struct.hpp
[1.166s] -- Up-to-date: /home/zeus/ros2_ws/install/yolov8_msgs/include/yolov8_msgs/yolov8_msgs/msg/yolov8_inference.hpp
[1.166s] -- Up-to-date: /home/zeus/ros2_ws/install/yolov8_msgs/include/yolov8_msgs/yolov8_msgs/msg/inference_result.hpp
[1.166s] -- Up-to-date: /home/zeus/ros2_ws/install/yolov8_msgs/include/yolov8_msgs/yolov8_msgs
[1.166s] -- Up-to-date: /home/zeus/ros2_ws/install/yolov8_msgs/include/yolov8_msgs/yolov8_msgs/msg
[1.166s] -- Up-to-date: /home/zeus/ros2_ws/install/yolov8_msgs/include/yolov8_msgs/yolov8_msgs/msg/detail
[1.166s] -- Up-to-date: /home/zeus/ros2_ws/install/yolov8_msgs/include/yolov8_msgs/yolov8_msgs/msg/detail/yolov8_inference__rosidl_typesupport_fastrtps_cpp.hpp
[1.166s] -- Up-to-date: /home/zeus/ros2_ws/install/yolov8_msgs/include/yolov8_msgs/yolov8_msgs/msg/detail/inference_result__rosidl_typesupport_fastrtps_cpp.hpp
[1.166s] -- Up-to-date: /home/zeus/ros2_ws/install/yolov8_msgs/include/yolov8_msgs/yolov8_msgs/msg/detail/dds_fastrtps
[1.166s] -- Up-to-date: /home/zeus/ros2_ws/install/yolov8_msgs/include/yolov8_msgs/yolov8_msgs/msg/rosidl_typesupport_fastrtps_cpp__visibility_control.h
[1.166s] -- Up-to-date: /home/zeus/ros2_ws/install/yolov8_msgs/lib/libyolov8_msgs__rosidl_typesupport_fastrtps_cpp.so
[1.167s] -- Up-to-date: /home/zeus/ros2_ws/install/yolov8_msgs/include/yolov8_msgs/yolov8_msgs
[1.167s] -- Up-to-date: /home/zeus/ros2_ws/install/yolov8_msgs/include/yolov8_msgs/yolov8_msgs/msg
[1.167s] -- Up-to-date: /home/zeus/ros2_ws/install/yolov8_msgs/include/yolov8_msgs/yolov8_msgs/msg/rosidl_typesupport_introspection_c__visibility_control.h
[1.167s] -- Up-to-date: /home/zeus/ros2_ws/install/yolov8_msgs/include/yolov8_msgs/yolov8_msgs/msg/detail
[1.167s] -- Up-to-date: /home/zeus/ros2_ws/install/yolov8_msgs/include/yolov8_msgs/yolov8_msgs/msg/detail/inference_result__rosidl_typesupport_introspection_c.h
[1.167s] -- Up-to-date: /home/zeus/ros2_ws/install/yolov8_msgs/include/yolov8_msgs/yolov8_msgs/msg/detail/yolov8_inference__type_support.c
[1.167s] -- Up-to-date: /home/zeus/ros2_ws/install/yolov8_msgs/include/yolov8_msgs/yolov8_msgs/msg/detail/yolov8_inference__rosidl_typesupport_introspection_c.h
[1.167s] -- Up-to-date: /home/zeus/ros2_ws/install/yolov8_msgs/include/yolov8_msgs/yolov8_msgs/msg/detail/inference_result__type_support.c
[1.167s] -- Up-to-date: /home/zeus/ros2_ws/install/yolov8_msgs/lib/libyolov8_msgs__rosidl_typesupport_introspection_c.so
[1.168s] -- Up-to-date: /home/zeus/ros2_ws/install/yolov8_msgs/lib/libyolov8_msgs__rosidl_typesupport_c.so
[1.168s] -- Up-to-date: /home/zeus/ros2_ws/install/yolov8_msgs/include/yolov8_msgs/yolov8_msgs
[1.168s] -- Up-to-date: /home/zeus/ros2_ws/install/yolov8_msgs/include/yolov8_msgs/yolov8_msgs/msg
[1.168s] -- Up-to-date: /home/zeus/ros2_ws/install/yolov8_msgs/include/yolov8_msgs/yolov8_msgs/msg/detail
[1.168s] -- Up-to-date: /home/zeus/ros2_ws/install/yolov8_msgs/include/yolov8_msgs/yolov8_msgs/msg/detail/yolov8_inference__type_support.cpp
[1.168s] -- Up-to-date: /home/zeus/ros2_ws/install/yolov8_msgs/include/yolov8_msgs/yolov8_msgs/msg/detail/inference_result__type_support.cpp
[1.168s] -- Up-to-date: /home/zeus/ros2_ws/install/yolov8_msgs/include/yolov8_msgs/yolov8_msgs/msg/detail/yolov8_inference__rosidl_typesupport_introspection_cpp.hpp
[1.168s] -- Up-to-date: /home/zeus/ros2_ws/install/yolov8_msgs/include/yolov8_msgs/yolov8_msgs/msg/detail/inference_result__rosidl_typesupport_introspection_cpp.hpp
[1.168s] -- Up-to-date: /home/zeus/ros2_ws/install/yolov8_msgs/lib/libyolov8_msgs__rosidl_typesupport_introspection_cpp.so
[1.169s] -- Up-to-date: /home/zeus/ros2_ws/install/yolov8_msgs/lib/libyolov8_msgs__rosidl_typesupport_cpp.so
[1.169s] -- Up-to-date: /home/zeus/ros2_ws/install/yolov8_msgs/share/yolov8_msgs/environment/pythonpath.sh
[1.169s] -- Up-to-date: /home/zeus/ros2_ws/install/yolov8_msgs/share/yolov8_msgs/environment/pythonpath.dsv
[1.169s] -- Up-to-date: /home/zeus/ros2_ws/install/yolov8_msgs/lib/python3.10/site-packages/yolov8_msgs-1.0.0-py3.10.egg-info
[1.169s] -- Installing: /home/zeus/ros2_ws/install/yolov8_msgs/lib/python3.10/site-packages/yolov8_msgs-1.0.0-py3.10.egg-info/PKG-INFO
[1.169s] -- Installing: /home/zeus/ros2_ws/install/yolov8_msgs/lib/python3.10/site-packages/yolov8_msgs-1.0.0-py3.10.egg-info/dependency_links.txt
[1.169s] -- Installing: /home/zeus/ros2_ws/install/yolov8_msgs/lib/python3.10/site-packages/yolov8_msgs-1.0.0-py3.10.egg-info/top_level.txt
[1.169s] -- Installing: /home/zeus/ros2_ws/install/yolov8_msgs/lib/python3.10/site-packages/yolov8_msgs-1.0.0-py3.10.egg-info/SOURCES.txt
[1.169s] -- Up-to-date: /home/zeus/ros2_ws/install/yolov8_msgs/lib/python3.10/site-packages/yolov8_msgs
[1.170s] -- Up-to-date: /home/zeus/ros2_ws/install/yolov8_msgs/lib/python3.10/site-packages/yolov8_msgs/__init__.py
[1.170s] -- Up-to-date: /home/zeus/ros2_ws/install/yolov8_msgs/lib/python3.10/site-packages/yolov8_msgs/yolov8_msgs_s__rosidl_typesupport_introspection_c.cpython-310-x86_64-linux-gnu.so
[1.170s] -- Up-to-date: /home/zeus/ros2_ws/install/yolov8_msgs/lib/python3.10/site-packages/yolov8_msgs/yolov8_msgs_s__rosidl_typesupport_fastrtps_c.cpython-310-x86_64-linux-gnu.so
[1.170s] -- Up-to-date: /home/zeus/ros2_ws/install/yolov8_msgs/lib/python3.10/site-packages/yolov8_msgs/libyolov8_msgs__rosidl_generator_py.so
[1.170s] -- Up-to-date: /home/zeus/ros2_ws/install/yolov8_msgs/lib/python3.10/site-packages/yolov8_msgs/_yolov8_msgs_s.ep.rosidl_typesupport_fastrtps_c.c
[1.170s] -- Up-to-date: /home/zeus/ros2_ws/install/yolov8_msgs/lib/python3.10/site-packages/yolov8_msgs/_yolov8_msgs_s.ep.rosidl_typesupport_c.c
[1.170s] -- Up-to-date: /home/zeus/ros2_ws/install/yolov8_msgs/lib/python3.10/site-packages/yolov8_msgs/_yolov8_msgs_s.ep.rosidl_typesupport_introspection_c.c
[1.170s] -- Up-to-date: /home/zeus/ros2_ws/install/yolov8_msgs/lib/python3.10/site-packages/yolov8_msgs/yolov8_msgs_s__rosidl_typesupport_c.cpython-310-x86_64-linux-gnu.so
[1.170s] -- Up-to-date: /home/zeus/ros2_ws/install/yolov8_msgs/lib/python3.10/site-packages/yolov8_msgs/msg
[1.170s] -- Up-to-date: /home/zeus/ros2_ws/install/yolov8_msgs/lib/python3.10/site-packages/yolov8_msgs/msg/_yolov8_inference.py
[1.171s] -- Up-to-date: /home/zeus/ros2_ws/install/yolov8_msgs/lib/python3.10/site-packages/yolov8_msgs/msg/__init__.py
[1.171s] -- Up-to-date: /home/zeus/ros2_ws/install/yolov8_msgs/lib/python3.10/site-packages/yolov8_msgs/msg/_yolov8_inference_s.c
[1.171s] -- Up-to-date: /home/zeus/ros2_ws/install/yolov8_msgs/lib/python3.10/site-packages/yolov8_msgs/msg/_inference_result.py
[1.171s] -- Up-to-date: /home/zeus/ros2_ws/install/yolov8_msgs/lib/python3.10/site-packages/yolov8_msgs/msg/_inference_result_s.c
[1.216s] Listing '/home/zeus/ros2_ws/install/yolov8_msgs/lib/python3.10/site-packages/yolov8_msgs'...
[1.216s] Listing '/home/zeus/ros2_ws/install/yolov8_msgs/lib/python3.10/site-packages/yolov8_msgs/msg'...
[1.222s] -- Up-to-date: /home/zeus/ros2_ws/install/yolov8_msgs/lib/python3.10/site-packages/yolov8_msgs/yolov8_msgs_s__rosidl_typesupport_fastrtps_c.cpython-310-x86_64-linux-gnu.so
[1.223s] -- Up-to-date: /home/zeus/ros2_ws/install/yolov8_msgs/lib/python3.10/site-packages/yolov8_msgs/yolov8_msgs_s__rosidl_typesupport_introspection_c.cpython-310-x86_64-linux-gnu.so
[1.224s] -- Up-to-date: /home/zeus/ros2_ws/install/yolov8_msgs/lib/python3.10/site-packages/yolov8_msgs/yolov8_msgs_s__rosidl_typesupport_c.cpython-310-x86_64-linux-gnu.so
[1.224s] -- Up-to-date: /home/zeus/ros2_ws/install/yolov8_msgs/lib/libyolov8_msgs__rosidl_generator_py.so
[1.225s] -- Up-to-date: /home/zeus/ros2_ws/install/yolov8_msgs/share/yolov8_msgs/msg/InferenceResult.idl
[1.225s] -- Up-to-date: /home/zeus/ros2_ws/install/yolov8_msgs/share/yolov8_msgs/msg/Yolov8Inference.idl
[1.225s] -- Up-to-date: /home/zeus/ros2_ws/install/yolov8_msgs/share/yolov8_msgs/msg/InferenceResult.msg
[1.225s] -- Up-to-date: /home/zeus/ros2_ws/install/yolov8_msgs/share/yolov8_msgs/msg/Yolov8Inference.msg
[1.225s] -- Up-to-date: /home/zeus/ros2_ws/install/yolov8_msgs/share/ament_index/resource_index/package_run_dependencies/yolov8_msgs
[1.225s] -- Up-to-date: /home/zeus/ros2_ws/install/yolov8_msgs/share/ament_index/resource_index/parent_prefix_path/yolov8_msgs
[1.225s] -- Up-to-date: /home/zeus/ros2_ws/install/yolov8_msgs/share/yolov8_msgs/environment/ament_prefix_path.sh
[1.226s] -- Up-to-date: /home/zeus/ros2_ws/install/yolov8_msgs/share/yolov8_msgs/environment/ament_prefix_path.dsv
[1.226s] -- Up-to-date: /home/zeus/ros2_ws/install/yolov8_msgs/share/yolov8_msgs/environment/path.sh
[1.226s] -- Up-to-date: /home/zeus/ros2_ws/install/yolov8_msgs/share/yolov8_msgs/environment/path.dsv
[1.226s] -- Up-to-date: /home/zeus/ros2_ws/install/yolov8_msgs/share/yolov8_msgs/local_setup.bash
[1.226s] -- Up-to-date: /home/zeus/ros2_ws/install/yolov8_msgs/share/yolov8_msgs/local_setup.sh
[1.226s] -- Up-to-date: /home/zeus/ros2_ws/install/yolov8_msgs/share/yolov8_msgs/local_setup.zsh
[1.227s] -- Up-to-date: /home/zeus/ros2_ws/install/yolov8_msgs/share/yolov8_msgs/local_setup.dsv
[1.227s] -- Installing: /home/zeus/ros2_ws/install/yolov8_msgs/share/yolov8_msgs/package.dsv
[1.227s] -- Up-to-date: /home/zeus/ros2_ws/install/yolov8_msgs/share/ament_index/resource_index/packages/yolov8_msgs
[1.227s] -- Up-to-date: /home/zeus/ros2_ws/install/yolov8_msgs/share/yolov8_msgs/cmake/export_yolov8_msgs__rosidl_generator_cExport.cmake
[1.227s] -- Up-to-date: /home/zeus/ros2_ws/install/yolov8_msgs/share/yolov8_msgs/cmake/export_yolov8_msgs__rosidl_generator_cExport-noconfig.cmake
[1.227s] -- Up-to-date: /home/zeus/ros2_ws/install/yolov8_msgs/share/yolov8_msgs/cmake/export_yolov8_msgs__rosidl_typesupport_fastrtps_cExport.cmake
[1.227s] -- Up-to-date: /home/zeus/ros2_ws/install/yolov8_msgs/share/yolov8_msgs/cmake/export_yolov8_msgs__rosidl_typesupport_fastrtps_cExport-noconfig.cmake
[1.227s] -- Up-to-date: /home/zeus/ros2_ws/install/yolov8_msgs/share/yolov8_msgs/cmake/export_yolov8_msgs__rosidl_generator_cppExport.cmake
[1.228s] -- Up-to-date: /home/zeus/ros2_ws/install/yolov8_msgs/share/yolov8_msgs/cmake/export_yolov8_msgs__rosidl_typesupport_fastrtps_cppExport.cmake
[1.228s] -- Up-to-date: /home/zeus/ros2_ws/install/yolov8_msgs/share/yolov8_msgs/cmake/export_yolov8_msgs__rosidl_typesupport_fastrtps_cppExport-noconfig.cmake
[1.228s] -- Up-to-date: /home/zeus/ros2_ws/install/yolov8_msgs/share/yolov8_msgs/cmake/yolov8_msgs__rosidl_typesupport_introspection_cExport.cmake
[1.228s] -- Up-to-date: /home/zeus/ros2_ws/install/yolov8_msgs/share/yolov8_msgs/cmake/yolov8_msgs__rosidl_typesupport_introspection_cExport-noconfig.cmake
[1.228s] -- Up-to-date: /home/zeus/ros2_ws/install/yolov8_msgs/share/yolov8_msgs/cmake/yolov8_msgs__rosidl_typesupport_cExport.cmake
[1.228s] -- Up-to-date: /home/zeus/ros2_ws/install/yolov8_msgs/share/yolov8_msgs/cmake/yolov8_msgs__rosidl_typesupport_cExport-noconfig.cmake
[1.228s] -- Up-to-date: /home/zeus/ros2_ws/install/yolov8_msgs/share/yolov8_msgs/cmake/yolov8_msgs__rosidl_typesupport_introspection_cppExport.cmake
[1.228s] -- Up-to-date: /home/zeus/ros2_ws/install/yolov8_msgs/share/yolov8_msgs/cmake/yolov8_msgs__rosidl_typesupport_introspection_cppExport-noconfig.cmake
[1.228s] -- Up-to-date: /home/zeus/ros2_ws/install/yolov8_msgs/share/yolov8_msgs/cmake/yolov8_msgs__rosidl_typesupport_cppExport.cmake
[1.229s] -- Up-to-date: /home/zeus/ros2_ws/install/yolov8_msgs/share/yolov8_msgs/cmake/yolov8_msgs__rosidl_typesupport_cppExport-noconfig.cmake
[1.229s] -- Up-to-date: /home/zeus/ros2_ws/install/yolov8_msgs/share/yolov8_msgs/cmake/export_yolov8_msgs__rosidl_generator_pyExport.cmake
[1.229s] -- Up-to-date: /home/zeus/ros2_ws/install/yolov8_msgs/share/yolov8_msgs/cmake/export_yolov8_msgs__rosidl_generator_pyExport-noconfig.cmake
[1.229s] -- Up-to-date: /home/zeus/ros2_ws/install/yolov8_msgs/share/yolov8_msgs/cmake/rosidl_cmake-extras.cmake
[1.229s] -- Up-to-date: /home/zeus/ros2_ws/install/yolov8_msgs/share/yolov8_msgs/cmake/ament_cmake_export_dependencies-extras.cmake
[1.229s] -- Up-to-date: /home/zeus/ros2_ws/install/yolov8_msgs/share/yolov8_msgs/cmake/ament_cmake_export_include_directories-extras.cmake
[1.229s] -- Up-to-date: /home/zeus/ros2_ws/install/yolov8_msgs/share/yolov8_msgs/cmake/ament_cmake_export_libraries-extras.cmake
[1.229s] -- Up-to-date: /home/zeus/ros2_ws/install/yolov8_msgs/share/yolov8_msgs/cmake/ament_cmake_export_targets-extras.cmake
[1.229s] -- Up-to-date: /home/zeus/ros2_ws/install/yolov8_msgs/share/yolov8_msgs/cmake/rosidl_cmake_export_typesupport_targets-extras.cmake
[1.229s] -- Up-to-date: /home/zeus/ros2_ws/install/yolov8_msgs/share/yolov8_msgs/cmake/rosidl_cmake_export_typesupport_libraries-extras.cmake
[1.229s] -- Up-to-date: /home/zeus/ros2_ws/install/yolov8_msgs/share/yolov8_msgs/cmake/yolov8_msgsConfig.cmake
[1.230s] -- Up-to-date: /home/zeus/ros2_ws/install/yolov8_msgs/share/yolov8_msgs/cmake/yolov8_msgsConfig-version.cmake
[1.230s] -- Up-to-date: /home/zeus/ros2_ws/install/yolov8_msgs/share/yolov8_msgs/package.xml
[1.232s] Invoked command in '/home/zeus/ros2_ws/build/yolov8_msgs' returned '0': CMAKE_PREFIX_PATH=${CMAKE_PREFIX_PATH}:/home/zeus/ros2_ws/install/my_robot_yolo:/opt/ros/iron /usr/bin/cmake --install /home/zeus/ros2_ws/build/yolov8_msgs
