[0.564s] Invoking command in '/home/zeus/ros2_ws/src/my_robot_yolo': PYTHONPATH=/home/zeus/ros2_ws/build/my_robot_yolo/prefix_override:/usr/lib/python3/dist-packages/colcon_core/task/python/colcon_distutils_commands:/home/zeus/ros2_ws/install/my_robot_yolo/lib/python3.10/site-packages:${PYTHONPATH} /usr/bin/python3 -W ignore:setup.py install is deprecated setup.py egg_info --egg-base ../../build/my_robot_yolo build --build-base /home/zeus/ros2_ws/build/my_robot_yolo/build install --record /home/zeus/ros2_ws/build/my_robot_yolo/install.log --single-version-externally-managed install_data
[0.789s] running egg_info
[0.789s] writing ../../build/my_robot_yolo/my_robot_yolo.egg-info/PKG-INFO
[0.789s] writing dependency_links to ../../build/my_robot_yolo/my_robot_yolo.egg-info/dependency_links.txt
[0.790s] writing entry points to ../../build/my_robot_yolo/my_robot_yolo.egg-info/entry_points.txt
[0.790s] writing requirements to ../../build/my_robot_yolo/my_robot_yolo.egg-info/requires.txt
[0.790s] writing top-level names to ../../build/my_robot_yolo/my_robot_yolo.egg-info/top_level.txt
[0.791s] reading manifest file '../../build/my_robot_yolo/my_robot_yolo.egg-info/SOURCES.txt'
[0.792s] writing manifest file '../../build/my_robot_yolo/my_robot_yolo.egg-info/SOURCES.txt'
[0.792s] running build
[0.792s] running build_py
[0.792s] copying my_robot_yolo/camera.py -> /home/zeus/ros2_ws/build/my_robot_yolo/build/lib/my_robot_yolo
[0.792s] copying my_robot_yolo/debug_no.py -> /home/zeus/ros2_ws/build/my_robot_yolo/build/lib/my_robot_yolo
[0.793s] copying my_robot_yolo/yolov8_no.py -> /home/zeus/ros2_ws/build/my_robot_yolo/build/lib/my_robot_yolo
[0.793s] running install
[0.793s] running install_lib
[0.794s] copying /home/zeus/ros2_ws/build/my_robot_yolo/build/lib/my_robot_yolo/camera.py -> /home/zeus/ros2_ws/install/my_robot_yolo/lib/python3.10/site-packages/my_robot_yolo
[0.794s] copying /home/zeus/ros2_ws/build/my_robot_yolo/build/lib/my_robot_yolo/debug_no.py -> /home/zeus/ros2_ws/install/my_robot_yolo/lib/python3.10/site-packages/my_robot_yolo
[0.794s] copying /home/zeus/ros2_ws/build/my_robot_yolo/build/lib/my_robot_yolo/yolov8_no.py -> /home/zeus/ros2_ws/install/my_robot_yolo/lib/python3.10/site-packages/my_robot_yolo
[0.794s] byte-compiling /home/zeus/ros2_ws/install/my_robot_yolo/lib/python3.10/site-packages/my_robot_yolo/camera.py to camera.cpython-310.pyc
[0.795s] byte-compiling /home/zeus/ros2_ws/install/my_robot_yolo/lib/python3.10/site-packages/my_robot_yolo/debug_no.py to debug_no.cpython-310.pyc
[0.795s] byte-compiling /home/zeus/ros2_ws/install/my_robot_yolo/lib/python3.10/site-packages/my_robot_yolo/yolov8_no.py to yolov8_no.cpython-310.pyc
[0.797s] running install_data
[0.797s] running install_egg_info
[0.798s] removing '/home/zeus/ros2_ws/install/my_robot_yolo/lib/python3.10/site-packages/my_robot_yolo-0.0.0-py3.10.egg-info' (and everything under it)
[0.798s] Copying ../../build/my_robot_yolo/my_robot_yolo.egg-info to /home/zeus/ros2_ws/install/my_robot_yolo/lib/python3.10/site-packages/my_robot_yolo-0.0.0-py3.10.egg-info
[0.799s] running install_scripts
[0.816s] Installing camera_no script to /home/zeus/ros2_ws/install/my_robot_yolo/lib/my_robot_yolo
[0.816s] Installing debug_no script to /home/zeus/ros2_ws/install/my_robot_yolo/lib/my_robot_yolo
[0.816s] Installing yolov8_apont script to /home/zeus/ros2_ws/install/my_robot_yolo/lib/my_robot_yolo
[0.817s] Installing yolov8_no script to /home/zeus/ros2_ws/install/my_robot_yolo/lib/my_robot_yolo
[0.817s] writing list of installed files to '/home/zeus/ros2_ws/build/my_robot_yolo/install.log'
[0.835s] Invoked command in '/home/zeus/ros2_ws/src/my_robot_yolo' returned '0': PYTHONPATH=/home/zeus/ros2_ws/build/my_robot_yolo/prefix_override:/usr/lib/python3/dist-packages/colcon_core/task/python/colcon_distutils_commands:/home/zeus/ros2_ws/install/my_robot_yolo/lib/python3.10/site-packages:${PYTHONPATH} /usr/bin/python3 -W ignore:setup.py install is deprecated setup.py egg_info --egg-base ../../build/my_robot_yolo build --build-base /home/zeus/ros2_ws/build/my_robot_yolo/build install --record /home/zeus/ros2_ws/build/my_robot_yolo/install.log --single-version-externally-managed install_data
