[0.760s] Invoking command in '/home/zeus/ros2_ws/src/yolov8_msgs': PYTHONPATH=/home/zeus/ros2_ws/build/yolov8_msgs/prefix_override:/usr/lib/python3/dist-packages/colcon_core/task/python/colcon_distutils_commands:/home/zeus/ros2_ws/install/yolov8_msgs/lib/python3.10/site-packages:${PYTHONPATH} /usr/bin/python3 -W ignore:setup.py install is deprecated setup.py egg_info --egg-base ../../build/yolov8_msgs build --build-base /home/zeus/ros2_ws/build/yolov8_msgs/build install --record /home/zeus/ros2_ws/build/yolov8_msgs/install.log --single-version-externally-managed install_data
[0.979s] running egg_info
[0.979s] creating ../../build/yolov8_msgs/yolov8_msgs.egg-info
[0.979s] writing ../../build/yolov8_msgs/yolov8_msgs.egg-info/PKG-INFO
[0.980s] writing dependency_links to ../../build/yolov8_msgs/yolov8_msgs.egg-info/dependency_links.txt
[0.980s] writing entry points to ../../build/yolov8_msgs/yolov8_msgs.egg-info/entry_points.txt
[0.980s] writing requirements to ../../build/yolov8_msgs/yolov8_msgs.egg-info/requires.txt
[0.980s] writing top-level names to ../../build/yolov8_msgs/yolov8_msgs.egg-info/top_level.txt
[0.980s] writing manifest file '../../build/yolov8_msgs/yolov8_msgs.egg-info/SOURCES.txt'
[0.981s] reading manifest file '../../build/yolov8_msgs/yolov8_msgs.egg-info/SOURCES.txt'
[0.982s] writing manifest file '../../build/yolov8_msgs/yolov8_msgs.egg-info/SOURCES.txt'
[0.982s] running build
[0.982s] running build_py
[0.982s] creating /home/zeus/ros2_ws/build/yolov8_msgs/build
[0.982s] creating /home/zeus/ros2_ws/build/yolov8_msgs/build/lib
[0.983s] creating /home/zeus/ros2_ws/build/yolov8_msgs/build/lib/yolov8_msgs
[0.983s] copying yolov8_msgs/__init__.py -> /home/zeus/ros2_ws/build/yolov8_msgs/build/lib/yolov8_msgs
[0.983s] running install
[0.983s] running install_lib
[0.983s] creating /home/zeus/ros2_ws/install/yolov8_msgs/lib/python3.10/site-packages/yolov8_msgs
[0.984s] copying /home/zeus/ros2_ws/build/yolov8_msgs/build/lib/yolov8_msgs/__init__.py -> /home/zeus/ros2_ws/install/yolov8_msgs/lib/python3.10/site-packages/yolov8_msgs
[0.984s] byte-compiling /home/zeus/ros2_ws/install/yolov8_msgs/lib/python3.10/site-packages/yolov8_msgs/__init__.py to __init__.cpython-310.pyc
[0.984s] running install_data
[0.984s] creating /home/zeus/ros2_ws/install/yolov8_msgs/share/ament_index
[0.984s] creating /home/zeus/ros2_ws/install/yolov8_msgs/share/ament_index/resource_index
[0.985s] creating /home/zeus/ros2_ws/install/yolov8_msgs/share/ament_index/resource_index/packages
[0.985s] copying resource/yolov8_msgs -> /home/zeus/ros2_ws/install/yolov8_msgs/share/ament_index/resource_index/packages
[0.985s] copying package.xml -> /home/zeus/ros2_ws/install/yolov8_msgs/share/yolov8_msgs
[0.985s] running install_egg_info
[0.986s] Copying ../../build/yolov8_msgs/yolov8_msgs.egg-info to /home/zeus/ros2_ws/install/yolov8_msgs/lib/python3.10/site-packages/yolov8_msgs-0.0.0-py3.10.egg-info
[0.987s] running install_scripts
[1.004s] writing list of installed files to '/home/zeus/ros2_ws/build/yolov8_msgs/install.log'
[1.027s] Invoked command in '/home/zeus/ros2_ws/src/yolov8_msgs' returned '0': PYTHONPATH=/home/zeus/ros2_ws/build/yolov8_msgs/prefix_override:/usr/lib/python3/dist-packages/colcon_core/task/python/colcon_distutils_commands:/home/zeus/ros2_ws/install/yolov8_msgs/lib/python3.10/site-packages:${PYTHONPATH} /usr/bin/python3 -W ignore:setup.py install is deprecated setup.py egg_info --egg-base ../../build/yolov8_msgs build --build-base /home/zeus/ros2_ws/build/yolov8_msgs/build install --record /home/zeus/ros2_ws/build/yolov8_msgs/install.log --single-version-externally-managed install_data
