[0.593s] Invoking command in '/home/zeus/ros2_ws/src/my_robot_yolo': PYTHONPATH=/home/zeus/ros2_ws/build/my_robot_yolo/prefix_override:/usr/lib/python3/dist-packages/colcon_core/task/python/colcon_distutils_commands:/home/zeus/ros2_ws/install/my_robot_yolo/lib/python3.10/site-packages:${PYTHONPATH} /usr/bin/python3 -W ignore:setup.py install is deprecated setup.py egg_info --egg-base ../../build/my_robot_yolo build --build-base /home/zeus/ros2_ws/build/my_robot_yolo/build install --record /home/zeus/ros2_ws/build/my_robot_yolo/install.log --single-version-externally-managed install_data
[0.831s] running egg_info
[0.831s] writing ../../build/my_robot_yolo/my_robot_yolo.egg-info/PKG-INFO
[0.831s] writing dependency_links to ../../build/my_robot_yolo/my_robot_yolo.egg-info/dependency_links.txt
[0.832s] writing entry points to ../../build/my_robot_yolo/my_robot_yolo.egg-info/entry_points.txt
[0.832s] writing requirements to ../../build/my_robot_yolo/my_robot_yolo.egg-info/requires.txt
[0.832s] writing top-level names to ../../build/my_robot_yolo/my_robot_yolo.egg-info/top_level.txt
[0.834s] reading manifest file '../../build/my_robot_yolo/my_robot_yolo.egg-info/SOURCES.txt'
[0.835s] writing manifest file '../../build/my_robot_yolo/my_robot_yolo.egg-info/SOURCES.txt'
[0.835s] running build
[0.835s] running build_py
[0.835s] copying my_robot_yolo/yolov8_no.py -> /home/zeus/ros2_ws/build/my_robot_yolo/build/lib/my_robot_yolo
[0.835s] running install
[0.835s] running install_lib
[0.836s] copying /home/zeus/ros2_ws/build/my_robot_yolo/build/lib/my_robot_yolo/yolov8_no.py -> /home/zeus/ros2_ws/install/my_robot_yolo/lib/python3.10/site-packages/my_robot_yolo
[0.837s] byte-compiling /home/zeus/ros2_ws/install/my_robot_yolo/lib/python3.10/site-packages/my_robot_yolo/yolov8_no.py to yolov8_no.cpython-310.pyc
[0.838s] running install_data
[0.838s] running install_egg_info
[0.840s] removing '/home/zeus/ros2_ws/install/my_robot_yolo/lib/python3.10/site-packages/my_robot_yolo-0.0.0-py3.10.egg-info' (and everything under it)
[0.840s] Copying ../../build/my_robot_yolo/my_robot_yolo.egg-info to /home/zeus/ros2_ws/install/my_robot_yolo/lib/python3.10/site-packages/my_robot_yolo-0.0.0-py3.10.egg-info
[0.841s] running install_scripts
[0.859s] Installing camera_no script to /home/zeus/ros2_ws/install/my_robot_yolo/lib/my_robot_yolo
[0.859s] Installing debug_no script to /home/zeus/ros2_ws/install/my_robot_yolo/lib/my_robot_yolo
[0.859s] Installing yolov8_apont script to /home/zeus/ros2_ws/install/my_robot_yolo/lib/my_robot_yolo
[0.859s] Installing yolov8_no script to /home/zeus/ros2_ws/install/my_robot_yolo/lib/my_robot_yolo
[0.859s] writing list of installed files to '/home/zeus/ros2_ws/build/my_robot_yolo/install.log'
[0.879s] Invoked command in '/home/zeus/ros2_ws/src/my_robot_yolo' returned '0': PYTHONPATH=/home/zeus/ros2_ws/build/my_robot_yolo/prefix_override:/usr/lib/python3/dist-packages/colcon_core/task/python/colcon_distutils_commands:/home/zeus/ros2_ws/install/my_robot_yolo/lib/python3.10/site-packages:${PYTHONPATH} /usr/bin/python3 -W ignore:setup.py install is deprecated setup.py egg_info --egg-base ../../build/my_robot_yolo build --build-base /home/zeus/ros2_ws/build/my_robot_yolo/build install --record /home/zeus/ros2_ws/build/my_robot_yolo/install.log --single-version-externally-managed install_data
