[0.895s] Invoking command in '/home/zeus/ros2_ws/src/my_robot_yolo': PYTHONPATH=/home/zeus/ros2_ws/build/my_robot_yolo/prefix_override:/usr/lib/python3/dist-packages/colcon_core/task/python/colcon_distutils_commands:/home/zeus/ros2_ws/install/my_robot_yolo/lib/python3.10/site-packages:${PYTHONPATH} /usr/bin/python3 -W ignore:setup.py install is deprecated setup.py egg_info --egg-base ../../build/my_robot_yolo build --build-base /home/zeus/ros2_ws/build/my_robot_yolo/build install --record /home/zeus/ros2_ws/build/my_robot_yolo/install.log --single-version-externally-managed install_data
[1.127s] running egg_info
[1.127s] writing ../../build/my_robot_yolo/my_robot_yolo.egg-info/PKG-INFO
[1.127s] writing dependency_links to ../../build/my_robot_yolo/my_robot_yolo.egg-info/dependency_links.txt
[1.127s] writing entry points to ../../build/my_robot_yolo/my_robot_yolo.egg-info/entry_points.txt
[1.128s] writing requirements to ../../build/my_robot_yolo/my_robot_yolo.egg-info/requires.txt
[1.128s] writing top-level names to ../../build/my_robot_yolo/my_robot_yolo.egg-info/top_level.txt
[1.130s] reading manifest file '../../build/my_robot_yolo/my_robot_yolo.egg-info/SOURCES.txt'
[1.130s] writing manifest file '../../build/my_robot_yolo/my_robot_yolo.egg-info/SOURCES.txt'
[1.131s] running build
[1.131s] running build_py
[1.131s] running install
[1.131s] running install_lib
[1.133s] running install_data
[1.133s] running install_egg_info
[1.134s] removing '/home/zeus/ros2_ws/install/my_robot_yolo/lib/python3.10/site-packages/my_robot_yolo-0.0.0-py3.10.egg-info' (and everything under it)
[1.135s] Copying ../../build/my_robot_yolo/my_robot_yolo.egg-info to /home/zeus/ros2_ws/install/my_robot_yolo/lib/python3.10/site-packages/my_robot_yolo-0.0.0-py3.10.egg-info
[1.135s] running install_scripts
[1.155s] writing list of installed files to '/home/zeus/ros2_ws/build/my_robot_yolo/install.log'
[1.182s] Invoked command in '/home/zeus/ros2_ws/src/my_robot_yolo' returned '0': PYTHONPATH=/home/zeus/ros2_ws/build/my_robot_yolo/prefix_override:/usr/lib/python3/dist-packages/colcon_core/task/python/colcon_distutils_commands:/home/zeus/ros2_ws/install/my_robot_yolo/lib/python3.10/site-packages:${PYTHONPATH} /usr/bin/python3 -W ignore:setup.py install is deprecated setup.py egg_info --egg-base ../../build/my_robot_yolo build --build-base /home/zeus/ros2_ws/build/my_robot_yolo/build install --record /home/zeus/ros2_ws/build/my_robot_yolo/install.log --single-version-externally-managed install_data
