/home/zeus/ros2_ws/install/my_robot_yolo/lib/python3.10/site-packages/my_robot_yolo/__init__.py
/home/zeus/ros2_ws/install/my_robot_yolo/lib/python3.10/site-packages/my_robot_yolo/camera.py
/home/zeus/ros2_ws/install/my_robot_yolo/lib/python3.10/site-packages/my_robot_yolo/debug_no.py
/home/zeus/ros2_ws/install/my_robot_yolo/lib/python3.10/site-packages/my_robot_yolo/yolov8_no.py
/home/zeus/ros2_ws/install/my_robot_yolo/lib/python3.10/site-packages/my_robot_yolo/__pycache__/__init__.cpython-310.pyc
/home/zeus/ros2_ws/install/my_robot_yolo/lib/python3.10/site-packages/my_robot_yolo/__pycache__/camera.cpython-310.pyc
/home/zeus/ros2_ws/install/my_robot_yolo/lib/python3.10/site-packages/my_robot_yolo/__pycache__/debug_no.cpython-310.pyc
/home/zeus/ros2_ws/install/my_robot_yolo/lib/python3.10/site-packages/my_robot_yolo/__pycache__/yolov8_no.cpython-310.pyc
/home/zeus/ros2_ws/install/my_robot_yolo/share/ament_index/resource_index/packages/my_robot_yolo
/home/zeus/ros2_ws/install/my_robot_yolo/share/my_robot_yolo/package.xml
/home/zeus/ros2_ws/install/my_robot_yolo/lib/python3.10/site-packages/my_robot_yolo-0.0.0-py3.10.egg-info/zip-safe
/home/zeus/ros2_ws/install/my_robot_yolo/lib/python3.10/site-packages/my_robot_yolo-0.0.0-py3.10.egg-info/entry_points.txt
/home/zeus/ros2_ws/install/my_robot_yolo/lib/python3.10/site-packages/my_robot_yolo-0.0.0-py3.10.egg-info/PKG-INFO
/home/zeus/ros2_ws/install/my_robot_yolo/lib/python3.10/site-packages/my_robot_yolo-0.0.0-py3.10.egg-info/dependency_links.txt
/home/zeus/ros2_ws/install/my_robot_yolo/lib/python3.10/site-packages/my_robot_yolo-0.0.0-py3.10.egg-info/requires.txt
/home/zeus/ros2_ws/install/my_robot_yolo/lib/python3.10/site-packages/my_robot_yolo-0.0.0-py3.10.egg-info/top_level.txt
/home/zeus/ros2_ws/install/my_robot_yolo/lib/python3.10/site-packages/my_robot_yolo-0.0.0-py3.10.egg-info/SOURCES.txt
/home/zeus/ros2_ws/install/my_robot_yolo/lib/my_robot_yolo/camera_no
/home/zeus/ros2_ws/install/my_robot_yolo/lib/my_robot_yolo/debug_no
/home/zeus/ros2_ws/install/my_robot_yolo/lib/my_robot_yolo/yolov8_apont
/home/zeus/ros2_ws/install/my_robot_yolo/lib/my_robot_yolo/yolov8_no
