[0.183s] DEBUG:colcon:Command line arguments: ['/usr/bin/colcon', 'build']
[0.183s] DEBUG:colcon:Parsed command line arguments: Namespace(log_base=None, log_level=None, verb_name='build', build_base='build', install_base='install', merge_install=False, symlink_install=False, test_result_base=None, continue_on_error=False, executor='parallel', parallel_workers=12, event_handlers=None, ignore_user_meta=False, metas=['./colcon.meta'], base_paths=['.'], packages_ignore=None, packages_ignore_regex=None, paths=None, packages_up_to=None, packages_up_to_regex=None, packages_above=None, packages_above_and_dependencies=None, packages_above_depth=None, packages_select_by_dep=None, packages_skip_by_dep=None, packages_skip_up_to=None, packages_select_build_failed=False, packages_skip_build_finished=False, packages_select_test_failures=False, packages_skip_test_passed=False, packages_select=None, packages_skip=None, packages_select_regex=None, packages_skip_regex=None, packages_start=None, packages_end=None, allow_overriding=[], cmake_args=None, cmake_target=None, cmake_target_skip_unavailable=False, cmake_clean_cache=False, cmake_clean_first=False, cmake_force_configure=False, ament_cmake_args=None, catkin_cmake_args=None, catkin_skip_building_tests=False, mixin_files=None, mixin=None, verb_parser=<colcon_mixin.mixin.mixin_argument.MixinArgumentDecorator object at 0x756180c32920>, verb_extension=<colcon_core.verb.build.BuildVerb object at 0x756180c323b0>, main=<bound method BuildVerb.main of <colcon_core.verb.build.BuildVerb object at 0x756180c323b0>>, mixin_verb=('build',))
[0.448s] Level 1:colcon.colcon_core.package_discovery:discover_packages(colcon_meta) check parameters
[0.448s] Level 1:colcon.colcon_core.package_discovery:discover_packages(recursive) check parameters
[0.448s] Level 1:colcon.colcon_core.package_discovery:discover_packages(ignore) check parameters
[0.448s] Level 1:colcon.colcon_core.package_discovery:discover_packages(path) check parameters
[0.448s] Level 1:colcon.colcon_core.package_discovery:discover_packages(colcon_meta) discover
[0.448s] Level 1:colcon.colcon_core.package_discovery:discover_packages(recursive) discover
[0.449s] INFO:colcon.colcon_core.package_discovery:Crawling recursively for packages in '/home/zeus/ros2_ws'
[0.449s] Level 1:colcon.colcon_core.package_identification:_identify(.) by extensions ['ignore', 'ignore_ament_install']
[0.449s] Level 1:colcon.colcon_core.package_identification:_identify(.) by extension 'ignore'
[0.449s] Level 1:colcon.colcon_core.package_identification:_identify(.) by extension 'ignore_ament_install'
[0.449s] Level 1:colcon.colcon_core.package_identification:_identify(.) by extensions ['colcon_pkg']
[0.449s] Level 1:colcon.colcon_core.package_identification:_identify(.) by extension 'colcon_pkg'
[0.449s] Level 1:colcon.colcon_core.package_identification:_identify(.) by extensions ['colcon_meta']
[0.449s] Level 1:colcon.colcon_core.package_identification:_identify(.) by extension 'colcon_meta'
[0.449s] Level 1:colcon.colcon_core.package_identification:_identify(.) by extensions ['ros']
[0.449s] Level 1:colcon.colcon_core.package_identification:_identify(.) by extension 'ros'
[0.466s] Level 1:colcon.colcon_core.package_identification:_identify(.) by extensions ['cmake', 'python']
[0.466s] Level 1:colcon.colcon_core.package_identification:_identify(.) by extension 'cmake'
[0.466s] Level 1:colcon.colcon_core.package_identification:_identify(.) by extension 'python'
[0.466s] Level 1:colcon.colcon_core.package_identification:_identify(.) by extensions ['python_setup_py']
[0.466s] Level 1:colcon.colcon_core.package_identification:_identify(.) by extension 'python_setup_py'
[0.466s] Level 1:colcon.colcon_core.package_identification:_identify(build) by extensions ['ignore', 'ignore_ament_install']
[0.467s] Level 1:colcon.colcon_core.package_identification:_identify(build) by extension 'ignore'
[0.467s] Level 1:colcon.colcon_core.package_identification:_identify(build) ignored
[0.467s] Level 1:colcon.colcon_core.package_identification:_identify(install) by extensions ['ignore', 'ignore_ament_install']
[0.467s] Level 1:colcon.colcon_core.package_identification:_identify(install) by extension 'ignore'
[0.467s] Level 1:colcon.colcon_core.package_identification:_identify(install) ignored
[0.467s] Level 1:colcon.colcon_core.package_identification:_identify(log) by extensions ['ignore', 'ignore_ament_install']
[0.467s] Level 1:colcon.colcon_core.package_identification:_identify(log) by extension 'ignore'
[0.467s] Level 1:colcon.colcon_core.package_identification:_identify(log) ignored
[0.468s] Level 1:colcon.colcon_core.package_identification:_identify(src) by extensions ['ignore', 'ignore_ament_install']
[0.468s] Level 1:colcon.colcon_core.package_identification:_identify(src) by extension 'ignore'
[0.468s] Level 1:colcon.colcon_core.package_identification:_identify(src) by extension 'ignore_ament_install'
[0.468s] Level 1:colcon.colcon_core.package_identification:_identify(src) by extensions ['colcon_pkg']
[0.468s] Level 1:colcon.colcon_core.package_identification:_identify(src) by extension 'colcon_pkg'
[0.468s] Level 1:colcon.colcon_core.package_identification:_identify(src) by extensions ['colcon_meta']
[0.468s] Level 1:colcon.colcon_core.package_identification:_identify(src) by extension 'colcon_meta'
[0.468s] Level 1:colcon.colcon_core.package_identification:_identify(src) by extensions ['ros']
[0.468s] Level 1:colcon.colcon_core.package_identification:_identify(src) by extension 'ros'
[0.468s] Level 1:colcon.colcon_core.package_identification:_identify(src) by extensions ['cmake', 'python']
[0.468s] Level 1:colcon.colcon_core.package_identification:_identify(src) by extension 'cmake'
[0.468s] Level 1:colcon.colcon_core.package_identification:_identify(src) by extension 'python'
[0.468s] Level 1:colcon.colcon_core.package_identification:_identify(src) by extensions ['python_setup_py']
[0.469s] Level 1:colcon.colcon_core.package_identification:_identify(src) by extension 'python_setup_py'
[0.469s] Level 1:colcon.colcon_core.package_identification:_identify(src/build) by extensions ['ignore', 'ignore_ament_install']
[0.469s] Level 1:colcon.colcon_core.package_identification:_identify(src/build) by extension 'ignore'
[0.469s] Level 1:colcon.colcon_core.package_identification:_identify(src/build) ignored
[0.469s] Level 1:colcon.colcon_core.package_identification:_identify(src/install) by extensions ['ignore', 'ignore_ament_install']
[0.469s] Level 1:colcon.colcon_core.package_identification:_identify(src/install) by extension 'ignore'
[0.469s] Level 1:colcon.colcon_core.package_identification:_identify(src/install) ignored
[0.469s] Level 1:colcon.colcon_core.package_identification:_identify(src/log) by extensions ['ignore', 'ignore_ament_install']
[0.469s] Level 1:colcon.colcon_core.package_identification:_identify(src/log) by extension 'ignore'
[0.470s] Level 1:colcon.colcon_core.package_identification:_identify(src/log) ignored
[0.470s] Level 1:colcon.colcon_core.package_identification:_identify(src/my_robot_yolo) by extensions ['ignore', 'ignore_ament_install']
[0.470s] Level 1:colcon.colcon_core.package_identification:_identify(src/my_robot_yolo) by extension 'ignore'
[0.470s] Level 1:colcon.colcon_core.package_identification:_identify(src/my_robot_yolo) by extension 'ignore_ament_install'
[0.470s] Level 1:colcon.colcon_core.package_identification:_identify(src/my_robot_yolo) by extensions ['colcon_pkg']
[0.470s] Level 1:colcon.colcon_core.package_identification:_identify(src/my_robot_yolo) by extension 'colcon_pkg'
[0.470s] Level 1:colcon.colcon_core.package_identification:_identify(src/my_robot_yolo) by extensions ['colcon_meta']
[0.470s] Level 1:colcon.colcon_core.package_identification:_identify(src/my_robot_yolo) by extension 'colcon_meta'
[0.470s] Level 1:colcon.colcon_core.package_identification:_identify(src/my_robot_yolo) by extensions ['ros']
[0.470s] Level 1:colcon.colcon_core.package_identification:_identify(src/my_robot_yolo) by extension 'ros'
[0.474s] DEBUG:colcon.colcon_core.package_identification:Package 'src/my_robot_yolo' with type 'ros.ament_python' and name 'my_robot_yolo'
[0.474s] Level 1:colcon.colcon_core.package_identification:_identify(src/yolov8_msgs) by extensions ['ignore', 'ignore_ament_install']
[0.474s] Level 1:colcon.colcon_core.package_identification:_identify(src/yolov8_msgs) by extension 'ignore'
[0.474s] Level 1:colcon.colcon_core.package_identification:_identify(src/yolov8_msgs) by extension 'ignore_ament_install'
[0.474s] Level 1:colcon.colcon_core.package_identification:_identify(src/yolov8_msgs) by extensions ['colcon_pkg']
[0.474s] Level 1:colcon.colcon_core.package_identification:_identify(src/yolov8_msgs) by extension 'colcon_pkg'
[0.474s] Level 1:colcon.colcon_core.package_identification:_identify(src/yolov8_msgs) by extensions ['colcon_meta']
[0.474s] Level 1:colcon.colcon_core.package_identification:_identify(src/yolov8_msgs) by extension 'colcon_meta'
[0.474s] Level 1:colcon.colcon_core.package_identification:_identify(src/yolov8_msgs) by extensions ['ros']
[0.474s] Level 1:colcon.colcon_core.package_identification:_identify(src/yolov8_msgs) by extension 'ros'
[0.475s] DEBUG:colcon.colcon_core.package_identification:Package 'src/yolov8_msgs' with type 'ros.ament_cmake' and name 'yolov8_msgs'
[0.475s] Level 1:colcon.colcon_core.package_discovery:discover_packages(recursive) using defaults
[0.475s] Level 1:colcon.colcon_core.package_discovery:discover_packages(ignore) discover
[0.475s] Level 1:colcon.colcon_core.package_discovery:discover_packages(ignore) using defaults
[0.476s] Level 1:colcon.colcon_core.package_discovery:discover_packages(path) discover
[0.476s] Level 1:colcon.colcon_core.package_discovery:discover_packages(path) using defaults
[0.515s] Level 1:colcon.colcon_core.package_discovery:discover_packages(prefix_path) check parameters
[0.516s] Level 1:colcon.colcon_core.package_discovery:discover_packages(prefix_path) discover
[0.518s] DEBUG:colcon.colcon_installed_package_information.package_discovery:Found 2 installed packages in /home/zeus/ros2_ws/install
[0.520s] DEBUG:colcon.colcon_installed_package_information.package_discovery:Found 281 installed packages in /opt/ros/iron
[0.522s] Level 1:colcon.colcon_core.package_discovery:discover_packages(prefix_path) using defaults
[0.588s] Level 5:colcon.colcon_core.verb:set package 'my_robot_yolo' build argument 'cmake_args' from command line to 'None'
[0.588s] Level 5:colcon.colcon_core.verb:set package 'my_robot_yolo' build argument 'cmake_target' from command line to 'None'
[0.589s] Level 5:colcon.colcon_core.verb:set package 'my_robot_yolo' build argument 'cmake_target_skip_unavailable' from command line to 'False'
[0.589s] Level 5:colcon.colcon_core.verb:set package 'my_robot_yolo' build argument 'cmake_clean_cache' from command line to 'False'
[0.589s] Level 5:colcon.colcon_core.verb:set package 'my_robot_yolo' build argument 'cmake_clean_first' from command line to 'False'
[0.589s] Level 5:colcon.colcon_core.verb:set package 'my_robot_yolo' build argument 'cmake_force_configure' from command line to 'False'
[0.589s] Level 5:colcon.colcon_core.verb:set package 'my_robot_yolo' build argument 'ament_cmake_args' from command line to 'None'
[0.589s] Level 5:colcon.colcon_core.verb:set package 'my_robot_yolo' build argument 'catkin_cmake_args' from command line to 'None'
[0.589s] Level 5:colcon.colcon_core.verb:set package 'my_robot_yolo' build argument 'catkin_skip_building_tests' from command line to 'False'
[0.589s] DEBUG:colcon.colcon_core.verb:Building package 'my_robot_yolo' with the following arguments: {'ament_cmake_args': None, 'build_base': '/home/zeus/ros2_ws/build/my_robot_yolo', 'catkin_cmake_args': None, 'catkin_skip_building_tests': False, 'cmake_args': None, 'cmake_clean_cache': False, 'cmake_clean_first': False, 'cmake_force_configure': False, 'cmake_target': None, 'cmake_target_skip_unavailable': False, 'install_base': '/home/zeus/ros2_ws/install/my_robot_yolo', 'merge_install': False, 'path': '/home/zeus/ros2_ws/src/my_robot_yolo', 'symlink_install': False, 'test_result_base': None}
[0.589s] Level 5:colcon.colcon_core.verb:set package 'yolov8_msgs' build argument 'cmake_args' from command line to 'None'
[0.589s] Level 5:colcon.colcon_core.verb:set package 'yolov8_msgs' build argument 'cmake_target' from command line to 'None'
[0.590s] Level 5:colcon.colcon_core.verb:set package 'yolov8_msgs' build argument 'cmake_target_skip_unavailable' from command line to 'False'
[0.590s] Level 5:colcon.colcon_core.verb:set package 'yolov8_msgs' build argument 'cmake_clean_cache' from command line to 'False'
[0.590s] Level 5:colcon.colcon_core.verb:set package 'yolov8_msgs' build argument 'cmake_clean_first' from command line to 'False'
[0.590s] Level 5:colcon.colcon_core.verb:set package 'yolov8_msgs' build argument 'cmake_force_configure' from command line to 'False'
[0.590s] Level 5:colcon.colcon_core.verb:set package 'yolov8_msgs' build argument 'ament_cmake_args' from command line to 'None'
[0.590s] Level 5:colcon.colcon_core.verb:set package 'yolov8_msgs' build argument 'catkin_cmake_args' from command line to 'None'
[0.590s] Level 5:colcon.colcon_core.verb:set package 'yolov8_msgs' build argument 'catkin_skip_building_tests' from command line to 'False'
[0.590s] DEBUG:colcon.colcon_core.verb:Building package 'yolov8_msgs' with the following arguments: {'ament_cmake_args': None, 'build_base': '/home/zeus/ros2_ws/build/yolov8_msgs', 'catkin_cmake_args': None, 'catkin_skip_building_tests': False, 'cmake_args': None, 'cmake_clean_cache': False, 'cmake_clean_first': False, 'cmake_force_configure': False, 'cmake_target': None, 'cmake_target_skip_unavailable': False, 'install_base': '/home/zeus/ros2_ws/install/yolov8_msgs', 'merge_install': False, 'path': '/home/zeus/ros2_ws/src/yolov8_msgs', 'symlink_install': False, 'test_result_base': None}
[0.590s] INFO:colcon.colcon_core.executor:Executing jobs using 'parallel' executor
[0.591s] DEBUG:colcon.colcon_parallel_executor.executor.parallel:run_until_complete
[0.592s] INFO:colcon.colcon_ros.task.ament_python.build:Building ROS package in '/home/zeus/ros2_ws/src/my_robot_yolo' with build type 'ament_python'
[0.592s] Level 1:colcon.colcon_core.shell:create_environment_hook('my_robot_yolo', 'ament_prefix_path')
[0.595s] INFO:colcon.colcon_core.plugin_system:Skipping extension 'colcon_core.shell.bat': Not used on non-Windows systems
[0.595s] INFO:colcon.colcon_core.shell:Creating environment hook '/home/zeus/ros2_ws/install/my_robot_yolo/share/my_robot_yolo/hook/ament_prefix_path.ps1'
[0.596s] INFO:colcon.colcon_core.shell:Creating environment descriptor '/home/zeus/ros2_ws/install/my_robot_yolo/share/my_robot_yolo/hook/ament_prefix_path.dsv'
[0.597s] INFO:colcon.colcon_core.shell:Creating environment hook '/home/zeus/ros2_ws/install/my_robot_yolo/share/my_robot_yolo/hook/ament_prefix_path.sh'
[0.598s] INFO:colcon.colcon_core.shell:Skip shell extension 'powershell' for command environment: Not usable outside of PowerShell
[0.598s] DEBUG:colcon.colcon_core.shell:Skip shell extension 'dsv' for command environment
[0.602s] INFO:colcon.colcon_ros.task.ament_cmake.build:Building ROS package in '/home/zeus/ros2_ws/src/yolov8_msgs' with build type 'ament_cmake'
[0.603s] INFO:colcon.colcon_cmake.task.cmake.build:Building CMake package in '/home/zeus/ros2_ws/src/yolov8_msgs'
[0.603s] INFO:colcon.colcon_core.shell:Skip shell extension 'powershell' for command environment: Not usable outside of PowerShell
[0.603s] DEBUG:colcon.colcon_core.shell:Skip shell extension 'dsv' for command environment
[1.049s] INFO:colcon.colcon_core.task.python.build:Building Python package in '/home/zeus/ros2_ws/src/my_robot_yolo'
[1.049s] INFO:colcon.colcon_core.shell:Skip shell extension 'powershell' for command environment: Not usable outside of PowerShell
[1.049s] DEBUG:colcon.colcon_core.shell:Skip shell extension 'dsv' for command environment
[1.059s] DEBUG:colcon.colcon_core.event_handler.log_command:Invoking command in '/home/zeus/ros2_ws/build/yolov8_msgs': CMAKE_PREFIX_PATH=${CMAKE_PREFIX_PATH}:/home/zeus/ros2_ws/install/my_robot_yolo:/opt/ros/iron /usr/bin/cmake --build /home/zeus/ros2_ws/build/yolov8_msgs -- -j12 -l12
[1.590s] DEBUG:colcon.colcon_core.event_handler.log_command:Invoking command in '/home/zeus/ros2_ws/src/my_robot_yolo': PYTHONPATH=/home/zeus/ros2_ws/build/my_robot_yolo/prefix_override:/usr/lib/python3/dist-packages/colcon_core/task/python/colcon_distutils_commands:/home/zeus/ros2_ws/install/my_robot_yolo/lib/python3.10/site-packages:${PYTHONPATH} /usr/bin/python3 -W ignore:setup.py install is deprecated setup.py egg_info --egg-base ../../build/my_robot_yolo build --build-base /home/zeus/ros2_ws/build/my_robot_yolo/build install --record /home/zeus/ros2_ws/build/my_robot_yolo/install.log --single-version-externally-managed install_data
[2.056s] DEBUG:colcon.colcon_core.event_handler.log_command:Invoked command in '/home/zeus/ros2_ws/src/my_robot_yolo' returned '0': PYTHONPATH=/home/zeus/ros2_ws/build/my_robot_yolo/prefix_override:/usr/lib/python3/dist-packages/colcon_core/task/python/colcon_distutils_commands:/home/zeus/ros2_ws/install/my_robot_yolo/lib/python3.10/site-packages:${PYTHONPATH} /usr/bin/python3 -W ignore:setup.py install is deprecated setup.py egg_info --egg-base ../../build/my_robot_yolo build --build-base /home/zeus/ros2_ws/build/my_robot_yolo/build install --record /home/zeus/ros2_ws/build/my_robot_yolo/install.log --single-version-externally-managed install_data
[2.059s] Level 1:colcon.colcon_core.environment:checking '/home/zeus/ros2_ws/install/my_robot_yolo' for CMake module files
[2.060s] Level 1:colcon.colcon_core.environment:checking '/home/zeus/ros2_ws/install/my_robot_yolo' for CMake config files
[2.061s] Level 1:colcon.colcon_core.environment:checking '/home/zeus/ros2_ws/install/my_robot_yolo/lib'
[2.061s] Level 1:colcon.colcon_core.environment:checking '/home/zeus/ros2_ws/install/my_robot_yolo/bin'
[2.061s] Level 1:colcon.colcon_core.environment:checking '/home/zeus/ros2_ws/install/my_robot_yolo/lib/pkgconfig/my_robot_yolo.pc'
[2.062s] Level 1:colcon.colcon_core.environment:checking '/home/zeus/ros2_ws/install/my_robot_yolo/lib/python3.10/site-packages'
[2.062s] Level 1:colcon.colcon_core.shell:create_environment_hook('my_robot_yolo', 'pythonpath')
[2.062s] INFO:colcon.colcon_core.shell:Creating environment hook '/home/zeus/ros2_ws/install/my_robot_yolo/share/my_robot_yolo/hook/pythonpath.ps1'
[2.063s] INFO:colcon.colcon_core.shell:Creating environment descriptor '/home/zeus/ros2_ws/install/my_robot_yolo/share/my_robot_yolo/hook/pythonpath.dsv'
[2.063s] INFO:colcon.colcon_core.shell:Creating environment hook '/home/zeus/ros2_ws/install/my_robot_yolo/share/my_robot_yolo/hook/pythonpath.sh'
[2.064s] Level 1:colcon.colcon_core.environment:checking '/home/zeus/ros2_ws/install/my_robot_yolo/bin'
[2.064s] Level 1:colcon.colcon_core.environment:create_environment_scripts_only(my_robot_yolo)
[2.064s] INFO:colcon.colcon_core.shell:Creating package script '/home/zeus/ros2_ws/install/my_robot_yolo/share/my_robot_yolo/package.ps1'
[2.066s] INFO:colcon.colcon_core.shell:Creating package descriptor '/home/zeus/ros2_ws/install/my_robot_yolo/share/my_robot_yolo/package.dsv'
[2.067s] INFO:colcon.colcon_core.shell:Creating package script '/home/zeus/ros2_ws/install/my_robot_yolo/share/my_robot_yolo/package.sh'
[2.068s] INFO:colcon.colcon_core.shell:Creating package script '/home/zeus/ros2_ws/install/my_robot_yolo/share/my_robot_yolo/package.bash'
[2.069s] INFO:colcon.colcon_core.shell:Creating package script '/home/zeus/ros2_ws/install/my_robot_yolo/share/my_robot_yolo/package.zsh'
[2.070s] Level 1:colcon.colcon_core.environment:create_file_with_runtime_dependencies(/home/zeus/ros2_ws/install/my_robot_yolo/share/colcon-core/packages/my_robot_yolo)
[7.007s] DEBUG:colcon.colcon_core.event_handler.log_command:Invoked command in '/home/zeus/ros2_ws/build/yolov8_msgs' returned '0': CMAKE_PREFIX_PATH=${CMAKE_PREFIX_PATH}:/home/zeus/ros2_ws/install/my_robot_yolo:/opt/ros/iron /usr/bin/cmake --build /home/zeus/ros2_ws/build/yolov8_msgs -- -j12 -l12
[7.163s] DEBUG:colcon.colcon_core.event_handler.log_command:Invoking command in '/home/zeus/ros2_ws/build/yolov8_msgs': CMAKE_PREFIX_PATH=${CMAKE_PREFIX_PATH}:/home/zeus/ros2_ws/install/my_robot_yolo:/opt/ros/iron /usr/bin/cmake --install /home/zeus/ros2_ws/build/yolov8_msgs
[7.266s] Level 1:colcon.colcon_core.environment:create_environment_scripts_only(yolov8_msgs)
[7.266s] Level 1:colcon.colcon_core.environment:checking '/home/zeus/ros2_ws/install/yolov8_msgs' for CMake module files
[7.267s] DEBUG:colcon.colcon_core.event_handler.log_command:Invoked command in '/home/zeus/ros2_ws/build/yolov8_msgs' returned '0': CMAKE_PREFIX_PATH=${CMAKE_PREFIX_PATH}:/home/zeus/ros2_ws/install/my_robot_yolo:/opt/ros/iron /usr/bin/cmake --install /home/zeus/ros2_ws/build/yolov8_msgs
[7.268s] Level 1:colcon.colcon_core.environment:checking '/home/zeus/ros2_ws/install/yolov8_msgs' for CMake config files
[7.269s] Level 1:colcon.colcon_core.shell:create_environment_hook('yolov8_msgs', 'cmake_prefix_path')
[7.270s] INFO:colcon.colcon_core.shell:Creating environment hook '/home/zeus/ros2_ws/install/yolov8_msgs/share/yolov8_msgs/hook/cmake_prefix_path.ps1'
[7.271s] INFO:colcon.colcon_core.shell:Creating environment descriptor '/home/zeus/ros2_ws/install/yolov8_msgs/share/yolov8_msgs/hook/cmake_prefix_path.dsv'
[7.271s] INFO:colcon.colcon_core.shell:Creating environment hook '/home/zeus/ros2_ws/install/yolov8_msgs/share/yolov8_msgs/hook/cmake_prefix_path.sh'
[7.272s] Level 1:colcon.colcon_core.environment:checking '/home/zeus/ros2_ws/install/yolov8_msgs/lib'
[7.272s] Level 1:colcon.colcon_core.shell:create_environment_hook('yolov8_msgs', 'ld_library_path_lib')
[7.272s] INFO:colcon.colcon_core.shell:Creating environment hook '/home/zeus/ros2_ws/install/yolov8_msgs/share/yolov8_msgs/hook/ld_library_path_lib.ps1'
[7.273s] INFO:colcon.colcon_core.shell:Creating environment descriptor '/home/zeus/ros2_ws/install/yolov8_msgs/share/yolov8_msgs/hook/ld_library_path_lib.dsv'
[7.273s] INFO:colcon.colcon_core.shell:Creating environment hook '/home/zeus/ros2_ws/install/yolov8_msgs/share/yolov8_msgs/hook/ld_library_path_lib.sh'
[7.274s] Level 1:colcon.colcon_core.environment:checking '/home/zeus/ros2_ws/install/yolov8_msgs/bin'
[7.274s] Level 1:colcon.colcon_core.environment:checking '/home/zeus/ros2_ws/install/yolov8_msgs/lib/pkgconfig/yolov8_msgs.pc'
[7.274s] Level 1:colcon.colcon_core.environment:checking '/home/zeus/ros2_ws/install/yolov8_msgs/lib/python3.10/site-packages'
[7.274s] Level 1:colcon.colcon_core.shell:create_environment_hook('yolov8_msgs', 'pythonpath')
[7.275s] INFO:colcon.colcon_core.shell:Creating environment hook '/home/zeus/ros2_ws/install/yolov8_msgs/share/yolov8_msgs/hook/pythonpath.ps1'
[7.275s] INFO:colcon.colcon_core.shell:Creating environment descriptor '/home/zeus/ros2_ws/install/yolov8_msgs/share/yolov8_msgs/hook/pythonpath.dsv'
[7.275s] INFO:colcon.colcon_core.shell:Creating environment hook '/home/zeus/ros2_ws/install/yolov8_msgs/share/yolov8_msgs/hook/pythonpath.sh'
[7.276s] Level 1:colcon.colcon_core.environment:checking '/home/zeus/ros2_ws/install/yolov8_msgs/bin'
[7.277s] INFO:colcon.colcon_core.shell:Creating package script '/home/zeus/ros2_ws/install/yolov8_msgs/share/yolov8_msgs/package.ps1'
[7.278s] INFO:colcon.colcon_core.shell:Creating package descriptor '/home/zeus/ros2_ws/install/yolov8_msgs/share/yolov8_msgs/package.dsv'
[7.278s] INFO:colcon.colcon_core.shell:Creating package script '/home/zeus/ros2_ws/install/yolov8_msgs/share/yolov8_msgs/package.sh'
[7.279s] INFO:colcon.colcon_core.shell:Creating package script '/home/zeus/ros2_ws/install/yolov8_msgs/share/yolov8_msgs/package.bash'
[7.280s] INFO:colcon.colcon_core.shell:Creating package script '/home/zeus/ros2_ws/install/yolov8_msgs/share/yolov8_msgs/package.zsh'
[7.280s] Level 1:colcon.colcon_core.environment:create_file_with_runtime_dependencies(/home/zeus/ros2_ws/install/yolov8_msgs/share/colcon-core/packages/yolov8_msgs)
[7.426s] Level 1:colcon.colcon_core.environment:create_environment_scripts_only(yolov8_msgs)
[7.426s] Level 1:colcon.colcon_core.environment:checking '/home/zeus/ros2_ws/install/yolov8_msgs' for CMake module files
[7.427s] Level 1:colcon.colcon_core.environment:checking '/home/zeus/ros2_ws/install/yolov8_msgs' for CMake config files
[7.428s] Level 1:colcon.colcon_core.shell:create_environment_hook('yolov8_msgs', 'cmake_prefix_path')
[7.428s] INFO:colcon.colcon_core.shell:Creating environment hook '/home/zeus/ros2_ws/install/yolov8_msgs/share/yolov8_msgs/hook/cmake_prefix_path.ps1'
[7.429s] INFO:colcon.colcon_core.shell:Creating environment descriptor '/home/zeus/ros2_ws/install/yolov8_msgs/share/yolov8_msgs/hook/cmake_prefix_path.dsv'
[7.429s] INFO:colcon.colcon_core.shell:Creating environment hook '/home/zeus/ros2_ws/install/yolov8_msgs/share/yolov8_msgs/hook/cmake_prefix_path.sh'
[7.430s] Level 1:colcon.colcon_core.environment:checking '/home/zeus/ros2_ws/install/yolov8_msgs/lib'
[7.430s] Level 1:colcon.colcon_core.shell:create_environment_hook('yolov8_msgs', 'ld_library_path_lib')
[7.430s] INFO:colcon.colcon_core.shell:Creating environment hook '/home/zeus/ros2_ws/install/yolov8_msgs/share/yolov8_msgs/hook/ld_library_path_lib.ps1'
[7.431s] INFO:colcon.colcon_core.shell:Creating environment descriptor '/home/zeus/ros2_ws/install/yolov8_msgs/share/yolov8_msgs/hook/ld_library_path_lib.dsv'
[7.431s] INFO:colcon.colcon_core.shell:Creating environment hook '/home/zeus/ros2_ws/install/yolov8_msgs/share/yolov8_msgs/hook/ld_library_path_lib.sh'
[7.432s] Level 1:colcon.colcon_core.environment:checking '/home/zeus/ros2_ws/install/yolov8_msgs/bin'
[7.432s] Level 1:colcon.colcon_core.environment:checking '/home/zeus/ros2_ws/install/yolov8_msgs/lib/pkgconfig/yolov8_msgs.pc'
[7.432s] Level 1:colcon.colcon_core.environment:checking '/home/zeus/ros2_ws/install/yolov8_msgs/lib/python3.10/site-packages'
[7.432s] Level 1:colcon.colcon_core.shell:create_environment_hook('yolov8_msgs', 'pythonpath')
[7.433s] INFO:colcon.colcon_core.shell:Creating environment hook '/home/zeus/ros2_ws/install/yolov8_msgs/share/yolov8_msgs/hook/pythonpath.ps1'
[7.433s] INFO:colcon.colcon_core.shell:Creating environment descriptor '/home/zeus/ros2_ws/install/yolov8_msgs/share/yolov8_msgs/hook/pythonpath.dsv'
[7.434s] INFO:colcon.colcon_core.shell:Creating environment hook '/home/zeus/ros2_ws/install/yolov8_msgs/share/yolov8_msgs/hook/pythonpath.sh'
[7.434s] Level 1:colcon.colcon_core.environment:checking '/home/zeus/ros2_ws/install/yolov8_msgs/bin'
[7.435s] INFO:colcon.colcon_core.shell:Creating package script '/home/zeus/ros2_ws/install/yolov8_msgs/share/yolov8_msgs/package.ps1'
[7.436s] INFO:colcon.colcon_core.shell:Creating package descriptor '/home/zeus/ros2_ws/install/yolov8_msgs/share/yolov8_msgs/package.dsv'
[7.436s] INFO:colcon.colcon_core.shell:Creating package script '/home/zeus/ros2_ws/install/yolov8_msgs/share/yolov8_msgs/package.sh'
[7.437s] INFO:colcon.colcon_core.shell:Creating package script '/home/zeus/ros2_ws/install/yolov8_msgs/share/yolov8_msgs/package.bash'
[7.438s] INFO:colcon.colcon_core.shell:Creating package script '/home/zeus/ros2_ws/install/yolov8_msgs/share/yolov8_msgs/package.zsh'
[7.438s] Level 1:colcon.colcon_core.environment:create_file_with_runtime_dependencies(/home/zeus/ros2_ws/install/yolov8_msgs/share/colcon-core/packages/yolov8_msgs)
[7.439s] DEBUG:colcon.colcon_parallel_executor.executor.parallel:closing loop
[7.439s] DEBUG:colcon.colcon_parallel_executor.executor.parallel:loop closed
[7.439s] DEBUG:colcon.colcon_parallel_executor.executor.parallel:run_until_complete finished with '0'
[7.439s] DEBUG:colcon.colcon_core.event_reactor:joining thread
[7.447s] INFO:colcon.colcon_core.plugin_system:Skipping extension 'colcon_notification.desktop_notification.terminal_notifier': Not used on non-Darwin systems
[7.447s] INFO:colcon.colcon_core.plugin_system:Skipping extension 'colcon_notification.desktop_notification.win32': Not used on non-Windows systems
[7.447s] INFO:colcon.colcon_notification.desktop_notification:Sending desktop notification using 'notify2'
[7.464s] DEBUG:colcon.colcon_core.event_reactor:joined thread
[7.464s] INFO:colcon.colcon_core.shell:Creating prefix script '/home/zeus/ros2_ws/install/local_setup.ps1'
[7.466s] INFO:colcon.colcon_core.shell:Creating prefix util module '/home/zeus/ros2_ws/install/_local_setup_util_ps1.py'
[7.468s] INFO:colcon.colcon_core.shell:Creating prefix chain script '/home/zeus/ros2_ws/install/setup.ps1'
[7.469s] INFO:colcon.colcon_core.shell:Creating prefix script '/home/zeus/ros2_ws/install/local_setup.sh'
[7.470s] INFO:colcon.colcon_core.shell:Creating prefix util module '/home/zeus/ros2_ws/install/_local_setup_util_sh.py'
[7.471s] INFO:colcon.colcon_core.shell:Creating prefix chain script '/home/zeus/ros2_ws/install/setup.sh'
[7.473s] INFO:colcon.colcon_core.shell:Creating prefix script '/home/zeus/ros2_ws/install/local_setup.bash'
[7.473s] INFO:colcon.colcon_core.shell:Creating prefix chain script '/home/zeus/ros2_ws/install/setup.bash'
[7.475s] INFO:colcon.colcon_core.shell:Creating prefix script '/home/zeus/ros2_ws/install/local_setup.zsh'
[7.476s] INFO:colcon.colcon_core.shell:Creating prefix chain script '/home/zeus/ros2_ws/install/setup.zsh'
