running egg_info
creating ../../build/my_robot_yolo/my_robot_yolo.egg-info
writing ../../build/my_robot_yolo/my_robot_yolo.egg-info/PKG-INFO
writing dependency_links to ../../build/my_robot_yolo/my_robot_yolo.egg-info/dependency_links.txt
writing entry points to ../../build/my_robot_yolo/my_robot_yolo.egg-info/entry_points.txt
writing requirements to ../../build/my_robot_yolo/my_robot_yolo.egg-info/requires.txt
writing top-level names to ../../build/my_robot_yolo/my_robot_yolo.egg-info/top_level.txt
writing manifest file '../../build/my_robot_yolo/my_robot_yolo.egg-info/SOURCES.txt'
reading manifest file '../../build/my_robot_yolo/my_robot_yolo.egg-info/SOURCES.txt'
writing manifest file '../../build/my_robot_yolo/my_robot_yolo.egg-info/SOURCES.txt'
running build
running build_py
creating /home/zeus/ros2_ws/build/my_robot_yolo/build
creating /home/zeus/ros2_ws/build/my_robot_yolo/build/lib
creating /home/zeus/ros2_ws/build/my_robot_yolo/build/lib/my_robot_yolo
copying my_robot_yolo/__init__.py -> /home/zeus/ros2_ws/build/my_robot_yolo/build/lib/my_robot_yolo
running install
running install_lib
creating /home/zeus/ros2_ws/install/my_robot_yolo/lib/python3.10/site-packages/my_robot_yolo
copying /home/zeus/ros2_ws/build/my_robot_yolo/build/lib/my_robot_yolo/__init__.py -> /home/zeus/ros2_ws/install/my_robot_yolo/lib/python3.10/site-packages/my_robot_yolo
byte-compiling /home/zeus/ros2_ws/install/my_robot_yolo/lib/python3.10/site-packages/my_robot_yolo/__init__.py to __init__.cpython-310.pyc
running install_data
creating /home/zeus/ros2_ws/install/my_robot_yolo/share/ament_index
creating /home/zeus/ros2_ws/install/my_robot_yolo/share/ament_index/resource_index
creating /home/zeus/ros2_ws/install/my_robot_yolo/share/ament_index/resource_index/packages
copying resource/my_robot_yolo -> /home/zeus/ros2_ws/install/my_robot_yolo/share/ament_index/resource_index/packages
copying package.xml -> /home/zeus/ros2_ws/install/my_robot_yolo/share/my_robot_yolo
running install_egg_info
Copying ../../build/my_robot_yolo/my_robot_yolo.egg-info to /home/zeus/ros2_ws/install/my_robot_yolo/lib/python3.10/site-packages/my_robot_yolo-0.0.0-py3.10.egg-info
running install_scripts
writing list of installed files to '/home/zeus/ros2_ws/build/my_robot_yolo/install.log'
