[0.756s] Invoking command in '/home/zeus/ros2_ws/src/my_robot_yolo': PYTHONPATH=/home/zeus/ros2_ws/build/my_robot_yolo/prefix_override:/usr/lib/python3/dist-packages/colcon_core/task/python/colcon_distutils_commands:/home/zeus/ros2_ws/install/my_robot_yolo/lib/python3.10/site-packages:${PYTHONPATH} /usr/bin/python3 -W ignore:setup.py install is deprecated setup.py egg_info --egg-base ../../build/my_robot_yolo build --build-base /home/zeus/ros2_ws/build/my_robot_yolo/build install --record /home/zeus/ros2_ws/build/my_robot_yolo/install.log --single-version-externally-managed install_data
[0.975s] running egg_info
[0.976s] creating ../../build/my_robot_yolo/my_robot_yolo.egg-info
[0.976s] writing ../../build/my_robot_yolo/my_robot_yolo.egg-info/PKG-INFO
[0.976s] writing dependency_links to ../../build/my_robot_yolo/my_robot_yolo.egg-info/dependency_links.txt
[0.976s] writing entry points to ../../build/my_robot_yolo/my_robot_yolo.egg-info/entry_points.txt
[0.977s] writing requirements to ../../build/my_robot_yolo/my_robot_yolo.egg-info/requires.txt
[0.977s] writing top-level names to ../../build/my_robot_yolo/my_robot_yolo.egg-info/top_level.txt
[0.977s] writing manifest file '../../build/my_robot_yolo/my_robot_yolo.egg-info/SOURCES.txt'
[0.978s] reading manifest file '../../build/my_robot_yolo/my_robot_yolo.egg-info/SOURCES.txt'
[0.979s] writing manifest file '../../build/my_robot_yolo/my_robot_yolo.egg-info/SOURCES.txt'
[0.979s] running build
[0.979s] running build_py
[0.979s] creating /home/zeus/ros2_ws/build/my_robot_yolo/build
[0.979s] creating /home/zeus/ros2_ws/build/my_robot_yolo/build/lib
[0.979s] creating /home/zeus/ros2_ws/build/my_robot_yolo/build/lib/my_robot_yolo
[0.979s] copying my_robot_yolo/__init__.py -> /home/zeus/ros2_ws/build/my_robot_yolo/build/lib/my_robot_yolo
[0.979s] running install
[0.980s] running install_lib
[0.980s] creating /home/zeus/ros2_ws/install/my_robot_yolo/lib/python3.10/site-packages/my_robot_yolo
[0.980s] copying /home/zeus/ros2_ws/build/my_robot_yolo/build/lib/my_robot_yolo/__init__.py -> /home/zeus/ros2_ws/install/my_robot_yolo/lib/python3.10/site-packages/my_robot_yolo
[0.981s] byte-compiling /home/zeus/ros2_ws/install/my_robot_yolo/lib/python3.10/site-packages/my_robot_yolo/__init__.py to __init__.cpython-310.pyc
[0.981s] running install_data
[0.981s] creating /home/zeus/ros2_ws/install/my_robot_yolo/share/ament_index
[0.981s] creating /home/zeus/ros2_ws/install/my_robot_yolo/share/ament_index/resource_index
[0.981s] creating /home/zeus/ros2_ws/install/my_robot_yolo/share/ament_index/resource_index/packages
[0.981s] copying resource/my_robot_yolo -> /home/zeus/ros2_ws/install/my_robot_yolo/share/ament_index/resource_index/packages
[0.981s] copying package.xml -> /home/zeus/ros2_ws/install/my_robot_yolo/share/my_robot_yolo
[0.981s] running install_egg_info
[0.983s] Copying ../../build/my_robot_yolo/my_robot_yolo.egg-info to /home/zeus/ros2_ws/install/my_robot_yolo/lib/python3.10/site-packages/my_robot_yolo-0.0.0-py3.10.egg-info
[0.984s] running install_scripts
[1.001s] writing list of installed files to '/home/zeus/ros2_ws/build/my_robot_yolo/install.log'
[1.023s] Invoked command in '/home/zeus/ros2_ws/src/my_robot_yolo' returned '0': PYTHONPATH=/home/zeus/ros2_ws/build/my_robot_yolo/prefix_override:/usr/lib/python3/dist-packages/colcon_core/task/python/colcon_distutils_commands:/home/zeus/ros2_ws/install/my_robot_yolo/lib/python3.10/site-packages:${PYTHONPATH} /usr/bin/python3 -W ignore:setup.py install is deprecated setup.py egg_info --egg-base ../../build/my_robot_yolo build --build-base /home/zeus/ros2_ws/build/my_robot_yolo/build install --record /home/zeus/ros2_ws/build/my_robot_yolo/install.log --single-version-externally-managed install_data
