[0.236s] Invoking command in '/home/zeus/ros2_ws/src/build/yolov8_msgs': CMAKE_PREFIX_PATH=/home/zeus/ros2_ws/install/yolov8_msgs:/home/zeus/ros2_ws/install/my_robot_yolo:/opt/ros/iron /usr/bin/cmake /home/zeus/ros2_ws/src/yolov8_msgs -DCMAKE_INSTALL_PREFIX=/home/zeus/ros2_ws/src/install/yolov8_msgs
[0.286s] -- The C compiler identification is GNU 11.4.0
[0.337s] -- The CXX compiler identification is GNU 11.4.0
[0.343s] -- Detecting C compiler ABI info
[0.403s] -- Detecting C compiler ABI info - done
[0.409s] -- Check for working C compiler: /usr/bin/cc - skipped
[0.410s] -- Detecting C compile features
[0.410s] -- Detecting C compile features - done
[0.412s] -- Detecting CXX compiler ABI info
[0.483s] -- Detecting CXX compiler ABI info - done
[0.490s] -- Check for working CXX compiler: /usr/bin/c++ - skipped
[0.490s] -- Detecting CXX compile features
[0.491s] -- Detecting CXX compile features - done
[0.493s] -- Found ament_cmake: 2.0.6 (/opt/ros/iron/share/ament_cmake/cmake)
[0.643s] -- Found Python3: /usr/bin/python3.10 (found version "3.10.12") found components: Interpreter 
[0.718s] -- Found std_msgs: 5.0.1 (/opt/ros/iron/share/std_msgs/cmake)
[0.749s] -- Found rosidl_generator_c: 4.0.1 (/opt/ros/iron/share/rosidl_generator_c/cmake)
[0.760s] -- Found rosidl_generator_cpp: 4.0.1 (/opt/ros/iron/share/rosidl_generator_cpp/cmake)
[0.774s] -- Using all available rosidl_typesupport_c: rosidl_typesupport_fastrtps_c;rosidl_typesupport_introspection_c
[0.792s] -- Using all available rosidl_typesupport_cpp: rosidl_typesupport_fastrtps_cpp;rosidl_typesupport_introspection_cpp
[0.845s] -- Found rosidl_default_generators: 1.5.0 (/opt/ros/iron/share/rosidl_default_generators/cmake)
[0.857s] -- Found rosidl_adapter: 4.0.1 (/opt/ros/iron/share/rosidl_adapter/cmake)
[1.144s] -- Found ament_cmake_ros: 0.11.2 (/opt/ros/iron/share/ament_cmake_ros/cmake)
[1.460s] -- Using all available rosidl_typesupport_c: rosidl_typesupport_fastrtps_c;rosidl_typesupport_introspection_c
[1.584s] -- Using all available rosidl_typesupport_cpp: rosidl_typesupport_fastrtps_cpp;rosidl_typesupport_introspection_cpp
[1.604s] -- Found PythonInterp: /usr/bin/python3 (found suitable version "3.10.12", minimum required is "3.6") 
[1.605s] -- Found python_cmake_module: 0.10.2 (/opt/ros/iron/share/python_cmake_module/cmake)
[1.627s] -- Found PythonLibs: /usr/lib/x86_64-linux-gnu/libpython3.10.so (found suitable version "3.10.12", minimum required is "3.5") 
[1.627s] -- Using PYTHON_EXECUTABLE: /usr/bin/python3
[1.627s] -- Using PYTHON_INCLUDE_DIRS: /usr/include/python3.10
[1.627s] -- Using PYTHON_LIBRARIES: /usr/lib/x86_64-linux-gnu/libpython3.10.so
[1.646s] -- Found PythonExtra: .so  
[1.690s] -- Found ament_lint_auto: 0.14.4 (/opt/ros/iron/share/ament_lint_auto/cmake)
[1.707s] -- Added test 'copyright' to check source files copyright and LICENSE
[1.709s] -- Added test 'lint_cmake' to check CMake code style
[1.709s] -- Added test 'xmllint' to check XML markup files
[1.712s] -- Configuring done
[1.744s] -- Generating done
[1.746s] -- Build files have been written to: /home/zeus/ros2_ws/src/build/yolov8_msgs
[1.754s] Invoked command in '/home/zeus/ros2_ws/src/build/yolov8_msgs' returned '0': CMAKE_PREFIX_PATH=/home/zeus/ros2_ws/install/yolov8_msgs:/home/zeus/ros2_ws/install/my_robot_yolo:/opt/ros/iron /usr/bin/cmake /home/zeus/ros2_ws/src/yolov8_msgs -DCMAKE_INSTALL_PREFIX=/home/zeus/ros2_ws/src/install/yolov8_msgs
[1.756s] Invoking command in '/home/zeus/ros2_ws/src/build/yolov8_msgs': CMAKE_PREFIX_PATH=/home/zeus/ros2_ws/install/yolov8_msgs:/home/zeus/ros2_ws/install/my_robot_yolo:/opt/ros/iron /usr/bin/cmake --build /home/zeus/ros2_ws/src/build/yolov8_msgs -- -j12 -l12
[1.800s] [  2%] [34m[1mGenerating type hashes for ROS interfaces[0m
[1.808s] [  2%] Built target ament_cmake_python_copy_yolov8_msgs
[1.987s] [  2%] Built target yolov8_msgs__rosidl_generator_type_description
[1.996s] [  4%] [34m[1mGenerating C code for ROS interfaces[0m
[2.006s] [  6%] [34m[1mGenerating C++ code for ROS interfaces[0m
[2.043s] running egg_info
[2.043s] creating yolov8_msgs.egg-info
[2.043s] writing yolov8_msgs.egg-info/PKG-INFO
[2.043s] writing dependency_links to yolov8_msgs.egg-info/dependency_links.txt
[2.044s] writing top-level names to yolov8_msgs.egg-info/top_level.txt
[2.044s] writing manifest file 'yolov8_msgs.egg-info/SOURCES.txt'
[2.046s] reading manifest file 'yolov8_msgs.egg-info/SOURCES.txt'
[2.046s] writing manifest file 'yolov8_msgs.egg-info/SOURCES.txt'
[2.072s] [  6%] Built target ament_cmake_python_build_yolov8_msgs_egg
[2.267s] [  6%] Built target yolov8_msgs__cpp
[2.317s] [ 11%] [32mBuilding C object CMakeFiles/yolov8_msgs__rosidl_generator_c.dir/rosidl_generator_c/yolov8_msgs/msg/detail/inference_result__description.c.o[0m
[2.317s] [ 13%] [32mBuilding C object CMakeFiles/yolov8_msgs__rosidl_generator_c.dir/rosidl_generator_c/yolov8_msgs/msg/detail/inference_result__type_support.c.o[0m
[2.317s] [ 13%] [32mBuilding C object CMakeFiles/yolov8_msgs__rosidl_generator_c.dir/rosidl_generator_c/yolov8_msgs/msg/detail/inference_result__functions.c.o[0m
[2.317s] [ 15%] [32mBuilding C object CMakeFiles/yolov8_msgs__rosidl_generator_c.dir/rosidl_generator_c/yolov8_msgs/msg/detail/yolov8_inference__description.c.o[0m
[2.318s] [ 18%] [32mBuilding C object CMakeFiles/yolov8_msgs__rosidl_generator_c.dir/rosidl_generator_c/yolov8_msgs/msg/detail/yolov8_inference__functions.c.o[0m
[2.318s] [ 20%] [32mBuilding C object CMakeFiles/yolov8_msgs__rosidl_generator_c.dir/rosidl_generator_c/yolov8_msgs/msg/detail/yolov8_inference__type_support.c.o[0m
[2.377s] [ 22%] [32m[1mLinking C shared library libyolov8_msgs__rosidl_generator_c.so[0m
[2.411s] [ 22%] Built target yolov8_msgs__rosidl_generator_c
[2.422s] [ 25%] [34m[1mGenerating C++ type support dispatch for ROS interfaces[0m
[2.422s] [ 27%] [34m[1mGenerating C type support for eProsima Fast-RTPS[0m
[2.422s] [ 29%] [34m[1mGenerating C++ type support for eProsima Fast-RTPS[0m
[2.423s] [ 31%] [34m[1mGenerating C introspection for ROS interfaces[0m
[2.423s] [ 34%] [34m[1mGenerating C++ introspection for ROS interfaces[0m
[2.424s] [ 36%] [34m[1mGenerating C type support dispatch for ROS interfaces[0m
[2.759s] [ 38%] [32mBuilding CXX object CMakeFiles/yolov8_msgs__rosidl_typesupport_c.dir/rosidl_typesupport_c/yolov8_msgs/msg/inference_result__type_support.cpp.o[0m
[2.761s] [ 40%] [32mBuilding CXX object CMakeFiles/yolov8_msgs__rosidl_typesupport_c.dir/rosidl_typesupport_c/yolov8_msgs/msg/yolov8_inference__type_support.cpp.o[0m
[2.763s] [ 45%] [32mBuilding CXX object CMakeFiles/yolov8_msgs__rosidl_typesupport_cpp.dir/rosidl_typesupport_cpp/yolov8_msgs/msg/inference_result__type_support.cpp.o[0m
[2.763s] [ 45%] [32mBuilding CXX object CMakeFiles/yolov8_msgs__rosidl_typesupport_cpp.dir/rosidl_typesupport_cpp/yolov8_msgs/msg/yolov8_inference__type_support.cpp.o[0m
[2.793s] [ 47%] [32mBuilding CXX object CMakeFiles/yolov8_msgs__rosidl_typesupport_introspection_cpp.dir/rosidl_typesupport_introspection_cpp/yolov8_msgs/msg/detail/inference_result__type_support.cpp.o[0m
[2.793s] [ 50%] [32mBuilding CXX object CMakeFiles/yolov8_msgs__rosidl_typesupport_introspection_cpp.dir/rosidl_typesupport_introspection_cpp/yolov8_msgs/msg/detail/yolov8_inference__type_support.cpp.o[0m
[2.793s] [ 52%] [32mBuilding C object CMakeFiles/yolov8_msgs__rosidl_typesupport_introspection_c.dir/rosidl_typesupport_introspection_c/yolov8_msgs/msg/detail/yolov8_inference__type_support.c.o[0m
[2.794s] [ 54%] [32mBuilding C object CMakeFiles/yolov8_msgs__rosidl_typesupport_introspection_c.dir/rosidl_typesupport_introspection_c/yolov8_msgs/msg/detail/inference_result__type_support.c.o[0m
[2.809s] [ 56%] [32mBuilding CXX object CMakeFiles/yolov8_msgs__rosidl_typesupport_fastrtps_cpp.dir/rosidl_typesupport_fastrtps_cpp/yolov8_msgs/msg/detail/dds_fastrtps/yolov8_inference__type_support.cpp.o[0m
[2.811s] [ 59%] [32mBuilding CXX object CMakeFiles/yolov8_msgs__rosidl_typesupport_fastrtps_cpp.dir/rosidl_typesupport_fastrtps_cpp/yolov8_msgs/msg/detail/dds_fastrtps/inference_result__type_support.cpp.o[0m
[2.835s] [ 63%] [32mBuilding CXX object CMakeFiles/yolov8_msgs__rosidl_typesupport_fastrtps_c.dir/rosidl_typesupport_fastrtps_c/yolov8_msgs/msg/detail/yolov8_inference__type_support_c.cpp.o[0m
[2.835s] [ 63%] [32mBuilding CXX object CMakeFiles/yolov8_msgs__rosidl_typesupport_fastrtps_c.dir/rosidl_typesupport_fastrtps_c/yolov8_msgs/msg/detail/inference_result__type_support_c.cpp.o[0m
[2.851s] [ 65%] [32m[1mLinking CXX shared library libyolov8_msgs__rosidl_typesupport_c.so[0m
[2.875s] [ 68%] [32m[1mLinking C shared library libyolov8_msgs__rosidl_typesupport_introspection_c.so[0m
[2.934s] [ 68%] Built target yolov8_msgs__rosidl_typesupport_c
[2.936s] [ 68%] Built target yolov8_msgs__rosidl_typesupport_introspection_c
[3.322s] [ 70%] [32m[1mLinking CXX shared library libyolov8_msgs__rosidl_typesupport_cpp.so[0m
[3.375s] [ 70%] Built target yolov8_msgs__rosidl_typesupport_cpp
[3.449s] [ 72%] [32m[1mLinking CXX shared library libyolov8_msgs__rosidl_typesupport_fastrtps_c.so[0m
[3.541s] [ 72%] Built target yolov8_msgs__rosidl_typesupport_fastrtps_c
[3.552s] [ 75%] [32m[1mLinking CXX shared library libyolov8_msgs__rosidl_typesupport_introspection_cpp.so[0m
[3.624s] [ 75%] Built target yolov8_msgs__rosidl_typesupport_introspection_cpp
[3.652s] [ 77%] [32m[1mLinking CXX shared library libyolov8_msgs__rosidl_typesupport_fastrtps_cpp.so[0m
[3.720s] [ 77%] Built target yolov8_msgs__rosidl_typesupport_fastrtps_cpp
[3.738s] [ 77%] Built target yolov8_msgs
[3.756s] [ 79%] [34m[1mGenerating Python code for ROS interfaces[0m
[4.081s] [ 79%] Built target yolov8_msgs__py
[4.099s] [ 84%] [32mBuilding C object CMakeFiles/yolov8_msgs__rosidl_generator_py.dir/rosidl_generator_py/yolov8_msgs/msg/_yolov8_inference_s.c.o[0m
[4.099s] [ 84%] [32mBuilding C object CMakeFiles/yolov8_msgs__rosidl_generator_py.dir/rosidl_generator_py/yolov8_msgs/msg/_inference_result_s.c.o[0m
[4.197s] [ 86%] [32m[1mLinking C shared library rosidl_generator_py/yolov8_msgs/libyolov8_msgs__rosidl_generator_py.so[0m
[4.234s] [ 86%] Built target yolov8_msgs__rosidl_generator_py
[4.254s] [ 93%] [32mBuilding C object CMakeFiles/yolov8_msgs__rosidl_typesupport_fastrtps_c__pyext.dir/rosidl_generator_py/yolov8_msgs/_yolov8_msgs_s.ep.rosidl_typesupport_fastrtps_c.c.o[0m
[4.254s] [ 93%] [32mBuilding C object CMakeFiles/yolov8_msgs__rosidl_typesupport_introspection_c__pyext.dir/rosidl_generator_py/yolov8_msgs/_yolov8_msgs_s.ep.rosidl_typesupport_introspection_c.c.o[0m
[4.254s] [ 93%] [32mBuilding C object CMakeFiles/yolov8_msgs__rosidl_typesupport_c__pyext.dir/rosidl_generator_py/yolov8_msgs/_yolov8_msgs_s.ep.rosidl_typesupport_c.c.o[0m
[4.362s] [100%] [32m[1mLinking C shared library rosidl_generator_py/yolov8_msgs/yolov8_msgs_s__rosidl_typesupport_introspection_c.cpython-310-x86_64-linux-gnu.so[0m
[4.362s] [100%] [32m[1mLinking C shared library rosidl_generator_py/yolov8_msgs/yolov8_msgs_s__rosidl_typesupport_fastrtps_c.cpython-310-x86_64-linux-gnu.so[0m
[4.362s] [100%] [32m[1mLinking C shared library rosidl_generator_py/yolov8_msgs/yolov8_msgs_s__rosidl_typesupport_c.cpython-310-x86_64-linux-gnu.so[0m
[4.401s] [100%] Built target yolov8_msgs__rosidl_typesupport_introspection_c__pyext
[4.401s] [100%] Built target yolov8_msgs__rosidl_typesupport_fastrtps_c__pyext
[4.401s] [100%] Built target yolov8_msgs__rosidl_typesupport_c__pyext
[4.412s] Invoked command in '/home/zeus/ros2_ws/src/build/yolov8_msgs' returned '0': CMAKE_PREFIX_PATH=/home/zeus/ros2_ws/install/yolov8_msgs:/home/zeus/ros2_ws/install/my_robot_yolo:/opt/ros/iron /usr/bin/cmake --build /home/zeus/ros2_ws/src/build/yolov8_msgs -- -j12 -l12
[4.498s] Invoking command in '/home/zeus/ros2_ws/src/build/yolov8_msgs': CMAKE_PREFIX_PATH=/home/zeus/ros2_ws/install/yolov8_msgs:/home/zeus/ros2_ws/install/my_robot_yolo:/opt/ros/iron /usr/bin/cmake --install /home/zeus/ros2_ws/src/build/yolov8_msgs
[4.505s] -- Install configuration: ""
[4.505s] -- Installing: /home/zeus/ros2_ws/src/install/yolov8_msgs/share/ament_index/resource_index/rosidl_interfaces/yolov8_msgs
[4.505s] -- Installing: /home/zeus/ros2_ws/src/install/yolov8_msgs/share/yolov8_msgs/msg/InferenceResult.json
[4.505s] -- Installing: /home/zeus/ros2_ws/src/install/yolov8_msgs/share/yolov8_msgs/msg/Yolov8Inference.json
[4.505s] -- Installing: /home/zeus/ros2_ws/src/install/yolov8_msgs/include/yolov8_msgs/yolov8_msgs
[4.505s] -- Installing: /home/zeus/ros2_ws/src/install/yolov8_msgs/include/yolov8_msgs/yolov8_msgs/msg
[4.506s] -- Installing: /home/zeus/ros2_ws/src/install/yolov8_msgs/include/yolov8_msgs/yolov8_msgs/msg/detail
[4.506s] -- Installing: /home/zeus/ros2_ws/src/install/yolov8_msgs/include/yolov8_msgs/yolov8_msgs/msg/detail/inference_result__functions.h
[4.506s] -- Installing: /home/zeus/ros2_ws/src/install/yolov8_msgs/include/yolov8_msgs/yolov8_msgs/msg/detail/yolov8_inference__struct.h
[4.506s] -- Installing: /home/zeus/ros2_ws/src/install/yolov8_msgs/include/yolov8_msgs/yolov8_msgs/msg/detail/inference_result__struct.h
[4.506s] -- Installing: /home/zeus/ros2_ws/src/install/yolov8_msgs/include/yolov8_msgs/yolov8_msgs/msg/detail/inference_result__type_support.h
[4.506s] -- Installing: /home/zeus/ros2_ws/src/install/yolov8_msgs/include/yolov8_msgs/yolov8_msgs/msg/detail/yolov8_inference__type_support.h
[4.506s] -- Installing: /home/zeus/ros2_ws/src/install/yolov8_msgs/include/yolov8_msgs/yolov8_msgs/msg/detail/yolov8_inference__type_support.c
[4.506s] -- Installing: /home/zeus/ros2_ws/src/install/yolov8_msgs/include/yolov8_msgs/yolov8_msgs/msg/detail/yolov8_inference__functions.h
[4.506s] -- Installing: /home/zeus/ros2_ws/src/install/yolov8_msgs/include/yolov8_msgs/yolov8_msgs/msg/detail/yolov8_inference__description.c
[4.506s] -- Installing: /home/zeus/ros2_ws/src/install/yolov8_msgs/include/yolov8_msgs/yolov8_msgs/msg/detail/inference_result__functions.c
[4.506s] -- Installing: /home/zeus/ros2_ws/src/install/yolov8_msgs/include/yolov8_msgs/yolov8_msgs/msg/detail/inference_result__description.c
[4.506s] -- Installing: /home/zeus/ros2_ws/src/install/yolov8_msgs/include/yolov8_msgs/yolov8_msgs/msg/detail/inference_result__type_support.c
[4.507s] -- Installing: /home/zeus/ros2_ws/src/install/yolov8_msgs/include/yolov8_msgs/yolov8_msgs/msg/detail/yolov8_inference__functions.c
[4.507s] -- Installing: /home/zeus/ros2_ws/src/install/yolov8_msgs/include/yolov8_msgs/yolov8_msgs/msg/yolov8_inference.h
[4.507s] -- Installing: /home/zeus/ros2_ws/src/install/yolov8_msgs/include/yolov8_msgs/yolov8_msgs/msg/rosidl_generator_c__visibility_control.h
[4.507s] -- Installing: /home/zeus/ros2_ws/src/install/yolov8_msgs/include/yolov8_msgs/yolov8_msgs/msg/inference_result.h
[4.507s] -- Installing: /home/zeus/ros2_ws/src/install/yolov8_msgs/share/yolov8_msgs/environment/library_path.sh
[4.507s] -- Installing: /home/zeus/ros2_ws/src/install/yolov8_msgs/share/yolov8_msgs/environment/library_path.dsv
[4.507s] -- Installing: /home/zeus/ros2_ws/src/install/yolov8_msgs/lib/libyolov8_msgs__rosidl_generator_c.so
[4.508s] -- Set runtime path of "/home/zeus/ros2_ws/src/install/yolov8_msgs/lib/libyolov8_msgs__rosidl_generator_c.so" to ""
[4.508s] -- Up-to-date: /home/zeus/ros2_ws/src/install/yolov8_msgs/include/yolov8_msgs/yolov8_msgs
[4.508s] -- Up-to-date: /home/zeus/ros2_ws/src/install/yolov8_msgs/include/yolov8_msgs/yolov8_msgs/msg
[4.508s] -- Up-to-date: /home/zeus/ros2_ws/src/install/yolov8_msgs/include/yolov8_msgs/yolov8_msgs/msg/detail
[4.508s] -- Installing: /home/zeus/ros2_ws/src/install/yolov8_msgs/include/yolov8_msgs/yolov8_msgs/msg/detail/yolov8_inference__rosidl_typesupport_fastrtps_c.h
[4.508s] -- Installing: /home/zeus/ros2_ws/src/install/yolov8_msgs/include/yolov8_msgs/yolov8_msgs/msg/detail/inference_result__rosidl_typesupport_fastrtps_c.h
[4.508s] -- Installing: /home/zeus/ros2_ws/src/install/yolov8_msgs/include/yolov8_msgs/yolov8_msgs/msg/rosidl_typesupport_fastrtps_c__visibility_control.h
[4.508s] -- Installing: /home/zeus/ros2_ws/src/install/yolov8_msgs/lib/libyolov8_msgs__rosidl_typesupport_fastrtps_c.so
[4.509s] -- Set runtime path of "/home/zeus/ros2_ws/src/install/yolov8_msgs/lib/libyolov8_msgs__rosidl_typesupport_fastrtps_c.so" to ""
[4.509s] -- Up-to-date: /home/zeus/ros2_ws/src/install/yolov8_msgs/include/yolov8_msgs/yolov8_msgs
[4.509s] -- Up-to-date: /home/zeus/ros2_ws/src/install/yolov8_msgs/include/yolov8_msgs/yolov8_msgs/msg
[4.509s] -- Up-to-date: /home/zeus/ros2_ws/src/install/yolov8_msgs/include/yolov8_msgs/yolov8_msgs/msg/detail
[4.509s] -- Installing: /home/zeus/ros2_ws/src/install/yolov8_msgs/include/yolov8_msgs/yolov8_msgs/msg/detail/yolov8_inference__traits.hpp
[4.509s] -- Installing: /home/zeus/ros2_ws/src/install/yolov8_msgs/include/yolov8_msgs/yolov8_msgs/msg/detail/inference_result__struct.hpp
[4.509s] -- Installing: /home/zeus/ros2_ws/src/install/yolov8_msgs/include/yolov8_msgs/yolov8_msgs/msg/detail/yolov8_inference__builder.hpp
[4.509s] -- Installing: /home/zeus/ros2_ws/src/install/yolov8_msgs/include/yolov8_msgs/yolov8_msgs/msg/detail/inference_result__traits.hpp
[4.509s] -- Installing: /home/zeus/ros2_ws/src/install/yolov8_msgs/include/yolov8_msgs/yolov8_msgs/msg/detail/inference_result__builder.hpp
[4.509s] -- Installing: /home/zeus/ros2_ws/src/install/yolov8_msgs/include/yolov8_msgs/yolov8_msgs/msg/detail/yolov8_inference__struct.hpp
[4.509s] -- Installing: /home/zeus/ros2_ws/src/install/yolov8_msgs/include/yolov8_msgs/yolov8_msgs/msg/yolov8_inference.hpp
[4.509s] -- Installing: /home/zeus/ros2_ws/src/install/yolov8_msgs/include/yolov8_msgs/yolov8_msgs/msg/inference_result.hpp
[4.510s] -- Up-to-date: /home/zeus/ros2_ws/src/install/yolov8_msgs/include/yolov8_msgs/yolov8_msgs
[4.510s] -- Up-to-date: /home/zeus/ros2_ws/src/install/yolov8_msgs/include/yolov8_msgs/yolov8_msgs/msg
[4.510s] -- Up-to-date: /home/zeus/ros2_ws/src/install/yolov8_msgs/include/yolov8_msgs/yolov8_msgs/msg/detail
[4.510s] -- Installing: /home/zeus/ros2_ws/src/install/yolov8_msgs/include/yolov8_msgs/yolov8_msgs/msg/detail/yolov8_inference__rosidl_typesupport_fastrtps_cpp.hpp
[4.510s] -- Installing: /home/zeus/ros2_ws/src/install/yolov8_msgs/include/yolov8_msgs/yolov8_msgs/msg/detail/inference_result__rosidl_typesupport_fastrtps_cpp.hpp
[4.510s] -- Installing: /home/zeus/ros2_ws/src/install/yolov8_msgs/include/yolov8_msgs/yolov8_msgs/msg/detail/dds_fastrtps
[4.510s] -- Installing: /home/zeus/ros2_ws/src/install/yolov8_msgs/include/yolov8_msgs/yolov8_msgs/msg/rosidl_typesupport_fastrtps_cpp__visibility_control.h
[4.510s] -- Installing: /home/zeus/ros2_ws/src/install/yolov8_msgs/lib/libyolov8_msgs__rosidl_typesupport_fastrtps_cpp.so
[4.511s] -- Set runtime path of "/home/zeus/ros2_ws/src/install/yolov8_msgs/lib/libyolov8_msgs__rosidl_typesupport_fastrtps_cpp.so" to ""
[4.511s] -- Up-to-date: /home/zeus/ros2_ws/src/install/yolov8_msgs/include/yolov8_msgs/yolov8_msgs
[4.511s] -- Up-to-date: /home/zeus/ros2_ws/src/install/yolov8_msgs/include/yolov8_msgs/yolov8_msgs/msg
[4.511s] -- Installing: /home/zeus/ros2_ws/src/install/yolov8_msgs/include/yolov8_msgs/yolov8_msgs/msg/rosidl_typesupport_introspection_c__visibility_control.h
[4.511s] -- Up-to-date: /home/zeus/ros2_ws/src/install/yolov8_msgs/include/yolov8_msgs/yolov8_msgs/msg/detail
[4.511s] -- Installing: /home/zeus/ros2_ws/src/install/yolov8_msgs/include/yolov8_msgs/yolov8_msgs/msg/detail/inference_result__rosidl_typesupport_introspection_c.h
[4.511s] -- Up-to-date: /home/zeus/ros2_ws/src/install/yolov8_msgs/include/yolov8_msgs/yolov8_msgs/msg/detail/yolov8_inference__type_support.c
[4.511s] -- Installing: /home/zeus/ros2_ws/src/install/yolov8_msgs/include/yolov8_msgs/yolov8_msgs/msg/detail/yolov8_inference__rosidl_typesupport_introspection_c.h
[4.511s] -- Up-to-date: /home/zeus/ros2_ws/src/install/yolov8_msgs/include/yolov8_msgs/yolov8_msgs/msg/detail/inference_result__type_support.c
[4.511s] -- Installing: /home/zeus/ros2_ws/src/install/yolov8_msgs/lib/libyolov8_msgs__rosidl_typesupport_introspection_c.so
[4.512s] -- Set runtime path of "/home/zeus/ros2_ws/src/install/yolov8_msgs/lib/libyolov8_msgs__rosidl_typesupport_introspection_c.so" to ""
[4.512s] -- Installing: /home/zeus/ros2_ws/src/install/yolov8_msgs/lib/libyolov8_msgs__rosidl_typesupport_c.so
[4.512s] -- Set runtime path of "/home/zeus/ros2_ws/src/install/yolov8_msgs/lib/libyolov8_msgs__rosidl_typesupport_c.so" to ""
[4.512s] -- Up-to-date: /home/zeus/ros2_ws/src/install/yolov8_msgs/include/yolov8_msgs/yolov8_msgs
[4.512s] -- Up-to-date: /home/zeus/ros2_ws/src/install/yolov8_msgs/include/yolov8_msgs/yolov8_msgs/msg
[4.512s] -- Up-to-date: /home/zeus/ros2_ws/src/install/yolov8_msgs/include/yolov8_msgs/yolov8_msgs/msg/detail
[4.512s] -- Installing: /home/zeus/ros2_ws/src/install/yolov8_msgs/include/yolov8_msgs/yolov8_msgs/msg/detail/yolov8_inference__type_support.cpp
[4.512s] -- Installing: /home/zeus/ros2_ws/src/install/yolov8_msgs/include/yolov8_msgs/yolov8_msgs/msg/detail/inference_result__type_support.cpp
[4.512s] -- Installing: /home/zeus/ros2_ws/src/install/yolov8_msgs/include/yolov8_msgs/yolov8_msgs/msg/detail/yolov8_inference__rosidl_typesupport_introspection_cpp.hpp
[4.513s] -- Installing: /home/zeus/ros2_ws/src/install/yolov8_msgs/include/yolov8_msgs/yolov8_msgs/msg/detail/inference_result__rosidl_typesupport_introspection_cpp.hpp
[4.513s] -- Installing: /home/zeus/ros2_ws/src/install/yolov8_msgs/lib/libyolov8_msgs__rosidl_typesupport_introspection_cpp.so
[4.513s] -- Set runtime path of "/home/zeus/ros2_ws/src/install/yolov8_msgs/lib/libyolov8_msgs__rosidl_typesupport_introspection_cpp.so" to ""
[4.513s] -- Installing: /home/zeus/ros2_ws/src/install/yolov8_msgs/lib/libyolov8_msgs__rosidl_typesupport_cpp.so
[4.513s] -- Set runtime path of "/home/zeus/ros2_ws/src/install/yolov8_msgs/lib/libyolov8_msgs__rosidl_typesupport_cpp.so" to ""
[4.513s] -- Installing: /home/zeus/ros2_ws/src/install/yolov8_msgs/share/yolov8_msgs/environment/pythonpath.sh
[4.513s] -- Installing: /home/zeus/ros2_ws/src/install/yolov8_msgs/share/yolov8_msgs/environment/pythonpath.dsv
[4.514s] -- Installing: /home/zeus/ros2_ws/src/install/yolov8_msgs/lib/python3.10/site-packages/yolov8_msgs-0.0.0-py3.10.egg-info
[4.514s] -- Installing: /home/zeus/ros2_ws/src/install/yolov8_msgs/lib/python3.10/site-packages/yolov8_msgs-0.0.0-py3.10.egg-info/PKG-INFO
[4.514s] -- Installing: /home/zeus/ros2_ws/src/install/yolov8_msgs/lib/python3.10/site-packages/yolov8_msgs-0.0.0-py3.10.egg-info/dependency_links.txt
[4.514s] -- Installing: /home/zeus/ros2_ws/src/install/yolov8_msgs/lib/python3.10/site-packages/yolov8_msgs-0.0.0-py3.10.egg-info/top_level.txt
[4.514s] -- Installing: /home/zeus/ros2_ws/src/install/yolov8_msgs/lib/python3.10/site-packages/yolov8_msgs-0.0.0-py3.10.egg-info/SOURCES.txt
[4.514s] -- Installing: /home/zeus/ros2_ws/src/install/yolov8_msgs/lib/python3.10/site-packages/yolov8_msgs
[4.514s] -- Installing: /home/zeus/ros2_ws/src/install/yolov8_msgs/lib/python3.10/site-packages/yolov8_msgs/__init__.py
[4.514s] -- Installing: /home/zeus/ros2_ws/src/install/yolov8_msgs/lib/python3.10/site-packages/yolov8_msgs/yolov8_msgs_s__rosidl_typesupport_introspection_c.cpython-310-x86_64-linux-gnu.so
[4.514s] -- Installing: /home/zeus/ros2_ws/src/install/yolov8_msgs/lib/python3.10/site-packages/yolov8_msgs/yolov8_msgs_s__rosidl_typesupport_fastrtps_c.cpython-310-x86_64-linux-gnu.so
[4.515s] -- Installing: /home/zeus/ros2_ws/src/install/yolov8_msgs/lib/python3.10/site-packages/yolov8_msgs/libyolov8_msgs__rosidl_generator_py.so
[4.515s] -- Installing: /home/zeus/ros2_ws/src/install/yolov8_msgs/lib/python3.10/site-packages/yolov8_msgs/_yolov8_msgs_s.ep.rosidl_typesupport_fastrtps_c.c
[4.515s] -- Installing: /home/zeus/ros2_ws/src/install/yolov8_msgs/lib/python3.10/site-packages/yolov8_msgs/_yolov8_msgs_s.ep.rosidl_typesupport_c.c
[4.515s] -- Installing: /home/zeus/ros2_ws/src/install/yolov8_msgs/lib/python3.10/site-packages/yolov8_msgs/_yolov8_msgs_s.ep.rosidl_typesupport_introspection_c.c
[4.515s] -- Installing: /home/zeus/ros2_ws/src/install/yolov8_msgs/lib/python3.10/site-packages/yolov8_msgs/yolov8_msgs_s__rosidl_typesupport_c.cpython-310-x86_64-linux-gnu.so
[4.515s] -- Installing: /home/zeus/ros2_ws/src/install/yolov8_msgs/lib/python3.10/site-packages/yolov8_msgs/msg
[4.515s] -- Installing: /home/zeus/ros2_ws/src/install/yolov8_msgs/lib/python3.10/site-packages/yolov8_msgs/msg/_yolov8_inference.py
[4.515s] -- Installing: /home/zeus/ros2_ws/src/install/yolov8_msgs/lib/python3.10/site-packages/yolov8_msgs/msg/__init__.py
[4.515s] -- Installing: /home/zeus/ros2_ws/src/install/yolov8_msgs/lib/python3.10/site-packages/yolov8_msgs/msg/_yolov8_inference_s.c
[4.515s] -- Installing: /home/zeus/ros2_ws/src/install/yolov8_msgs/lib/python3.10/site-packages/yolov8_msgs/msg/_inference_result.py
[4.516s] -- Installing: /home/zeus/ros2_ws/src/install/yolov8_msgs/lib/python3.10/site-packages/yolov8_msgs/msg/_inference_result_s.c
[4.546s] Listing '/home/zeus/ros2_ws/src/install/yolov8_msgs/lib/python3.10/site-packages/yolov8_msgs'...
[4.546s] Compiling '/home/zeus/ros2_ws/src/install/yolov8_msgs/lib/python3.10/site-packages/yolov8_msgs/__init__.py'...
[4.546s] Listing '/home/zeus/ros2_ws/src/install/yolov8_msgs/lib/python3.10/site-packages/yolov8_msgs/msg'...
[4.546s] Compiling '/home/zeus/ros2_ws/src/install/yolov8_msgs/lib/python3.10/site-packages/yolov8_msgs/msg/__init__.py'...
[4.546s] Compiling '/home/zeus/ros2_ws/src/install/yolov8_msgs/lib/python3.10/site-packages/yolov8_msgs/msg/_inference_result.py'...
[4.546s] Compiling '/home/zeus/ros2_ws/src/install/yolov8_msgs/lib/python3.10/site-packages/yolov8_msgs/msg/_yolov8_inference.py'...
[4.549s] -- Installing: /home/zeus/ros2_ws/src/install/yolov8_msgs/lib/python3.10/site-packages/yolov8_msgs/yolov8_msgs_s__rosidl_typesupport_fastrtps_c.cpython-310-x86_64-linux-gnu.so
[4.550s] -- Set runtime path of "/home/zeus/ros2_ws/src/install/yolov8_msgs/lib/python3.10/site-packages/yolov8_msgs/yolov8_msgs_s__rosidl_typesupport_fastrtps_c.cpython-310-x86_64-linux-gnu.so" to ""
[4.550s] -- Installing: /home/zeus/ros2_ws/src/install/yolov8_msgs/lib/python3.10/site-packages/yolov8_msgs/yolov8_msgs_s__rosidl_typesupport_introspection_c.cpython-310-x86_64-linux-gnu.so
[4.550s] -- Set runtime path of "/home/zeus/ros2_ws/src/install/yolov8_msgs/lib/python3.10/site-packages/yolov8_msgs/yolov8_msgs_s__rosidl_typesupport_introspection_c.cpython-310-x86_64-linux-gnu.so" to ""
[4.551s] -- Installing: /home/zeus/ros2_ws/src/install/yolov8_msgs/lib/python3.10/site-packages/yolov8_msgs/yolov8_msgs_s__rosidl_typesupport_c.cpython-310-x86_64-linux-gnu.so
[4.551s] -- Set runtime path of "/home/zeus/ros2_ws/src/install/yolov8_msgs/lib/python3.10/site-packages/yolov8_msgs/yolov8_msgs_s__rosidl_typesupport_c.cpython-310-x86_64-linux-gnu.so" to ""
[4.551s] -- Installing: /home/zeus/ros2_ws/src/install/yolov8_msgs/lib/libyolov8_msgs__rosidl_generator_py.so
[4.551s] -- Set runtime path of "/home/zeus/ros2_ws/src/install/yolov8_msgs/lib/libyolov8_msgs__rosidl_generator_py.so" to ""
[4.552s] -- Installing: /home/zeus/ros2_ws/src/install/yolov8_msgs/share/yolov8_msgs/msg/InferenceResult.idl
[4.552s] -- Installing: /home/zeus/ros2_ws/src/install/yolov8_msgs/share/yolov8_msgs/msg/Yolov8Inference.idl
[4.552s] -- Installing: /home/zeus/ros2_ws/src/install/yolov8_msgs/share/yolov8_msgs/msg/InferenceResult.msg
[4.552s] -- Installing: /home/zeus/ros2_ws/src/install/yolov8_msgs/share/yolov8_msgs/msg/Yolov8Inference.msg
[4.552s] -- Installing: /home/zeus/ros2_ws/src/install/yolov8_msgs/share/ament_index/resource_index/package_run_dependencies/yolov8_msgs
[4.552s] -- Installing: /home/zeus/ros2_ws/src/install/yolov8_msgs/share/ament_index/resource_index/parent_prefix_path/yolov8_msgs
[4.552s] -- Installing: /home/zeus/ros2_ws/src/install/yolov8_msgs/share/yolov8_msgs/environment/ament_prefix_path.sh
[4.552s] -- Installing: /home/zeus/ros2_ws/src/install/yolov8_msgs/share/yolov8_msgs/environment/ament_prefix_path.dsv
[4.552s] -- Installing: /home/zeus/ros2_ws/src/install/yolov8_msgs/share/yolov8_msgs/environment/path.sh
[4.552s] -- Installing: /home/zeus/ros2_ws/src/install/yolov8_msgs/share/yolov8_msgs/environment/path.dsv
[4.553s] -- Installing: /home/zeus/ros2_ws/src/install/yolov8_msgs/share/yolov8_msgs/local_setup.bash
[4.553s] -- Installing: /home/zeus/ros2_ws/src/install/yolov8_msgs/share/yolov8_msgs/local_setup.sh
[4.553s] -- Installing: /home/zeus/ros2_ws/src/install/yolov8_msgs/share/yolov8_msgs/local_setup.zsh
[4.553s] -- Installing: /home/zeus/ros2_ws/src/install/yolov8_msgs/share/yolov8_msgs/local_setup.dsv
[4.553s] -- Installing: /home/zeus/ros2_ws/src/install/yolov8_msgs/share/yolov8_msgs/package.dsv
[4.553s] -- Installing: /home/zeus/ros2_ws/src/install/yolov8_msgs/share/ament_index/resource_index/packages/yolov8_msgs
[4.553s] -- Installing: /home/zeus/ros2_ws/src/install/yolov8_msgs/share/yolov8_msgs/cmake/export_yolov8_msgs__rosidl_generator_cExport.cmake
[4.554s] -- Installing: /home/zeus/ros2_ws/src/install/yolov8_msgs/share/yolov8_msgs/cmake/export_yolov8_msgs__rosidl_generator_cExport-noconfig.cmake
[4.554s] -- Installing: /home/zeus/ros2_ws/src/install/yolov8_msgs/share/yolov8_msgs/cmake/export_yolov8_msgs__rosidl_typesupport_fastrtps_cExport.cmake
[4.554s] -- Installing: /home/zeus/ros2_ws/src/install/yolov8_msgs/share/yolov8_msgs/cmake/export_yolov8_msgs__rosidl_typesupport_fastrtps_cExport-noconfig.cmake
[4.554s] -- Installing: /home/zeus/ros2_ws/src/install/yolov8_msgs/share/yolov8_msgs/cmake/export_yolov8_msgs__rosidl_generator_cppExport.cmake
[4.554s] -- Installing: /home/zeus/ros2_ws/src/install/yolov8_msgs/share/yolov8_msgs/cmake/export_yolov8_msgs__rosidl_typesupport_fastrtps_cppExport.cmake
[4.554s] -- Installing: /home/zeus/ros2_ws/src/install/yolov8_msgs/share/yolov8_msgs/cmake/export_yolov8_msgs__rosidl_typesupport_fastrtps_cppExport-noconfig.cmake
[4.554s] -- Installing: /home/zeus/ros2_ws/src/install/yolov8_msgs/share/yolov8_msgs/cmake/yolov8_msgs__rosidl_typesupport_introspection_cExport.cmake
[4.554s] -- Installing: /home/zeus/ros2_ws/src/install/yolov8_msgs/share/yolov8_msgs/cmake/yolov8_msgs__rosidl_typesupport_introspection_cExport-noconfig.cmake
[4.555s] -- Installing: /home/zeus/ros2_ws/src/install/yolov8_msgs/share/yolov8_msgs/cmake/yolov8_msgs__rosidl_typesupport_cExport.cmake
[4.555s] -- Installing: /home/zeus/ros2_ws/src/install/yolov8_msgs/share/yolov8_msgs/cmake/yolov8_msgs__rosidl_typesupport_cExport-noconfig.cmake
[4.555s] -- Installing: /home/zeus/ros2_ws/src/install/yolov8_msgs/share/yolov8_msgs/cmake/yolov8_msgs__rosidl_typesupport_introspection_cppExport.cmake
[4.555s] -- Installing: /home/zeus/ros2_ws/src/install/yolov8_msgs/share/yolov8_msgs/cmake/yolov8_msgs__rosidl_typesupport_introspection_cppExport-noconfig.cmake
[4.555s] -- Installing: /home/zeus/ros2_ws/src/install/yolov8_msgs/share/yolov8_msgs/cmake/yolov8_msgs__rosidl_typesupport_cppExport.cmake
[4.555s] -- Installing: /home/zeus/ros2_ws/src/install/yolov8_msgs/share/yolov8_msgs/cmake/yolov8_msgs__rosidl_typesupport_cppExport-noconfig.cmake
[4.555s] -- Installing: /home/zeus/ros2_ws/src/install/yolov8_msgs/share/yolov8_msgs/cmake/export_yolov8_msgs__rosidl_generator_pyExport.cmake
[4.556s] -- Installing: /home/zeus/ros2_ws/src/install/yolov8_msgs/share/yolov8_msgs/cmake/export_yolov8_msgs__rosidl_generator_pyExport-noconfig.cmake
[4.556s] -- Installing: /home/zeus/ros2_ws/src/install/yolov8_msgs/share/yolov8_msgs/cmake/rosidl_cmake-extras.cmake
[4.556s] -- Installing: /home/zeus/ros2_ws/src/install/yolov8_msgs/share/yolov8_msgs/cmake/ament_cmake_export_dependencies-extras.cmake
[4.556s] -- Installing: /home/zeus/ros2_ws/src/install/yolov8_msgs/share/yolov8_msgs/cmake/ament_cmake_export_include_directories-extras.cmake
[4.556s] -- Installing: /home/zeus/ros2_ws/src/install/yolov8_msgs/share/yolov8_msgs/cmake/ament_cmake_export_libraries-extras.cmake
[4.556s] -- Installing: /home/zeus/ros2_ws/src/install/yolov8_msgs/share/yolov8_msgs/cmake/ament_cmake_export_targets-extras.cmake
[4.556s] -- Installing: /home/zeus/ros2_ws/src/install/yolov8_msgs/share/yolov8_msgs/cmake/rosidl_cmake_export_typesupport_targets-extras.cmake
[4.556s] -- Installing: /home/zeus/ros2_ws/src/install/yolov8_msgs/share/yolov8_msgs/cmake/rosidl_cmake_export_typesupport_libraries-extras.cmake
[4.557s] -- Installing: /home/zeus/ros2_ws/src/install/yolov8_msgs/share/yolov8_msgs/cmake/yolov8_msgsConfig.cmake
[4.557s] -- Installing: /home/zeus/ros2_ws/src/install/yolov8_msgs/share/yolov8_msgs/cmake/yolov8_msgsConfig-version.cmake
[4.557s] -- Installing: /home/zeus/ros2_ws/src/install/yolov8_msgs/share/yolov8_msgs/package.xml
[4.559s] Invoked command in '/home/zeus/ros2_ws/src/build/yolov8_msgs' returned '0': CMAKE_PREFIX_PATH=/home/zeus/ros2_ws/install/yolov8_msgs:/home/zeus/ros2_ws/install/my_robot_yolo:/opt/ros/iron /usr/bin/cmake --install /home/zeus/ros2_ws/src/build/yolov8_msgs
