[  2%] Built target yolov8_msgs__rosidl_generator_type_description
[  2%] Built target ament_cmake_python_copy_yolov8_msgs
[  4%] Built target yolov8_msgs__cpp
[ 22%] Built target yolov8_msgs__rosidl_generator_c
[ 40%] Built target yolov8_msgs__rosidl_typesupport_fastrtps_cpp
[ 40%] Built target yolov8_msgs__rosidl_typesupport_cpp
[ 50%] Built target yolov8_msgs__rosidl_typesupport_c
[ 59%] Built target yolov8_msgs__rosidl_typesupport_fastrtps_c
[ 68%] Built target yolov8_msgs__rosidl_typesupport_introspection_c
[ 77%] Built target yolov8_msgs__rosidl_typesupport_introspection_cpp
[ 77%] Built target yolov8_msgs
[ 79%] Built target yolov8_msgs__py
[ 86%] Built target yolov8_msgs__rosidl_generator_py
[ 95%] Built target yolov8_msgs__rosidl_typesupport_fastrtps_c__pyext
[ 95%] Built target yolov8_msgs__rosidl_typesupport_introspection_c__pyext
[100%] Built target yolov8_msgs__rosidl_typesupport_c__pyext
running egg_info
writing yolov8_msgs.egg-info/PKG-INFO
writing dependency_links to yolov8_msgs.egg-info/dependency_links.txt
writing top-level names to yolov8_msgs.egg-info/top_level.txt
reading manifest file 'yolov8_msgs.egg-info/SOURCES.txt'
writing manifest file 'yolov8_msgs.egg-info/SOURCES.txt'
[100%] Built target ament_cmake_python_build_yolov8_msgs_egg
-- Install configuration: ""
-- Up-to-date: /home/zeus/ros2_ws/install/yolov8_msgs/share/ament_index/resource_index/rosidl_interfaces/yolov8_msgs
-- Up-to-date: /home/zeus/ros2_ws/install/yolov8_msgs/share/yolov8_msgs/msg/InferenceResult.json
-- Up-to-date: /home/zeus/ros2_ws/install/yolov8_msgs/share/yolov8_msgs/msg/Yolov8Inference.json
-- Up-to-date: /home/zeus/ros2_ws/install/yolov8_msgs/include/yolov8_msgs/yolov8_msgs
-- Up-to-date: /home/zeus/ros2_ws/install/yolov8_msgs/include/yolov8_msgs/yolov8_msgs/msg
-- Up-to-date: /home/zeus/ros2_ws/install/yolov8_msgs/include/yolov8_msgs/yolov8_msgs/msg/detail
-- Up-to-date: /home/zeus/ros2_ws/install/yolov8_msgs/include/yolov8_msgs/yolov8_msgs/msg/detail/inference_result__functions.h
-- Up-to-date: /home/zeus/ros2_ws/install/yolov8_msgs/include/yolov8_msgs/yolov8_msgs/msg/detail/yolov8_inference__struct.h
-- Up-to-date: /home/zeus/ros2_ws/install/yolov8_msgs/include/yolov8_msgs/yolov8_msgs/msg/detail/inference_result__struct.h
-- Up-to-date: /home/zeus/ros2_ws/install/yolov8_msgs/include/yolov8_msgs/yolov8_msgs/msg/detail/inference_result__type_support.h
-- Up-to-date: /home/zeus/ros2_ws/install/yolov8_msgs/include/yolov8_msgs/yolov8_msgs/msg/detail/yolov8_inference__type_support.h
-- Up-to-date: /home/zeus/ros2_ws/install/yolov8_msgs/include/yolov8_msgs/yolov8_msgs/msg/detail/yolov8_inference__type_support.c
-- Up-to-date: /home/zeus/ros2_ws/install/yolov8_msgs/include/yolov8_msgs/yolov8_msgs/msg/detail/yolov8_inference__functions.h
-- Up-to-date: /home/zeus/ros2_ws/install/yolov8_msgs/include/yolov8_msgs/yolov8_msgs/msg/detail/yolov8_inference__description.c
-- Up-to-date: /home/zeus/ros2_ws/install/yolov8_msgs/include/yolov8_msgs/yolov8_msgs/msg/detail/inference_result__functions.c
-- Up-to-date: /home/zeus/ros2_ws/install/yolov8_msgs/include/yolov8_msgs/yolov8_msgs/msg/detail/inference_result__description.c
-- Up-to-date: /home/zeus/ros2_ws/install/yolov8_msgs/include/yolov8_msgs/yolov8_msgs/msg/detail/inference_result__type_support.c
-- Up-to-date: /home/zeus/ros2_ws/install/yolov8_msgs/include/yolov8_msgs/yolov8_msgs/msg/detail/yolov8_inference__functions.c
-- Up-to-date: /home/zeus/ros2_ws/install/yolov8_msgs/include/yolov8_msgs/yolov8_msgs/msg/yolov8_inference.h
-- Up-to-date: /home/zeus/ros2_ws/install/yolov8_msgs/include/yolov8_msgs/yolov8_msgs/msg/rosidl_generator_c__visibility_control.h
-- Up-to-date: /home/zeus/ros2_ws/install/yolov8_msgs/include/yolov8_msgs/yolov8_msgs/msg/inference_result.h
-- Up-to-date: /home/zeus/ros2_ws/install/yolov8_msgs/share/yolov8_msgs/environment/library_path.sh
-- Up-to-date: /home/zeus/ros2_ws/install/yolov8_msgs/share/yolov8_msgs/environment/library_path.dsv
-- Up-to-date: /home/zeus/ros2_ws/install/yolov8_msgs/lib/libyolov8_msgs__rosidl_generator_c.so
-- Up-to-date: /home/zeus/ros2_ws/install/yolov8_msgs/include/yolov8_msgs/yolov8_msgs
-- Up-to-date: /home/zeus/ros2_ws/install/yolov8_msgs/include/yolov8_msgs/yolov8_msgs/msg
-- Up-to-date: /home/zeus/ros2_ws/install/yolov8_msgs/include/yolov8_msgs/yolov8_msgs/msg/detail
-- Up-to-date: /home/zeus/ros2_ws/install/yolov8_msgs/include/yolov8_msgs/yolov8_msgs/msg/detail/yolov8_inference__rosidl_typesupport_fastrtps_c.h
-- Up-to-date: /home/zeus/ros2_ws/install/yolov8_msgs/include/yolov8_msgs/yolov8_msgs/msg/detail/inference_result__rosidl_typesupport_fastrtps_c.h
-- Up-to-date: /home/zeus/ros2_ws/install/yolov8_msgs/include/yolov8_msgs/yolov8_msgs/msg/rosidl_typesupport_fastrtps_c__visibility_control.h
-- Up-to-date: /home/zeus/ros2_ws/install/yolov8_msgs/lib/libyolov8_msgs__rosidl_typesupport_fastrtps_c.so
-- Up-to-date: /home/zeus/ros2_ws/install/yolov8_msgs/include/yolov8_msgs/yolov8_msgs
-- Up-to-date: /home/zeus/ros2_ws/install/yolov8_msgs/include/yolov8_msgs/yolov8_msgs/msg
-- Up-to-date: /home/zeus/ros2_ws/install/yolov8_msgs/include/yolov8_msgs/yolov8_msgs/msg/detail
-- Up-to-date: /home/zeus/ros2_ws/install/yolov8_msgs/include/yolov8_msgs/yolov8_msgs/msg/detail/yolov8_inference__traits.hpp
-- Up-to-date: /home/zeus/ros2_ws/install/yolov8_msgs/include/yolov8_msgs/yolov8_msgs/msg/detail/inference_result__struct.hpp
-- Up-to-date: /home/zeus/ros2_ws/install/yolov8_msgs/include/yolov8_msgs/yolov8_msgs/msg/detail/yolov8_inference__builder.hpp
-- Up-to-date: /home/zeus/ros2_ws/install/yolov8_msgs/include/yolov8_msgs/yolov8_msgs/msg/detail/inference_result__traits.hpp
-- Up-to-date: /home/zeus/ros2_ws/install/yolov8_msgs/include/yolov8_msgs/yolov8_msgs/msg/detail/inference_result__builder.hpp
-- Up-to-date: /home/zeus/ros2_ws/install/yolov8_msgs/include/yolov8_msgs/yolov8_msgs/msg/detail/yolov8_inference__struct.hpp
-- Up-to-date: /home/zeus/ros2_ws/install/yolov8_msgs/include/yolov8_msgs/yolov8_msgs/msg/yolov8_inference.hpp
-- Up-to-date: /home/zeus/ros2_ws/install/yolov8_msgs/include/yolov8_msgs/yolov8_msgs/msg/inference_result.hpp
-- Up-to-date: /home/zeus/ros2_ws/install/yolov8_msgs/include/yolov8_msgs/yolov8_msgs
-- Up-to-date: /home/zeus/ros2_ws/install/yolov8_msgs/include/yolov8_msgs/yolov8_msgs/msg
-- Up-to-date: /home/zeus/ros2_ws/install/yolov8_msgs/include/yolov8_msgs/yolov8_msgs/msg/detail
-- Up-to-date: /home/zeus/ros2_ws/install/yolov8_msgs/include/yolov8_msgs/yolov8_msgs/msg/detail/yolov8_inference__rosidl_typesupport_fastrtps_cpp.hpp
-- Up-to-date: /home/zeus/ros2_ws/install/yolov8_msgs/include/yolov8_msgs/yolov8_msgs/msg/detail/inference_result__rosidl_typesupport_fastrtps_cpp.hpp
-- Up-to-date: /home/zeus/ros2_ws/install/yolov8_msgs/include/yolov8_msgs/yolov8_msgs/msg/detail/dds_fastrtps
-- Up-to-date: /home/zeus/ros2_ws/install/yolov8_msgs/include/yolov8_msgs/yolov8_msgs/msg/rosidl_typesupport_fastrtps_cpp__visibility_control.h
-- Up-to-date: /home/zeus/ros2_ws/install/yolov8_msgs/lib/libyolov8_msgs__rosidl_typesupport_fastrtps_cpp.so
-- Up-to-date: /home/zeus/ros2_ws/install/yolov8_msgs/include/yolov8_msgs/yolov8_msgs
-- Up-to-date: /home/zeus/ros2_ws/install/yolov8_msgs/include/yolov8_msgs/yolov8_msgs/msg
-- Up-to-date: /home/zeus/ros2_ws/install/yolov8_msgs/include/yolov8_msgs/yolov8_msgs/msg/rosidl_typesupport_introspection_c__visibility_control.h
-- Up-to-date: /home/zeus/ros2_ws/install/yolov8_msgs/include/yolov8_msgs/yolov8_msgs/msg/detail
-- Up-to-date: /home/zeus/ros2_ws/install/yolov8_msgs/include/yolov8_msgs/yolov8_msgs/msg/detail/inference_result__rosidl_typesupport_introspection_c.h
-- Up-to-date: /home/zeus/ros2_ws/install/yolov8_msgs/include/yolov8_msgs/yolov8_msgs/msg/detail/yolov8_inference__type_support.c
-- Up-to-date: /home/zeus/ros2_ws/install/yolov8_msgs/include/yolov8_msgs/yolov8_msgs/msg/detail/yolov8_inference__rosidl_typesupport_introspection_c.h
-- Up-to-date: /home/zeus/ros2_ws/install/yolov8_msgs/include/yolov8_msgs/yolov8_msgs/msg/detail/inference_result__type_support.c
-- Up-to-date: /home/zeus/ros2_ws/install/yolov8_msgs/lib/libyolov8_msgs__rosidl_typesupport_introspection_c.so
-- Up-to-date: /home/zeus/ros2_ws/install/yolov8_msgs/lib/libyolov8_msgs__rosidl_typesupport_c.so
-- Up-to-date: /home/zeus/ros2_ws/install/yolov8_msgs/include/yolov8_msgs/yolov8_msgs
-- Up-to-date: /home/zeus/ros2_ws/install/yolov8_msgs/include/yolov8_msgs/yolov8_msgs/msg
-- Up-to-date: /home/zeus/ros2_ws/install/yolov8_msgs/include/yolov8_msgs/yolov8_msgs/msg/detail
-- Up-to-date: /home/zeus/ros2_ws/install/yolov8_msgs/include/yolov8_msgs/yolov8_msgs/msg/detail/yolov8_inference__type_support.cpp
-- Up-to-date: /home/zeus/ros2_ws/install/yolov8_msgs/include/yolov8_msgs/yolov8_msgs/msg/detail/inference_result__type_support.cpp
-- Up-to-date: /home/zeus/ros2_ws/install/yolov8_msgs/include/yolov8_msgs/yolov8_msgs/msg/detail/yolov8_inference__rosidl_typesupport_introspection_cpp.hpp
-- Up-to-date: /home/zeus/ros2_ws/install/yolov8_msgs/include/yolov8_msgs/yolov8_msgs/msg/detail/inference_result__rosidl_typesupport_introspection_cpp.hpp
-- Up-to-date: /home/zeus/ros2_ws/install/yolov8_msgs/lib/libyolov8_msgs__rosidl_typesupport_introspection_cpp.so
-- Up-to-date: /home/zeus/ros2_ws/install/yolov8_msgs/lib/libyolov8_msgs__rosidl_typesupport_cpp.so
-- Up-to-date: /home/zeus/ros2_ws/install/yolov8_msgs/share/yolov8_msgs/environment/pythonpath.sh
-- Up-to-date: /home/zeus/ros2_ws/install/yolov8_msgs/share/yolov8_msgs/environment/pythonpath.dsv
-- Up-to-date: /home/zeus/ros2_ws/install/yolov8_msgs/lib/python3.10/site-packages/yolov8_msgs-1.0.0-py3.10.egg-info
-- Installing: /home/zeus/ros2_ws/install/yolov8_msgs/lib/python3.10/site-packages/yolov8_msgs-1.0.0-py3.10.egg-info/PKG-INFO
-- Installing: /home/zeus/ros2_ws/install/yolov8_msgs/lib/python3.10/site-packages/yolov8_msgs-1.0.0-py3.10.egg-info/dependency_links.txt
-- Installing: /home/zeus/ros2_ws/install/yolov8_msgs/lib/python3.10/site-packages/yolov8_msgs-1.0.0-py3.10.egg-info/top_level.txt
-- Installing: /home/zeus/ros2_ws/install/yolov8_msgs/lib/python3.10/site-packages/yolov8_msgs-1.0.0-py3.10.egg-info/SOURCES.txt
-- Up-to-date: /home/zeus/ros2_ws/install/yolov8_msgs/lib/python3.10/site-packages/yolov8_msgs
-- Up-to-date: /home/zeus/ros2_ws/install/yolov8_msgs/lib/python3.10/site-packages/yolov8_msgs/__init__.py
-- Up-to-date: /home/zeus/ros2_ws/install/yolov8_msgs/lib/python3.10/site-packages/yolov8_msgs/yolov8_msgs_s__rosidl_typesupport_introspection_c.cpython-310-x86_64-linux-gnu.so
-- Up-to-date: /home/zeus/ros2_ws/install/yolov8_msgs/lib/python3.10/site-packages/yolov8_msgs/yolov8_msgs_s__rosidl_typesupport_fastrtps_c.cpython-310-x86_64-linux-gnu.so
-- Up-to-date: /home/zeus/ros2_ws/install/yolov8_msgs/lib/python3.10/site-packages/yolov8_msgs/libyolov8_msgs__rosidl_generator_py.so
-- Up-to-date: /home/zeus/ros2_ws/install/yolov8_msgs/lib/python3.10/site-packages/yolov8_msgs/_yolov8_msgs_s.ep.rosidl_typesupport_fastrtps_c.c
-- Up-to-date: /home/zeus/ros2_ws/install/yolov8_msgs/lib/python3.10/site-packages/yolov8_msgs/_yolov8_msgs_s.ep.rosidl_typesupport_c.c
-- Up-to-date: /home/zeus/ros2_ws/install/yolov8_msgs/lib/python3.10/site-packages/yolov8_msgs/_yolov8_msgs_s.ep.rosidl_typesupport_introspection_c.c
-- Up-to-date: /home/zeus/ros2_ws/install/yolov8_msgs/lib/python3.10/site-packages/yolov8_msgs/yolov8_msgs_s__rosidl_typesupport_c.cpython-310-x86_64-linux-gnu.so
-- Up-to-date: /home/zeus/ros2_ws/install/yolov8_msgs/lib/python3.10/site-packages/yolov8_msgs/msg
-- Up-to-date: /home/zeus/ros2_ws/install/yolov8_msgs/lib/python3.10/site-packages/yolov8_msgs/msg/_yolov8_inference.py
-- Up-to-date: /home/zeus/ros2_ws/install/yolov8_msgs/lib/python3.10/site-packages/yolov8_msgs/msg/__init__.py
-- Up-to-date: /home/zeus/ros2_ws/install/yolov8_msgs/lib/python3.10/site-packages/yolov8_msgs/msg/_yolov8_inference_s.c
-- Up-to-date: /home/zeus/ros2_ws/install/yolov8_msgs/lib/python3.10/site-packages/yolov8_msgs/msg/_inference_result.py
-- Up-to-date: /home/zeus/ros2_ws/install/yolov8_msgs/lib/python3.10/site-packages/yolov8_msgs/msg/_inference_result_s.c
Listing '/home/zeus/ros2_ws/install/yolov8_msgs/lib/python3.10/site-packages/yolov8_msgs'...
Listing '/home/zeus/ros2_ws/install/yolov8_msgs/lib/python3.10/site-packages/yolov8_msgs/msg'...
-- Up-to-date: /home/zeus/ros2_ws/install/yolov8_msgs/lib/python3.10/site-packages/yolov8_msgs/yolov8_msgs_s__rosidl_typesupport_fastrtps_c.cpython-310-x86_64-linux-gnu.so
-- Up-to-date: /home/zeus/ros2_ws/install/yolov8_msgs/lib/python3.10/site-packages/yolov8_msgs/yolov8_msgs_s__rosidl_typesupport_introspection_c.cpython-310-x86_64-linux-gnu.so
-- Up-to-date: /home/zeus/ros2_ws/install/yolov8_msgs/lib/python3.10/site-packages/yolov8_msgs/yolov8_msgs_s__rosidl_typesupport_c.cpython-310-x86_64-linux-gnu.so
-- Up-to-date: /home/zeus/ros2_ws/install/yolov8_msgs/lib/libyolov8_msgs__rosidl_generator_py.so
-- Up-to-date: /home/zeus/ros2_ws/install/yolov8_msgs/share/yolov8_msgs/msg/InferenceResult.idl
-- Up-to-date: /home/zeus/ros2_ws/install/yolov8_msgs/share/yolov8_msgs/msg/Yolov8Inference.idl
-- Up-to-date: /home/zeus/ros2_ws/install/yolov8_msgs/share/yolov8_msgs/msg/InferenceResult.msg
-- Up-to-date: /home/zeus/ros2_ws/install/yolov8_msgs/share/yolov8_msgs/msg/Yolov8Inference.msg
-- Up-to-date: /home/zeus/ros2_ws/install/yolov8_msgs/share/ament_index/resource_index/package_run_dependencies/yolov8_msgs
-- Up-to-date: /home/zeus/ros2_ws/install/yolov8_msgs/share/ament_index/resource_index/parent_prefix_path/yolov8_msgs
-- Up-to-date: /home/zeus/ros2_ws/install/yolov8_msgs/share/yolov8_msgs/environment/ament_prefix_path.sh
-- Up-to-date: /home/zeus/ros2_ws/install/yolov8_msgs/share/yolov8_msgs/environment/ament_prefix_path.dsv
-- Up-to-date: /home/zeus/ros2_ws/install/yolov8_msgs/share/yolov8_msgs/environment/path.sh
-- Up-to-date: /home/zeus/ros2_ws/install/yolov8_msgs/share/yolov8_msgs/environment/path.dsv
-- Up-to-date: /home/zeus/ros2_ws/install/yolov8_msgs/share/yolov8_msgs/local_setup.bash
-- Up-to-date: /home/zeus/ros2_ws/install/yolov8_msgs/share/yolov8_msgs/local_setup.sh
-- Up-to-date: /home/zeus/ros2_ws/install/yolov8_msgs/share/yolov8_msgs/local_setup.zsh
-- Up-to-date: /home/zeus/ros2_ws/install/yolov8_msgs/share/yolov8_msgs/local_setup.dsv
-- Installing: /home/zeus/ros2_ws/install/yolov8_msgs/share/yolov8_msgs/package.dsv
-- Up-to-date: /home/zeus/ros2_ws/install/yolov8_msgs/share/ament_index/resource_index/packages/yolov8_msgs
-- Up-to-date: /home/zeus/ros2_ws/install/yolov8_msgs/share/yolov8_msgs/cmake/export_yolov8_msgs__rosidl_generator_cExport.cmake
-- Up-to-date: /home/zeus/ros2_ws/install/yolov8_msgs/share/yolov8_msgs/cmake/export_yolov8_msgs__rosidl_generator_cExport-noconfig.cmake
-- Up-to-date: /home/zeus/ros2_ws/install/yolov8_msgs/share/yolov8_msgs/cmake/export_yolov8_msgs__rosidl_typesupport_fastrtps_cExport.cmake
-- Up-to-date: /home/zeus/ros2_ws/install/yolov8_msgs/share/yolov8_msgs/cmake/export_yolov8_msgs__rosidl_typesupport_fastrtps_cExport-noconfig.cmake
-- Up-to-date: /home/zeus/ros2_ws/install/yolov8_msgs/share/yolov8_msgs/cmake/export_yolov8_msgs__rosidl_generator_cppExport.cmake
-- Up-to-date: /home/zeus/ros2_ws/install/yolov8_msgs/share/yolov8_msgs/cmake/export_yolov8_msgs__rosidl_typesupport_fastrtps_cppExport.cmake
-- Up-to-date: /home/zeus/ros2_ws/install/yolov8_msgs/share/yolov8_msgs/cmake/export_yolov8_msgs__rosidl_typesupport_fastrtps_cppExport-noconfig.cmake
-- Up-to-date: /home/zeus/ros2_ws/install/yolov8_msgs/share/yolov8_msgs/cmake/yolov8_msgs__rosidl_typesupport_introspection_cExport.cmake
-- Up-to-date: /home/zeus/ros2_ws/install/yolov8_msgs/share/yolov8_msgs/cmake/yolov8_msgs__rosidl_typesupport_introspection_cExport-noconfig.cmake
-- Up-to-date: /home/zeus/ros2_ws/install/yolov8_msgs/share/yolov8_msgs/cmake/yolov8_msgs__rosidl_typesupport_cExport.cmake
-- Up-to-date: /home/zeus/ros2_ws/install/yolov8_msgs/share/yolov8_msgs/cmake/yolov8_msgs__rosidl_typesupport_cExport-noconfig.cmake
-- Up-to-date: /home/zeus/ros2_ws/install/yolov8_msgs/share/yolov8_msgs/cmake/yolov8_msgs__rosidl_typesupport_introspection_cppExport.cmake
-- Up-to-date: /home/zeus/ros2_ws/install/yolov8_msgs/share/yolov8_msgs/cmake/yolov8_msgs__rosidl_typesupport_introspection_cppExport-noconfig.cmake
-- Up-to-date: /home/zeus/ros2_ws/install/yolov8_msgs/share/yolov8_msgs/cmake/yolov8_msgs__rosidl_typesupport_cppExport.cmake
-- Up-to-date: /home/zeus/ros2_ws/install/yolov8_msgs/share/yolov8_msgs/cmake/yolov8_msgs__rosidl_typesupport_cppExport-noconfig.cmake
-- Up-to-date: /home/zeus/ros2_ws/install/yolov8_msgs/share/yolov8_msgs/cmake/export_yolov8_msgs__rosidl_generator_pyExport.cmake
-- Up-to-date: /home/zeus/ros2_ws/install/yolov8_msgs/share/yolov8_msgs/cmake/export_yolov8_msgs__rosidl_generator_pyExport-noconfig.cmake
-- Up-to-date: /home/zeus/ros2_ws/install/yolov8_msgs/share/yolov8_msgs/cmake/rosidl_cmake-extras.cmake
-- Up-to-date: /home/zeus/ros2_ws/install/yolov8_msgs/share/yolov8_msgs/cmake/ament_cmake_export_dependencies-extras.cmake
-- Up-to-date: /home/zeus/ros2_ws/install/yolov8_msgs/share/yolov8_msgs/cmake/ament_cmake_export_include_directories-extras.cmake
-- Up-to-date: /home/zeus/ros2_ws/install/yolov8_msgs/share/yolov8_msgs/cmake/ament_cmake_export_libraries-extras.cmake
-- Up-to-date: /home/zeus/ros2_ws/install/yolov8_msgs/share/yolov8_msgs/cmake/ament_cmake_export_targets-extras.cmake
-- Up-to-date: /home/zeus/ros2_ws/install/yolov8_msgs/share/yolov8_msgs/cmake/rosidl_cmake_export_typesupport_targets-extras.cmake
-- Up-to-date: /home/zeus/ros2_ws/install/yolov8_msgs/share/yolov8_msgs/cmake/rosidl_cmake_export_typesupport_libraries-extras.cmake
-- Up-to-date: /home/zeus/ros2_ws/install/yolov8_msgs/share/yolov8_msgs/cmake/yolov8_msgsConfig.cmake
-- Up-to-date: /home/zeus/ros2_ws/install/yolov8_msgs/share/yolov8_msgs/cmake/yolov8_msgsConfig-version.cmake
-- Up-to-date: /home/zeus/ros2_ws/install/yolov8_msgs/share/yolov8_msgs/package.xml
