[0.984s] Invoking command in '/home/zeus/ros2_ws/src/my_robot_yolo': PYTHONPATH=/home/zeus/ros2_ws/build/my_robot_yolo/prefix_override:/usr/lib/python3/dist-packages/colcon_core/task/python/colcon_distutils_commands:/home/zeus/ros2_ws/install/my_robot_yolo/lib/python3.10/site-packages:${PYTHONPATH} /usr/bin/python3 -W ignore:setup.py install is deprecated setup.py egg_info --egg-base ../../build/my_robot_yolo build --build-base /home/zeus/ros2_ws/build/my_robot_yolo/build install --record /home/zeus/ros2_ws/build/my_robot_yolo/install.log --single-version-externally-managed install_data
[1.370s] running egg_info
[1.371s] writing ../../build/my_robot_yolo/my_robot_yolo.egg-info/PKG-INFO
[1.371s] writing dependency_links to ../../build/my_robot_yolo/my_robot_yolo.egg-info/dependency_links.txt
[1.372s] writing entry points to ../../build/my_robot_yolo/my_robot_yolo.egg-info/entry_points.txt
[1.372s] writing requirements to ../../build/my_robot_yolo/my_robot_yolo.egg-info/requires.txt
[1.372s] writing top-level names to ../../build/my_robot_yolo/my_robot_yolo.egg-info/top_level.txt
[1.375s] reading manifest file '../../build/my_robot_yolo/my_robot_yolo.egg-info/SOURCES.txt'
[1.376s] writing manifest file '../../build/my_robot_yolo/my_robot_yolo.egg-info/SOURCES.txt'
[1.376s] running build
[1.376s] running build_py
[1.377s] copying my_robot_yolo/debug_no.py -> /home/zeus/ros2_ws/build/my_robot_yolo/build/lib/my_robot_yolo
[1.377s] running install
[1.377s] running install_lib
[1.379s] copying /home/zeus/ros2_ws/build/my_robot_yolo/build/lib/my_robot_yolo/debug_no.py -> /home/zeus/ros2_ws/install/my_robot_yolo/lib/python3.10/site-packages/my_robot_yolo
[1.380s] byte-compiling /home/zeus/ros2_ws/install/my_robot_yolo/lib/python3.10/site-packages/my_robot_yolo/debug_no.py to debug_no.cpython-310.pyc
[1.381s] running install_data
[1.381s] running install_egg_info
[1.383s] removing '/home/zeus/ros2_ws/install/my_robot_yolo/lib/python3.10/site-packages/my_robot_yolo-0.0.0-py3.10.egg-info' (and everything under it)
[1.384s] Copying ../../build/my_robot_yolo/my_robot_yolo.egg-info to /home/zeus/ros2_ws/install/my_robot_yolo/lib/python3.10/site-packages/my_robot_yolo-0.0.0-py3.10.egg-info
[1.385s] running install_scripts
[1.415s] Installing camera_no script to /home/zeus/ros2_ws/install/my_robot_yolo/lib/my_robot_yolo
[1.416s] Installing debug_no script to /home/zeus/ros2_ws/install/my_robot_yolo/lib/my_robot_yolo
[1.416s] Installing yolov8_apont script to /home/zeus/ros2_ws/install/my_robot_yolo/lib/my_robot_yolo
[1.417s] Installing yolov8_no script to /home/zeus/ros2_ws/install/my_robot_yolo/lib/my_robot_yolo
[1.417s] writing list of installed files to '/home/zeus/ros2_ws/build/my_robot_yolo/install.log'
[1.446s] Invoked command in '/home/zeus/ros2_ws/src/my_robot_yolo' returned '0': PYTHONPATH=/home/zeus/ros2_ws/build/my_robot_yolo/prefix_override:/usr/lib/python3/dist-packages/colcon_core/task/python/colcon_distutils_commands:/home/zeus/ros2_ws/install/my_robot_yolo/lib/python3.10/site-packages:${PYTHONPATH} /usr/bin/python3 -W ignore:setup.py install is deprecated setup.py egg_info --egg-base ../../build/my_robot_yolo build --build-base /home/zeus/ros2_ws/build/my_robot_yolo/build install --record /home/zeus/ros2_ws/build/my_robot_yolo/install.log --single-version-externally-managed install_data
